17:36:17 **** Build of configuration Debug for project CLICK_MODE ****
make -j16 all 
arm-none-eabi-gcc -mcpu=cortex-m3 -g3 -c -x assembler-with-cpp -MMD -MP -MF"Startup/startup_stm32f103c8tx.d" -MT"Startup/startup_stm32f103c8tx.o" --specs=nano.specs -mfloat-abi=soft -mthumb -o "Startup/startup_stm32f103c8tx.o" "../Startup/startup_stm32f103c8tx.s"
arm-none-eabi-gcc "../Src/EEPROM.c" -mcpu=cortex-m3 -std=gnu11 -g3 -DSTM32 -DSTM32F1 -DSTM32F103C8Tx -DDEBUG -c -I../Inc -O0 -ffunction-sections -fdata-sections -Wall -fstack-usage -MMD -MP -MF"Src/EEPROM.d" -MT"Src/EEPROM.o" --specs=nano.specs -mfloat-abi=soft -mthumb -o "Src/EEPROM.o"
arm-none-eabi-gcc "../Src/FIFO.c" -mcpu=cortex-m3 -std=gnu11 -g3 -DSTM32 -DSTM32F1 -DSTM32F103C8Tx -DDEBUG -c -I../Inc -O0 -ffunction-sections -fdata-sections -Wall -fstack-usage -MMD -MP -MF"Src/FIFO.d" -MT"Src/FIFO.o" --specs=nano.specs -mfloat-abi=soft -mthumb -o "Src/FIFO.o"
arm-none-eabi-gcc "../Src/GPIO_DRIVER.c" -mcpu=cortex-m3 -std=gnu11 -g3 -DSTM32 -DSTM32F1 -DSTM32F103C8Tx -DDEBUG -c -I../Inc -O0 -ffunction-sections -fdata-sections -Wall -fstack-usage -MMD -MP -MF"Src/GPIO_DRIVER.d" -MT"Src/GPIO_DRIVER.o" --specs=nano.specs -mfloat-abi=soft -mthumb -o "Src/GPIO_DRIVER.o"
arm-none-eabi-gcc "../Src/I2C_LCD.c" -mcpu=cortex-m3 -std=gnu11 -g3 -DSTM32 -DSTM32F1 -DSTM32F103C8Tx -DDEBUG -c -I../Inc -O0 -ffunction-sections -fdata-sections -Wall -fstack-usage -MMD -MP -MF"Src/I2C_LCD.d" -MT"Src/I2C_LCD.o" --specs=nano.specs -mfloat-abi=soft -mthumb -o "Src/I2C_LCD.o"
arm-none-eabi-gcc "../Src/LCD.c" -mcpu=cortex-m3 -std=gnu11 -g3 -DSTM32 -DSTM32F1 -DSTM32F103C8Tx -DDEBUG -c -I../Inc -O0 -ffunction-sections -fdata-sections -Wall -fstack-usage -MMD -MP -MF"Src/LCD.d" -MT"Src/LCD.o" --specs=nano.specs -mfloat-abi=soft -mthumb -o "Src/LCD.o"
arm-none-eabi-gcc "../Src/LIFO.c" -mcpu=cortex-m3 -std=gnu11 -g3 -DSTM32 -DSTM32F1 -DSTM32F103C8Tx -DDEBUG -c -I../Inc -O0 -ffunction-sections -fdata-sections -Wall -fstack-usage -MMD -MP -MF"Src/LIFO.d" -MT"Src/LIFO.o" --specs=nano.specs -mfloat-abi=soft -mthumb -o "Src/LIFO.o"
arm-none-eabi-gcc "../Src/MPU6050.c" -mcpu=cortex-m3 -std=gnu11 -g3 -DSTM32 -DSTM32F1 -DSTM32F103C8Tx -DDEBUG -c -I../Inc -O0 -ffunction-sections -fdata-sections -Wall -fstack-usage -MMD -MP -MF"Src/MPU6050.d" -MT"Src/MPU6050.o" --specs=nano.specs -mfloat-abi=soft -mthumb -o "Src/MPU6050.o"
arm-none-eabi-gcc "../Src/STM32_I2C_DRIVER.c" -mcpu=cortex-m3 -std=gnu11 -g3 -DSTM32 -DSTM32F1 -DSTM32F103C8Tx -DDEBUG -c -I../Inc -O0 -ffunction-sections -fdata-sections -Wall -fstack-usage -MMD -MP -MF"Src/STM32_I2C_DRIVER.d" -MT"Src/STM32_I2C_DRIVER.o" --specs=nano.specs -mfloat-abi=soft -mthumb -o "Src/STM32_I2C_DRIVER.o"
arm-none-eabi-gcc "../Src/STM32_TIMERS_DRIVER.c" -mcpu=cortex-m3 -std=gnu11 -g3 -DSTM32 -DSTM32F1 -DSTM32F103C8Tx -DDEBUG -c -I../Inc -O0 -ffunction-sections -fdata-sections -Wall -fstack-usage -MMD -MP -MF"Src/STM32_TIMERS_DRIVER.d" -MT"Src/STM32_TIMERS_DRIVER.o" --specs=nano.specs -mfloat-abi=soft -mthumb -o "Src/STM32_TIMERS_DRIVER.o"
arm-none-eabi-gcc "../Src/keypad.c" -mcpu=cortex-m3 -std=gnu11 -g3 -DSTM32 -DSTM32F1 -DSTM32F103C8Tx -DDEBUG -c -I../Inc -O0 -ffunction-sections -fdata-sections -Wall -fstack-usage -MMD -MP -MF"Src/keypad.d" -MT"Src/keypad.o" --specs=nano.specs -mfloat-abi=soft -mthumb -o "Src/keypad.o"
arm-none-eabi-gcc "../Src/main.c" -mcpu=cortex-m3 -std=gnu11 -g3 -DSTM32 -DSTM32F1 -DSTM32F103C8Tx -DDEBUG -c -I../Inc -O0 -ffunction-sections -fdata-sections -Wall -fstack-usage -MMD -MP -MF"Src/main.d" -MT"Src/main.o" --specs=nano.specs -mfloat-abi=soft -mthumb -o "Src/main.o"
arm-none-eabi-gcc "../Src/stm32_speed_DRIVER.c" -mcpu=cortex-m3 -std=gnu11 -g3 -DSTM32 -DSTM32F1 -DSTM32F103C8Tx -DDEBUG -c -I../Inc -O0 -ffunction-sections -fdata-sections -Wall -fstack-usage -MMD -MP -MF"Src/stm32_speed_DRIVER.d" -MT"Src/stm32_speed_DRIVER.o" --specs=nano.specs -mfloat-abi=soft -mthumb -o "Src/stm32_speed_DRIVER.o"
arm-none-eabi-gcc "../Src/stm32f103c6_ADC.c" -mcpu=cortex-m3 -std=gnu11 -g3 -DSTM32 -DSTM32F1 -DSTM32F103C8Tx -DDEBUG -c -I../Inc -O0 -ffunction-sections -fdata-sections -Wall -fstack-usage -MMD -MP -MF"Src/stm32f103c6_ADC.d" -MT"Src/stm32f103c6_ADC.o" --specs=nano.specs -mfloat-abi=soft -mthumb -o "Src/stm32f103c6_ADC.o"
arm-none-eabi-gcc "../Src/stm32f103c6_ISR_DRIVER.c" -mcpu=cortex-m3 -std=gnu11 -g3 -DSTM32 -DSTM32F1 -DSTM32F103C8Tx -DDEBUG -c -I../Inc -O0 -ffunction-sections -fdata-sections -Wall -fstack-usage -MMD -MP -MF"Src/stm32f103c6_ISR_DRIVER.d" -MT"Src/stm32f103c6_ISR_DRIVER.o" --specs=nano.specs -mfloat-abi=soft -mthumb -o "Src/stm32f103c6_ISR_DRIVER.o"
arm-none-eabi-gcc "../Src/stm32f103c6_SPI_DRIVER.c" -mcpu=cortex-m3 -std=gnu11 -g3 -DSTM32 -DSTM32F1 -DSTM32F103C8Tx -DDEBUG -c -I../Inc -O0 -ffunction-sections -fdata-sections -Wall -fstack-usage -MMD -MP -MF"Src/stm32f103c6_SPI_DRIVER.d" -MT"Src/stm32f103c6_SPI_DRIVER.o" --specs=nano.specs -mfloat-abi=soft -mthumb -o "Src/stm32f103c6_SPI_DRIVER.o"
../Src/EEPROM.c:8:10: fatal error: EEPROM.h: No such file or directory
 #include "EEPROM.h"
          ^~~~~~~~~~
compilation terminated.
../Src/LCD.c:8:10: fatal error: LCD.h: No such file or directory
 #include "LCD.h"
          ^~~~~~~
compilation terminated.
../Src/I2C_LCD.c:8:10: fatal error: I2C_LCD.h: No such file or directory
 #include "I2C_LCD.h"
          ^~~~~~~~~~~
compilation terminated.
../Src/FIFO.c:7:10: fatal error: FIFO.h: No such file or directory
 #include "FIFO.h"
          ^~~~~~~~
compilation terminated.
../Src/LIFO.c:8:10: fatal error: LIFO.h: No such file or directory
 #include "LIFO.h"
          ^~~~~~~~
../Src/MPU6050.c:9:10: fatal error: MPU6050.h: No such file or directory
 #include "MPU6050.h"
          ^~~~~~~~~~~
compilation terminated.
compilation terminated.
../Src/GPIO_DRIVER.c:1:10: fatal error: STM32f103c6.h: No such file or directory
 #include "STM32f103c6.h"
          ^~~~~~~~~~~~~~~
compilation terminated.
make: *** [Src/subdir.mk:75: Src/I2C_LCD.o] Error 1
make: *** Waiting for unfinished jobs....
make: *** [Src/subdir.mk:81: Src/MPU6050.o] Error 1
make: *** [Src/subdir.mk:79: Src/LIFO.o] Error 1
make: *** [Src/subdir.mk:69: Src/EEPROM.o] Error 1
make: *** [Src/subdir.mk:71: Src/FIFO.o] Error 1
make: *** [Src/subdir.mk:77: Src/LCD.o] Error 1
make: *** [Src/subdir.mk:73: Src/GPIO_DRIVER.o] Error 1
../Src/STM32_I2C_DRIVER.c:9:10: fatal error: STM32_I2C_DRIVER.h: No such file or directory
 #include "STM32_I2C_DRIVER.h"
          ^~~~~~~~~~~~~~~~~~~~
compilation terminated.
../Src/stm32f103c6_ADC.c:8:10: fatal error: stm32f103c6_ADC.h: No such file or directory
 #include "stm32f103c6_ADC.h"
          ^~~~~~~~~~~~~~~~~~~
compilation terminated.
../Src/STM32_TIMERS_DRIVER.c:8:10: fatal error: STM32_TIMERS_DRIVER.h: No such file or directory
 #include "STM32_TIMERS_DRIVER.h"
          ^~~~~~~~~~~~~~~~~~~~~~~
compilation terminated.
../Src/keypad.c:2:10: fatal error: keypad.h: No such file or directory
 #include "keypad.h"
          ^~~~~~~~~~
compilation terminated.
make: *** [Src/subdir.mk:83: Src/STM32_I2C_DRIVER.o] Error 1
make: *** [Src/subdir.mk:93: Src/stm32f103c6_ADC.o] Error 1
make: *** [Src/subdir.mk:85: Src/STM32_TIMERS_DRIVER.o] Error 1
make: *** [Src/subdir.mk:87: Src/keypad.o] Error 1
../Src/stm32f103c6_ISR_DRIVER.c:8:10: fatal error: stm32f103c6_ISR_DRIVER.h: No such file or directory
 #include "stm32f103c6_ISR_DRIVER.h"
          ^~~~~~~~~~~~~~~~~~~~~~~~~~
compilation terminated.
make: *** [Src/subdir.mk:95: Src/stm32f103c6_ISR_DRIVER.o] Error 1
../Src/stm32_speed_DRIVER.c:8:10: fatal error: stm32_speed_DRIVER.h: No such file or directory
 #include "stm32_speed_DRIVER.h"
          ^~~~~~~~~~~~~~~~~~~~~~
compilation terminated.
../Src/stm32f103c6_SPI_DRIVER.c:7:10: fatal error: stm32f103c6_SPI_DRIVER.h: No such file or directory
 #include "stm32f103c6_SPI_DRIVER.h"
          ^~~~~~~~~~~~~~~~~~~~~~~~~~
compilation terminated.
make: *** [Src/subdir.mk:91: Src/stm32_speed_DRIVER.o] Error 1
make: *** [Src/subdir.mk:97: Src/stm32f103c6_SPI_DRIVER.o] Error 1
"make -j16 all" terminated with exit code 2. Build might be incomplete.
17:36:49 **** Incremental Build of configuration Debug for project CLICK_MODE ****
make -j16 all 
arm-none-eabi-gcc "../Src/EEPROM.c" -mcpu=cortex-m3 -std=gnu11 -g3 -DSTM32 -DSTM32F1 -DSTM32F103C8Tx -DDEBUG -c -I../Inc -I"C:/E/embedded/test/final simulation code for my assignments/Unit7_MCU_Essential_Peripherals_lesson1_GPIO/click_mode/CLICK_MODE/Src/inc" -O0 -ffunction-sections -fdata-sections -Wall -fstack-usage -MMD -MP -MF"Src/EEPROM.d" -MT"Src/EEPROM.o" --specs=nano.specs -mfloat-abi=soft -mthumb -o "Src/EEPROM.o"
arm-none-eabi-gcc "../Src/FIFO.c" -mcpu=cortex-m3 -std=gnu11 -g3 -DSTM32 -DSTM32F1 -DSTM32F103C8Tx -DDEBUG -c -I../Inc -I"C:/E/embedded/test/final simulation code for my assignments/Unit7_MCU_Essential_Peripherals_lesson1_GPIO/click_mode/CLICK_MODE/Src/inc" -O0 -ffunction-sections -fdata-sections -Wall -fstack-usage -MMD -MP -MF"Src/FIFO.d" -MT"Src/FIFO.o" --specs=nano.specs -mfloat-abi=soft -mthumb -o "Src/FIFO.o"
arm-none-eabi-gcc "../Src/GPIO_DRIVER.c" -mcpu=cortex-m3 -std=gnu11 -g3 -DSTM32 -DSTM32F1 -DSTM32F103C8Tx -DDEBUG -c -I../Inc -I"C:/E/embedded/test/final simulation code for my assignments/Unit7_MCU_Essential_Peripherals_lesson1_GPIO/click_mode/CLICK_MODE/Src/inc" -O0 -ffunction-sections -fdata-sections -Wall -fstack-usage -MMD -MP -MF"Src/GPIO_DRIVER.d" -MT"Src/GPIO_DRIVER.o" --specs=nano.specs -mfloat-abi=soft -mthumb -o "Src/GPIO_DRIVER.o"
arm-none-eabi-gcc "../Src/I2C_LCD.c" -mcpu=cortex-m3 -std=gnu11 -g3 -DSTM32 -DSTM32F1 -DSTM32F103C8Tx -DDEBUG -c -I../Inc -I"C:/E/embedded/test/final simulation code for my assignments/Unit7_MCU_Essential_Peripherals_lesson1_GPIO/click_mode/CLICK_MODE/Src/inc" -O0 -ffunction-sections -fdata-sections -Wall -fstack-usage -MMD -MP -MF"Src/I2C_LCD.d" -MT"Src/I2C_LCD.o" --specs=nano.specs -mfloat-abi=soft -mthumb -o "Src/I2C_LCD.o"
arm-none-eabi-gcc "../Src/LCD.c" -mcpu=cortex-m3 -std=gnu11 -g3 -DSTM32 -DSTM32F1 -DSTM32F103C8Tx -DDEBUG -c -I../Inc -I"C:/E/embedded/test/final simulation code for my assignments/Unit7_MCU_Essential_Peripherals_lesson1_GPIO/click_mode/CLICK_MODE/Src/inc" -O0 -ffunction-sections -fdata-sections -Wall -fstack-usage -MMD -MP -MF"Src/LCD.d" -MT"Src/LCD.o" --specs=nano.specs -mfloat-abi=soft -mthumb -o "Src/LCD.o"
arm-none-eabi-gcc "../Src/LIFO.c" -mcpu=cortex-m3 -std=gnu11 -g3 -DSTM32 -DSTM32F1 -DSTM32F103C8Tx -DDEBUG -c -I../Inc -I"C:/E/embedded/test/final simulation code for my assignments/Unit7_MCU_Essential_Peripherals_lesson1_GPIO/click_mode/CLICK_MODE/Src/inc" -O0 -ffunction-sections -fdata-sections -Wall -fstack-usage -MMD -MP -MF"Src/LIFO.d" -MT"Src/LIFO.o" --specs=nano.specs -mfloat-abi=soft -mthumb -o "Src/LIFO.o"
arm-none-eabi-gcc "../Src/MPU6050.c" -mcpu=cortex-m3 -std=gnu11 -g3 -DSTM32 -DSTM32F1 -DSTM32F103C8Tx -DDEBUG -c -I../Inc -I"C:/E/embedded/test/final simulation code for my assignments/Unit7_MCU_Essential_Peripherals_lesson1_GPIO/click_mode/CLICK_MODE/Src/inc" -O0 -ffunction-sections -fdata-sections -Wall -fstack-usage -MMD -MP -MF"Src/MPU6050.d" -MT"Src/MPU6050.o" --specs=nano.specs -mfloat-abi=soft -mthumb -o "Src/MPU6050.o"
arm-none-eabi-gcc "../Src/STM32_I2C_DRIVER.c" -mcpu=cortex-m3 -std=gnu11 -g3 -DSTM32 -DSTM32F1 -DSTM32F103C8Tx -DDEBUG -c -I../Inc -I"C:/E/embedded/test/final simulation code for my assignments/Unit7_MCU_Essential_Peripherals_lesson1_GPIO/click_mode/CLICK_MODE/Src/inc" -O0 -ffunction-sections -fdata-sections -Wall -fstack-usage -MMD -MP -MF"Src/STM32_I2C_DRIVER.d" -MT"Src/STM32_I2C_DRIVER.o" --specs=nano.specs -mfloat-abi=soft -mthumb -o "Src/STM32_I2C_DRIVER.o"
arm-none-eabi-gcc "../Src/STM32_TIMERS_DRIVER.c" -mcpu=cortex-m3 -std=gnu11 -g3 -DSTM32 -DSTM32F1 -DSTM32F103C8Tx -DDEBUG -c -I../Inc -I"C:/E/embedded/test/final simulation code for my assignments/Unit7_MCU_Essential_Peripherals_lesson1_GPIO/click_mode/CLICK_MODE/Src/inc" -O0 -ffunction-sections -fdata-sections -Wall -fstack-usage -MMD -MP -MF"Src/STM32_TIMERS_DRIVER.d" -MT"Src/STM32_TIMERS_DRIVER.o" --specs=nano.specs -mfloat-abi=soft -mthumb -o "Src/STM32_TIMERS_DRIVER.o"
arm-none-eabi-gcc "../Src/keypad.c" -mcpu=cortex-m3 -std=gnu11 -g3 -DSTM32 -DSTM32F1 -DSTM32F103C8Tx -DDEBUG -c -I../Inc -I"C:/E/embedded/test/final simulation code for my assignments/Unit7_MCU_Essential_Peripherals_lesson1_GPIO/click_mode/CLICK_MODE/Src/inc" -O0 -ffunction-sections -fdata-sections -Wall -fstack-usage -MMD -MP -MF"Src/keypad.d" -MT"Src/keypad.o" --specs=nano.specs -mfloat-abi=soft -mthumb -o "Src/keypad.o"
arm-none-eabi-gcc "../Src/main.c" -mcpu=cortex-m3 -std=gnu11 -g3 -DSTM32 -DSTM32F1 -DSTM32F103C8Tx -DDEBUG -c -I../Inc -I"C:/E/embedded/test/final simulation code for my assignments/Unit7_MCU_Essential_Peripherals_lesson1_GPIO/click_mode/CLICK_MODE/Src/inc" -O0 -ffunction-sections -fdata-sections -Wall -fstack-usage -MMD -MP -MF"Src/main.d" -MT"Src/main.o" --specs=nano.specs -mfloat-abi=soft -mthumb -o "Src/main.o"
arm-none-eabi-gcc "../Src/stm32_speed_DRIVER.c" -mcpu=cortex-m3 -std=gnu11 -g3 -DSTM32 -DSTM32F1 -DSTM32F103C8Tx -DDEBUG -c -I../Inc -I"C:/E/embedded/test/final simulation code for my assignments/Unit7_MCU_Essential_Peripherals_lesson1_GPIO/click_mode/CLICK_MODE/Src/inc" -O0 -ffunction-sections -fdata-sections -Wall -fstack-usage -MMD -MP -MF"Src/stm32_speed_DRIVER.d" -MT"Src/stm32_speed_DRIVER.o" --specs=nano.specs -mfloat-abi=soft -mthumb -o "Src/stm32_speed_DRIVER.o"
arm-none-eabi-gcc "../Src/stm32f103c6_ADC.c" -mcpu=cortex-m3 -std=gnu11 -g3 -DSTM32 -DSTM32F1 -DSTM32F103C8Tx -DDEBUG -c -I../Inc -I"C:/E/embedded/test/final simulation code for my assignments/Unit7_MCU_Essential_Peripherals_lesson1_GPIO/click_mode/CLICK_MODE/Src/inc" -O0 -ffunction-sections -fdata-sections -Wall -fstack-usage -MMD -MP -MF"Src/stm32f103c6_ADC.d" -MT"Src/stm32f103c6_ADC.o" --specs=nano.specs -mfloat-abi=soft -mthumb -o "Src/stm32f103c6_ADC.o"
arm-none-eabi-gcc "../Src/stm32f103c6_ISR_DRIVER.c" -mcpu=cortex-m3 -std=gnu11 -g3 -DSTM32 -DSTM32F1 -DSTM32F103C8Tx -DDEBUG -c -I../Inc -I"C:/E/embedded/test/final simulation code for my assignments/Unit7_MCU_Essential_Peripherals_lesson1_GPIO/click_mode/CLICK_MODE/Src/inc" -O0 -ffunction-sections -fdata-sections -Wall -fstack-usage -MMD -MP -MF"Src/stm32f103c6_ISR_DRIVER.d" -MT"Src/stm32f103c6_ISR_DRIVER.o" --specs=nano.specs -mfloat-abi=soft -mthumb -o "Src/stm32f103c6_ISR_DRIVER.o"
arm-none-eabi-gcc "../Src/stm32f103c6_SPI_DRIVER.c" -mcpu=cortex-m3 -std=gnu11 -g3 -DSTM32 -DSTM32F1 -DSTM32F103C8Tx -DDEBUG -c -I../Inc -I"C:/E/embedded/test/final simulation code for my assignments/Unit7_MCU_Essential_Peripherals_lesson1_GPIO/click_mode/CLICK_MODE/Src/inc" -O0 -ffunction-sections -fdata-sections -Wall -fstack-usage -MMD -MP -MF"Src/stm32f103c6_SPI_DRIVER.d" -MT"Src/stm32f103c6_SPI_DRIVER.o" --specs=nano.specs -mfloat-abi=soft -mthumb -o "Src/stm32f103c6_SPI_DRIVER.o"
arm-none-eabi-gcc "../Src/stm32f103c6_USART_SRIVER.c" -mcpu=cortex-m3 -std=gnu11 -g3 -DSTM32 -DSTM32F1 -DSTM32F103C8Tx -DDEBUG -c -I../Inc -I"C:/E/embedded/test/final simulation code for my assignments/Unit7_MCU_Essential_Peripherals_lesson1_GPIO/click_mode/CLICK_MODE/Src/inc" -O0 -ffunction-sections -fdata-sections -Wall -fstack-usage -MMD -MP -MF"Src/stm32f103c6_USART_SRIVER.d" -MT"Src/stm32f103c6_USART_SRIVER.o" --specs=nano.specs -mfloat-abi=soft -mthumb -o "Src/stm32f103c6_USART_SRIVER.o"
arm-none-eabi-gcc "../Src/syscalls.c" -mcpu=cortex-m3 -std=gnu11 -g3 -DSTM32 -DSTM32F1 -DSTM32F103C8Tx -DDEBUG -c -I../Inc -I"C:/E/embedded/test/final simulation code for my assignments/Unit7_MCU_Essential_Peripherals_lesson1_GPIO/click_mode/CLICK_MODE/Src/inc" -O0 -ffunction-sections -fdata-sections -Wall -fstack-usage -MMD -MP -MF"Src/syscalls.d" -MT"Src/syscalls.o" --specs=nano.specs -mfloat-abi=soft -mthumb -o "Src/syscalls.o"
../Src/I2C_LCD.c: In function 'I2C_LCD_write_FLOATnumber':
../Src/I2C_LCD.c:114:2: warning: implicit declaration of function 'gcvt' [-Wimplicit-function-declaration]
  gcvt(num,digit,text);
  ^~~~
../Src/LCD.c: In function 'LCD_write_FLOATnumber':
../Src/LCD.c:118:2: warning: implicit declaration of function 'gcvt' [-Wimplicit-function-declaration]
  gcvt(num,digit,text);
  ^~~~
../Src/STM32_I2C_DRIVER.c: In function 'I2C_GetFlagStatus':
../Src/STM32_I2C_DRIVER.c:119:20: warning: variable 'dummy_Read' set but not used [-Wunused-but-set-variable]
  volatile uint32_t dummy_Read;
                    ^~~~~~~~~~
arm-none-eabi-gcc "../Src/sysmem.c" -mcpu=cortex-m3 -std=gnu11 -g3 -DSTM32 -DSTM32F1 -DSTM32F103C8Tx -DDEBUG -c -I../Inc -I"C:/E/embedded/test/final simulation code for my assignments/Unit7_MCU_Essential_Peripherals_lesson1_GPIO/click_mode/CLICK_MODE/Src/inc" -O0 -ffunction-sections -fdata-sections -Wall -fstack-usage -MMD -MP -MF"Src/sysmem.d" -MT"Src/sysmem.o" --specs=nano.specs -mfloat-abi=soft -mthumb -o "Src/sysmem.o"
../Src/stm32f103c6_USART_SRIVER.c: In function 'USART1_IRQHandler':
../Src/stm32f103c6_USART_SRIVER.c:272:22: warning: unused variable 'd' [-Wunused-variable]
    volatile uint16_t d=USART1->USART_DR;
                      ^
../Src/stm32f103c6_USART_SRIVER.c:277:21: warning: unused variable 'w' [-Wunused-variable]
   volatile uint16_t w =USART1->USART_DR;
                     ^
../Src/stm32f103c6_USART_SRIVER.c: In function 'USART2_IRQHandler':
../Src/stm32f103c6_USART_SRIVER.c:353:22: warning: unused variable 'd' [-Wunused-variable]
    volatile uint16_t d =USART2->USART_DR;
                      ^
../Src/stm32f103c6_USART_SRIVER.c:358:21: warning: unused variable 'w' [-Wunused-variable]
   volatile uint16_t w =USART2->USART_DR;
                     ^
../Src/stm32f103c6_USART_SRIVER.c: In function 'USART3_IRQHandler':
../Src/stm32f103c6_USART_SRIVER.c:434:22: warning: unused variable 'd' [-Wunused-variable]
    volatile uint16_t d =USART3->USART_DR;
                      ^
../Src/stm32f103c6_USART_SRIVER.c:439:21: warning: unused variable 'w' [-Wunused-variable]
   volatile uint16_t w =USART3->USART_DR;
                     ^
arm-none-eabi-gcc -o "CLICK_MODE.elf" @"objects.list"   -mcpu=cortex-m3 -T"C:\E\embedded\test\final simulation code for my assignments\Unit7_MCU_Essential_Peripherals_lesson1_GPIO\click_mode\CLICK_MODE\STM32F103C8TX_FLASH.ld" --specs=nosys.specs -Wl,-Map="CLICK_MODE.map" -Wl,--gc-sections -static --specs=nano.specs -mfloat-abi=soft -mthumb -Wl,--start-group -lc -lm -Wl,--end-group
Finished building target: CLICK_MODE.elf
 
arm-none-eabi-size   CLICK_MODE.elf 
arm-none-eabi-objdump -h -S  CLICK_MODE.elf  > "CLICK_MODE.list"
arm-none-eabi-objcopy  -O binary  CLICK_MODE.elf  "CLICK_MODE.bin"
   text	   data	    bss	    dec	    hex	filename
   3208	     40	   1712	   4960	   1360	CLICK_MODE.elf
Finished building: default.size.stdout
 
Finished building: CLICK_MODE.bin
 
Finished building: CLICK_MODE.list
 
17:42:03 **** Incremental Build of configuration Debug for project CLICK_MODE ****
make -j16 all 
arm-none-eabi-gcc "../Src/CLICK_MODE.c" -mcpu=cortex-m3 -std=gnu11 -g3 -DSTM32 -DSTM32F1 -DSTM32F103C8Tx -DDEBUG -c -I../Inc -I"C:/E/embedded/test/final simulation code for my assignments/Unit7_MCU_Essential_Peripherals_lesson1_GPIO/click_mode/CLICK_MODE/Src/inc" -O0 -ffunction-sections -fdata-sections -Wall -fstack-usage -MMD -MP -MF"Src/CLICK_MODE.d" -MT"Src/CLICK_MODE.o" --specs=nano.specs -mfloat-abi=soft -mthumb -o "Src/CLICK_MODE.o"
arm-none-eabi-gcc "../Src/main.c" -mcpu=cortex-m3 -std=gnu11 -g3 -DSTM32 -DSTM32F1 -DSTM32F103C8Tx -DDEBUG -c -I../Inc -I"C:/E/embedded/test/final simulation code for my assignments/Unit7_MCU_Essential_Peripherals_lesson1_GPIO/click_mode/CLICK_MODE/Src/inc" -O0 -ffunction-sections -fdata-sections -Wall -fstack-usage -MMD -MP -MF"Src/main.d" -MT"Src/main.o" --specs=nano.specs -mfloat-abi=soft -mthumb -o "Src/main.o"
arm-none-eabi-gcc -o "CLICK_MODE.elf" @"objects.list"   -mcpu=cortex-m3 -T"C:\E\embedded\test\final simulation code for my assignments\Unit7_MCU_Essential_Peripherals_lesson1_GPIO\click_mode\CLICK_MODE\STM32F103C8TX_FLASH.ld" --specs=nosys.specs -Wl,-Map="CLICK_MODE.map" -Wl,--gc-sections -static --specs=nano.specs -mfloat-abi=soft -mthumb -Wl,--start-group -lc -lm -Wl,--end-group
Finished building target: CLICK_MODE.elf
 
arm-none-eabi-objdump -h -S  CLICK_MODE.elf  > "CLICK_MODE.list"
arm-none-eabi-objcopy  -O binary  CLICK_MODE.elf  "CLICK_MODE.bin"
arm-none-eabi-size   CLICK_MODE.elf 
   text	   data	    bss	    dec	    hex	filename
   3208	     40	   1712	   4960	   1360	CLICK_MODE.elf
Finished building: default.size.stdout
 
Finished building: CLICK_MODE.bin
Finished building: CLICK_MODE.list
 
 
17:42:18 **** Incremental Build of configuration Debug for project CLICK_MODE ****
make -j16 all 
arm-none-eabi-gcc "../Src/main.c" -mcpu=cortex-m3 -std=gnu11 -g3 -DSTM32 -DSTM32F1 -DSTM32F103C8Tx -DDEBUG -c -I../Inc -I"C:/E/embedded/test/final simulation code for my assignments/Unit7_MCU_Essential_Peripherals_lesson1_GPIO/click_mode/CLICK_MODE/Src/inc" -O0 -ffunction-sections -fdata-sections -Wall -fstack-usage -MMD -MP -MF"Src/main.d" -MT"Src/main.o" --specs=nano.specs -mfloat-abi=soft -mthumb -o "Src/main.o"
In file included from ../Src/main.c:1:0:
C:/E/embedded/test/final simulation code for my assignments/Unit7_MCU_Essential_Peripherals_lesson1_GPIO/click_mode/CLICK_MODE/Src/inc/CLICK_MODE.h:17:1: warning: useless storage class specifier in empty declaration
 };
 ^
C:/E/embedded/test/final simulation code for my assignments/Unit7_MCU_Essential_Peripherals_lesson1_GPIO/click_mode/CLICK_MODE/Src/inc/CLICK_MODE.h:20:1: error: unknown type name 'CLICK_MODE'; use 'enum' keyword to refer to the type
 CLICK_MODE  CLICK_MODE_UPDATE();
 ^~~~~~~~~~
 enum 
make: *** [Src/subdir.mk:94: Src/main.o] Error 1
"make -j16 all" terminated with exit code 2. Build might be incomplete.
17:42:40 **** Incremental Build of configuration Debug for project CLICK_MODE ****
make -j16 all 
arm-none-eabi-gcc "../Src/main.c" -mcpu=cortex-m3 -std=gnu11 -g3 -DSTM32 -DSTM32F1 -DSTM32F103C8Tx -DDEBUG -c -I../Inc -I"C:/E/embedded/test/final simulation code for my assignments/Unit7_MCU_Essential_Peripherals_lesson1_GPIO/click_mode/CLICK_MODE/Src/inc" -O0 -ffunction-sections -fdata-sections -Wall -fstack-usage -MMD -MP -MF"Src/main.d" -MT"Src/main.o" --specs=nano.specs -mfloat-abi=soft -mthumb -o "Src/main.o"
arm-none-eabi-gcc -o "CLICK_MODE.elf" @"objects.list"   -mcpu=cortex-m3 -T"C:\E\embedded\test\final simulation code for my assignments\Unit7_MCU_Essential_Peripherals_lesson1_GPIO\click_mode\CLICK_MODE\STM32F103C8TX_FLASH.ld" --specs=nosys.specs -Wl,-Map="CLICK_MODE.map" -Wl,--gc-sections -static --specs=nano.specs -mfloat-abi=soft -mthumb -Wl,--start-group -lc -lm -Wl,--end-group
Finished building target: CLICK_MODE.elf
 
arm-none-eabi-objdump -h -S  CLICK_MODE.elf  > "CLICK_MODE.list"
arm-none-eabi-objcopy  -O binary  CLICK_MODE.elf  "CLICK_MODE.bin"
arm-none-eabi-size   CLICK_MODE.elf 
   text	   data	    bss	    dec	    hex	filename
   3208	     40	   1712	   4960	   1360	CLICK_MODE.elf
Finished building: default.size.stdout
 
Finished building: CLICK_MODE.bin
Finished building: CLICK_MODE.list
 
 
18:02:00 **** Incremental Build of configuration Debug for project CLICK_MODE ****
make -j16 all 
arm-none-eabi-gcc "../Src/CLICK_MODE.c" -mcpu=cortex-m3 -std=gnu11 -g3 -DSTM32 -DSTM32F1 -DSTM32F103C8Tx -DDEBUG -c -I../Inc -I"C:/E/embedded/test/final simulation code for my assignments/Unit7_MCU_Essential_Peripherals_lesson1_GPIO/click_mode/CLICK_MODE/Src/inc" -O0 -ffunction-sections -fdata-sections -Wall -fstack-usage -MMD -MP -MF"Src/CLICK_MODE.d" -MT"Src/CLICK_MODE.o" --specs=nano.specs -mfloat-abi=soft -mthumb -o "Src/CLICK_MODE.o"
arm-none-eabi-gcc "../Src/main.c" -mcpu=cortex-m3 -std=gnu11 -g3 -DSTM32 -DSTM32F1 -DSTM32F103C8Tx -DDEBUG -c -I../Inc -I"C:/E/embedded/test/final simulation code for my assignments/Unit7_MCU_Essential_Peripherals_lesson1_GPIO/click_mode/CLICK_MODE/Src/inc" -O0 -ffunction-sections -fdata-sections -Wall -fstack-usage -MMD -MP -MF"Src/main.d" -MT"Src/main.o" --specs=nano.specs -mfloat-abi=soft -mthumb -o "Src/main.o"
../Src/CLICK_MODE.c: In function 'CLICK_MODE_INIT':
../Src/CLICK_MODE.c:23:25: error: 'triggercase' undeclared (first use in this function)
   EXTI(GPIOx,*arr_pins, triggercase, CLICK_ISR);
                         ^~~~~~~~~~~
../Src/CLICK_MODE.c:23:25: note: each undeclared identifier is reported only once for each function it appears in
make: *** [Src/subdir.mk:72: Src/CLICK_MODE.o] Error 1
make: *** Waiting for unfinished jobs....
"make -j16 all" terminated with exit code 2. Build might be incomplete.
18:02:35 **** Incremental Build of configuration Debug for project CLICK_MODE ****
make -j16 all 
arm-none-eabi-gcc "../Src/CLICK_MODE.c" -mcpu=cortex-m3 -std=gnu11 -g3 -DSTM32 -DSTM32F1 -DSTM32F103C8Tx -DDEBUG -c -I../Inc -I"C:/E/embedded/test/final simulation code for my assignments/Unit7_MCU_Essential_Peripherals_lesson1_GPIO/click_mode/CLICK_MODE/Src/inc" -O0 -ffunction-sections -fdata-sections -Wall -fstack-usage -MMD -MP -MF"Src/CLICK_MODE.d" -MT"Src/CLICK_MODE.o" --specs=nano.specs -mfloat-abi=soft -mthumb -o "Src/CLICK_MODE.o"
arm-none-eabi-gcc -o "CLICK_MODE.elf" @"objects.list"   -mcpu=cortex-m3 -T"C:\E\embedded\test\final simulation code for my assignments\Unit7_MCU_Essential_Peripherals_lesson1_GPIO\click_mode\CLICK_MODE\STM32F103C8TX_FLASH.ld" --specs=nosys.specs -Wl,-Map="CLICK_MODE.map" -Wl,--gc-sections -static --specs=nano.specs -mfloat-abi=soft -mthumb -Wl,--start-group -lc -lm -Wl,--end-group
Finished building target: CLICK_MODE.elf
 
arm-none-eabi-objdump -h -S  CLICK_MODE.elf  > "CLICK_MODE.list"
arm-none-eabi-objcopy  -O binary  CLICK_MODE.elf  "CLICK_MODE.bin"
arm-none-eabi-size   CLICK_MODE.elf 
   text	   data	    bss	    dec	    hex	filename
   3208	     40	   1712	   4960	   1360	CLICK_MODE.elf
Finished building: default.size.stdout
 
Finished building: CLICK_MODE.bin
Finished building: CLICK_MODE.list
 
 
18:07:17 **** Incremental Build of configuration Debug for project CLICK_MODE ****
make -j16 all 
arm-none-eabi-gcc "../Src/CLICK_MODE.c" -mcpu=cortex-m3 -std=gnu11 -g3 -DSTM32 -DSTM32F1 -DSTM32F103C8Tx -DDEBUG -c -I../Inc -I"C:/E/embedded/test/final simulation code for my assignments/Unit7_MCU_Essential_Peripherals_lesson1_GPIO/click_mode/CLICK_MODE/Src/inc" -O0 -ffunction-sections -fdata-sections -Wall -fstack-usage -MMD -MP -MF"Src/CLICK_MODE.d" -MT"Src/CLICK_MODE.o" --specs=nano.specs -mfloat-abi=soft -mthumb -o "Src/CLICK_MODE.o"
arm-none-eabi-gcc "../Src/STM32_TIMERS_DRIVER.c" -mcpu=cortex-m3 -std=gnu11 -g3 -DSTM32 -DSTM32F1 -DSTM32F103C8Tx -DDEBUG -c -I../Inc -I"C:/E/embedded/test/final simulation code for my assignments/Unit7_MCU_Essential_Peripherals_lesson1_GPIO/click_mode/CLICK_MODE/Src/inc" -O0 -ffunction-sections -fdata-sections -Wall -fstack-usage -MMD -MP -MF"Src/STM32_TIMERS_DRIVER.d" -MT"Src/STM32_TIMERS_DRIVER.o" --specs=nano.specs -mfloat-abi=soft -mthumb -o "Src/STM32_TIMERS_DRIVER.o"
arm-none-eabi-gcc "../Src/main.c" -mcpu=cortex-m3 -std=gnu11 -g3 -DSTM32 -DSTM32F1 -DSTM32F103C8Tx -DDEBUG -c -I../Inc -I"C:/E/embedded/test/final simulation code for my assignments/Unit7_MCU_Essential_Peripherals_lesson1_GPIO/click_mode/CLICK_MODE/Src/inc" -O0 -ffunction-sections -fdata-sections -Wall -fstack-usage -MMD -MP -MF"Src/main.d" -MT"Src/main.o" --specs=nano.specs -mfloat-abi=soft -mthumb -o "Src/main.o"
arm-none-eabi-gcc "../Src/stm32f103c6_ISR_DRIVER.c" -mcpu=cortex-m3 -std=gnu11 -g3 -DSTM32 -DSTM32F1 -DSTM32F103C8Tx -DDEBUG -c -I../Inc -I"C:/E/embedded/test/final simulation code for my assignments/Unit7_MCU_Essential_Peripherals_lesson1_GPIO/click_mode/CLICK_MODE/Src/inc" -O0 -ffunction-sections -fdata-sections -Wall -fstack-usage -MMD -MP -MF"Src/stm32f103c6_ISR_DRIVER.d" -MT"Src/stm32f103c6_ISR_DRIVER.o" --specs=nano.specs -mfloat-abi=soft -mthumb -o "Src/stm32f103c6_ISR_DRIVER.o"
../Src/CLICK_MODE.c: In function 'CLICK_MODE_INIT':
../Src/CLICK_MODE.c:23:56: warning: passing argument 4 of 'EXTI' from incompatible pointer type [-Wincompatible-pointer-types]
   EXTI(GPIOx,*arr_pins, EXTI_Trigger_RisingAndFalling, CLICK_ISR);
                                                        ^~~~~~~~~
In file included from C:/E/embedded/test/final simulation code for my assignments/Unit7_MCU_Essential_Peripherals_lesson1_GPIO/click_mode/CLICK_MODE/Src/inc/STM32_TIMERS_DRIVER.h:18:0,
                 from C:/E/embedded/test/final simulation code for my assignments/Unit7_MCU_Essential_Peripherals_lesson1_GPIO/click_mode/CLICK_MODE/Src/inc/CLICK_MODE.h:12,
                 from ../Src/CLICK_MODE.c:8:
C:/E/embedded/test/final simulation code for my assignments/Unit7_MCU_Essential_Peripherals_lesson1_GPIO/click_mode/CLICK_MODE/Src/inc/stm32f103c6_ISR_DRIVER.h:66:6: note: expected 'void (*)(uint8_t,  uint8_t) {aka void (*)(unsigned char,  unsigned char)}' but argument is of type 'void (*)()'
 void EXTI(GPIO_typeDef* PORTx ,uint16_t pin,uint16_t triggercase,void (*function_addres) (uint8_t pins,uint8_t port));
      ^~~~
../Src/stm32f103c6_ISR_DRIVER.c: In function 'EXTI0_IRQHandler':
../Src/stm32f103c6_ISR_DRIVER.c:294:2: error: too few arguments to function 'GP_IRQ_Callback[0]'
  GP_IRQ_Callback[0]();
  ^~~~~~~~~~~~~~~
../Src/stm32f103c6_ISR_DRIVER.c: In function 'EXTI1_IRQHandler':
../Src/stm32f103c6_ISR_DRIVER.c:299:2: error: too few arguments to function 'GP_IRQ_Callback[1]'
  GP_IRQ_Callback[1]();
  ^~~~~~~~~~~~~~~
../Src/stm32f103c6_ISR_DRIVER.c: In function 'EXTI2_IRQHandler':
../Src/stm32f103c6_ISR_DRIVER.c:305:2: error: too few arguments to function 'GP_IRQ_Callback[2]'
  GP_IRQ_Callback[2]();
  ^~~~~~~~~~~~~~~
../Src/stm32f103c6_ISR_DRIVER.c: In function 'EXTI3_IRQHandler':
../Src/stm32f103c6_ISR_DRIVER.c:310:2: error: too few arguments to function 'GP_IRQ_Callback[3]'
  GP_IRQ_Callback[3]();
  ^~~~~~~~~~~~~~~
../Src/stm32f103c6_ISR_DRIVER.c: In function 'EXTI4_IRQHandler':
../Src/stm32f103c6_ISR_DRIVER.c:315:2: error: too few arguments to function 'GP_IRQ_Callback[4]'
  GP_IRQ_Callback[4]();
  ^~~~~~~~~~~~~~~
../Src/stm32f103c6_ISR_DRIVER.c: In function 'EXTI9_5_IRQHandler':
../Src/stm32f103c6_ISR_DRIVER.c:319:55: error: too few arguments to function 'GP_IRQ_Callback[5]'
  if(EXIT->EXTI_PR & (1<<5)) {EXIT->EXTI_PR |= (1<<5); GP_IRQ_Callback[5]();  }
                                                       ^~~~~~~~~~~~~~~
../Src/stm32f103c6_ISR_DRIVER.c:320:55: error: too few arguments to function 'GP_IRQ_Callback[6]'
  if(EXIT->EXTI_PR & (1<<6)) {EXIT->EXTI_PR |= (1<<6); GP_IRQ_Callback[6]();  }
                                                       ^~~~~~~~~~~~~~~
../Src/stm32f103c6_ISR_DRIVER.c:321:55: error: too few arguments to function 'GP_IRQ_Callback[7]'
  if(EXIT->EXTI_PR & (1<<7)) {EXIT->EXTI_PR |= (1<<7); GP_IRQ_Callback[7]();  }
                                                       ^~~~~~~~~~~~~~~
../Src/stm32f103c6_ISR_DRIVER.c:322:55: error: too few arguments to function 'GP_IRQ_Callback[8]'
  if(EXIT->EXTI_PR & (1<<8)) {EXIT->EXTI_PR |= (1<<8); GP_IRQ_Callback[8]();  }
                                                       ^~~~~~~~~~~~~~~
../Src/stm32f103c6_ISR_DRIVER.c:323:55: error: too few arguments to function 'GP_IRQ_Callback[9]'
  if(EXIT->EXTI_PR & (1<<9)) {EXIT->EXTI_PR |= (1<<9); GP_IRQ_Callback[9]();  }
                                                       ^~~~~~~~~~~~~~~
../Src/stm32f103c6_ISR_DRIVER.c: In function 'EXTI15_10_IRQHandler':
../Src/stm32f103c6_ISR_DRIVER.c:327:57: error: too few arguments to function 'GP_IRQ_Callback[10]'
  if(EXIT->EXTI_PR & (1<<10)) {EXIT->EXTI_PR |= (1<<10); GP_IRQ_Callback[10]();  }
                                                         ^~~~~~~~~~~~~~~
../Src/stm32f103c6_ISR_DRIVER.c:328:57: error: too few arguments to function 'GP_IRQ_Callback[11]'
  if(EXIT->EXTI_PR & (1<<11)) {EXIT->EXTI_PR |= (1<<11); GP_IRQ_Callback[11]();  }
                                                         ^~~~~~~~~~~~~~~
../Src/stm32f103c6_ISR_DRIVER.c:329:57: error: too few arguments to function 'GP_IRQ_Callback[12]'
  if(EXIT->EXTI_PR & (1<<12)) {EXIT->EXTI_PR |= (1<<12); GP_IRQ_Callback[12]();  }
                                                         ^~~~~~~~~~~~~~~
../Src/stm32f103c6_ISR_DRIVER.c:330:57: error: too few arguments to function 'GP_IRQ_Callback[13]'
  if(EXIT->EXTI_PR & (1<<13)) {EXIT->EXTI_PR |= (1<<13); GP_IRQ_Callback[13]();  }
                                                         ^~~~~~~~~~~~~~~
../Src/stm32f103c6_ISR_DRIVER.c:331:57: error: too few arguments to function 'GP_IRQ_Callback[14]'
  if(EXIT->EXTI_PR & (1<<14)) {EXIT->EXTI_PR |= (1<<14); GP_IRQ_Callback[14]();  }
                                                         ^~~~~~~~~~~~~~~
../Src/stm32f103c6_ISR_DRIVER.c:332:57: error: too few arguments to function 'GP_IRQ_Callback[15]'
  if(EXIT->EXTI_PR & (1<<15)) {EXIT->EXTI_PR |= (1<<15); GP_IRQ_Callback[15]();  }
                                                         ^~~~~~~~~~~~~~~
make: *** [Src/subdir.mk:100: Src/stm32f103c6_ISR_DRIVER.o] Error 1
make: *** Waiting for unfinished jobs....
"make -j16 all" terminated with exit code 2. Build might be incomplete.
18:28:54 **** Incremental Build of configuration Debug for project CLICK_MODE ****
make -j16 all 
arm-none-eabi-gcc "../Src/CLICK_MODE.c" -mcpu=cortex-m3 -std=gnu11 -g3 -DSTM32 -DSTM32F1 -DSTM32F103C8Tx -DDEBUG -c -I../Inc -I"C:/E/embedded/test/final simulation code for my assignments/Unit7_MCU_Essential_Peripherals_lesson1_GPIO/click_mode/CLICK_MODE/Src/inc" -O0 -ffunction-sections -fdata-sections -Wall -fstack-usage -MMD -MP -MF"Src/CLICK_MODE.d" -MT"Src/CLICK_MODE.o" --specs=nano.specs -mfloat-abi=soft -mthumb -o "Src/CLICK_MODE.o"
arm-none-eabi-gcc "../Src/STM32_TIMERS_DRIVER.c" -mcpu=cortex-m3 -std=gnu11 -g3 -DSTM32 -DSTM32F1 -DSTM32F103C8Tx -DDEBUG -c -I../Inc -I"C:/E/embedded/test/final simulation code for my assignments/Unit7_MCU_Essential_Peripherals_lesson1_GPIO/click_mode/CLICK_MODE/Src/inc" -O0 -ffunction-sections -fdata-sections -Wall -fstack-usage -MMD -MP -MF"Src/STM32_TIMERS_DRIVER.d" -MT"Src/STM32_TIMERS_DRIVER.o" --specs=nano.specs -mfloat-abi=soft -mthumb -o "Src/STM32_TIMERS_DRIVER.o"
arm-none-eabi-gcc "../Src/main.c" -mcpu=cortex-m3 -std=gnu11 -g3 -DSTM32 -DSTM32F1 -DSTM32F103C8Tx -DDEBUG -c -I../Inc -I"C:/E/embedded/test/final simulation code for my assignments/Unit7_MCU_Essential_Peripherals_lesson1_GPIO/click_mode/CLICK_MODE/Src/inc" -O0 -ffunction-sections -fdata-sections -Wall -fstack-usage -MMD -MP -MF"Src/main.d" -MT"Src/main.o" --specs=nano.specs -mfloat-abi=soft -mthumb -o "Src/main.o"
arm-none-eabi-gcc "../Src/stm32f103c6_ISR_DRIVER.c" -mcpu=cortex-m3 -std=gnu11 -g3 -DSTM32 -DSTM32F1 -DSTM32F103C8Tx -DDEBUG -c -I../Inc -I"C:/E/embedded/test/final simulation code for my assignments/Unit7_MCU_Essential_Peripherals_lesson1_GPIO/click_mode/CLICK_MODE/Src/inc" -O0 -ffunction-sections -fdata-sections -Wall -fstack-usage -MMD -MP -MF"Src/stm32f103c6_ISR_DRIVER.d" -MT"Src/stm32f103c6_ISR_DRIVER.o" --specs=nano.specs -mfloat-abi=soft -mthumb -o "Src/stm32f103c6_ISR_DRIVER.o"
arm-none-eabi-gcc -o "CLICK_MODE.elf" @"objects.list"   -mcpu=cortex-m3 -T"C:\E\embedded\test\final simulation code for my assignments\Unit7_MCU_Essential_Peripherals_lesson1_GPIO\click_mode\CLICK_MODE\STM32F103C8TX_FLASH.ld" --specs=nosys.specs -Wl,-Map="CLICK_MODE.map" -Wl,--gc-sections -static --specs=nano.specs -mfloat-abi=soft -mthumb -Wl,--start-group -lc -lm -Wl,--end-group
Finished building target: CLICK_MODE.elf
 
arm-none-eabi-objdump -h -S  CLICK_MODE.elf  > "CLICK_MODE.list"
arm-none-eabi-objcopy  -O binary  CLICK_MODE.elf  "CLICK_MODE.bin"
arm-none-eabi-size   CLICK_MODE.elf 
   text	   data	    bss	    dec	    hex	filename
   3208	     40	   1712	   4960	   1360	CLICK_MODE.elf
Finished building: default.size.stdout
 
Finished building: CLICK_MODE.bin
Finished building: CLICK_MODE.list
 
 
18:30:52 **** Incremental Build of configuration Debug for project CLICK_MODE ****
make -j16 all 
arm-none-eabi-gcc "../Src/main.c" -mcpu=cortex-m3 -std=gnu11 -g3 -DSTM32 -DSTM32F1 -DSTM32F103C8Tx -DDEBUG -c -I../Inc -I"C:/E/embedded/test/final simulation code for my assignments/Unit7_MCU_Essential_Peripherals_lesson1_GPIO/click_mode/CLICK_MODE/Src/inc" -O0 -ffunction-sections -fdata-sections -Wall -fstack-usage -MMD -MP -MF"Src/main.d" -MT"Src/main.o" --specs=nano.specs -mfloat-abi=soft -mthumb -o "Src/main.o"
../Src/main.c: In function 'main':
../Src/main.c:10:7: error: 'PORTA' undeclared (first use in this function)
  EXTI(PORTA, pin0,EXTI_Trigger_Rising,fun1);
       ^~~~~
../Src/main.c:10:7: note: each undeclared identifier is reported only once for each function it appears in
../Src/main.c:11:7: error: 'PORTB' undeclared (first use in this function); did you mean 'PORTA'?
  EXTI(PORTB, pin0,EXTI_Trigger_Rising,fun2);
       ^~~~~
       PORTA
make: *** [Src/subdir.mk:94: Src/main.o] Error 1
"make -j16 all" terminated with exit code 2. Build might be incomplete.
18:31:21 **** Incremental Build of configuration Debug for project CLICK_MODE ****
make -j16 all 
arm-none-eabi-gcc "../Src/main.c" -mcpu=cortex-m3 -std=gnu11 -g3 -DSTM32 -DSTM32F1 -DSTM32F103C8Tx -DDEBUG -c -I../Inc -I"C:/E/embedded/test/final simulation code for my assignments/Unit7_MCU_Essential_Peripherals_lesson1_GPIO/click_mode/CLICK_MODE/Src/inc" -O0 -ffunction-sections -fdata-sections -Wall -fstack-usage -MMD -MP -MF"Src/main.d" -MT"Src/main.o" --specs=nano.specs -mfloat-abi=soft -mthumb -o "Src/main.o"
arm-none-eabi-gcc -o "CLICK_MODE.elf" @"objects.list"   -mcpu=cortex-m3 -T"C:\E\embedded\test\final simulation code for my assignments\Unit7_MCU_Essential_Peripherals_lesson1_GPIO\click_mode\CLICK_MODE\STM32F103C8TX_FLASH.ld" --specs=nosys.specs -Wl,-Map="CLICK_MODE.map" -Wl,--gc-sections -static --specs=nano.specs -mfloat-abi=soft -mthumb -Wl,--start-group -lc -lm -Wl,--end-group
Finished building target: CLICK_MODE.elf
 
arm-none-eabi-objdump -h -S  CLICK_MODE.elf  > "CLICK_MODE.list"
arm-none-eabi-objcopy  -O binary  CLICK_MODE.elf  "CLICK_MODE.bin"
arm-none-eabi-size   CLICK_MODE.elf 
   text	   data	    bss	    dec	    hex	filename
   6172	     40	   1712	   7924	   1ef4	CLICK_MODE.elf
Finished building: default.size.stdout
 
Finished building: CLICK_MODE.bin
Finished building: CLICK_MODE.list
 
 
18:32:37 **** Incremental Build of configuration Debug for project CLICK_MODE ****
make -j16 all 
arm-none-eabi-gcc -o "CLICK_MODE.axf" @"objects.list"   -mcpu=cortex-m3 -T"C:\E\embedded\test\final simulation code for my assignments\Unit7_MCU_Essential_Peripherals_lesson1_GPIO\click_mode\CLICK_MODE\STM32F103C8TX_FLASH.ld" --specs=nosys.specs -Wl,-Map="CLICK_MODE.map" -Wl,--gc-sections -static --specs=nano.specs -mfloat-abi=soft -mthumb -Wl,--start-group -lc -lm -Wl,--end-group
Finished building target: CLICK_MODE.axf
 
arm-none-eabi-objdump -h -S  CLICK_MODE.axf  > "CLICK_MODE.list"
arm-none-eabi-objcopy  -O binary  CLICK_MODE.axf  "CLICK_MODE.bin"
arm-none-eabi-size   CLICK_MODE.axf 
   text	   data	    bss	    dec	    hex	filename
   6172	     40	   1712	   7924	   1ef4	CLICK_MODE.axf
Finished building: default.size.stdout
 
Finished building: CLICK_MODE.bin
 
Finished building: CLICK_MODE.list
 
18:35:43 **** Incremental Build of configuration Debug for project CLICK_MODE ****
make -j16 all 
arm-none-eabi-gcc "../Src/main.c" -mcpu=cortex-m3 -std=gnu11 -g3 -DSTM32 -DSTM32F1 -DSTM32F103C8Tx -DDEBUG -c -I../Inc -I"C:/E/embedded/test/final simulation code for my assignments/Unit7_MCU_Essential_Peripherals_lesson1_GPIO/click_mode/CLICK_MODE/Src/inc" -O0 -ffunction-sections -fdata-sections -Wall -fstack-usage -MMD -MP -MF"Src/main.d" -MT"Src/main.o" --specs=nano.specs -mfloat-abi=soft -mthumb -o "Src/main.o"
arm-none-eabi-gcc -o "CLICK_MODE.axf" @"objects.list"   -mcpu=cortex-m3 -T"C:\E\embedded\test\final simulation code for my assignments\Unit7_MCU_Essential_Peripherals_lesson1_GPIO\click_mode\CLICK_MODE\STM32F103C8TX_FLASH.ld" --specs=nosys.specs -Wl,-Map="CLICK_MODE.map" -Wl,--gc-sections -static --specs=nano.specs -mfloat-abi=soft -mthumb -Wl,--start-group -lc -lm -Wl,--end-group
Finished building target: CLICK_MODE.axf
 
arm-none-eabi-objdump -h -S  CLICK_MODE.axf  > "CLICK_MODE.list"
arm-none-eabi-objcopy  -O binary  CLICK_MODE.axf  "CLICK_MODE.bin"
arm-none-eabi-size   CLICK_MODE.axf 
   text	   data	    bss	    dec	    hex	filename
   6172	     40	   1712	   7924	   1ef4	CLICK_MODE.axf
Finished building: default.size.stdout
 
Finished building: CLICK_MODE.bin
Finished building: CLICK_MODE.list
 
 
18:57:18 **** Incremental Build of configuration Debug for project CLICK_MODE ****
make -j16 all 
arm-none-eabi-gcc "../Src/CLICK_MODE.c" -mcpu=cortex-m3 -std=gnu11 -g3 -DSTM32 -DSTM32F1 -DSTM32F103C8Tx -DDEBUG -c -I../Inc -I"C:/E/embedded/test/final simulation code for my assignments/Unit7_MCU_Essential_Peripherals_lesson1_GPIO/click_mode/CLICK_MODE/Src/inc" -O0 -ffunction-sections -fdata-sections -Wall -fstack-usage -MMD -MP -MF"Src/CLICK_MODE.d" -MT"Src/CLICK_MODE.o" --specs=nano.specs -mfloat-abi=soft -mthumb -o "Src/CLICK_MODE.o"
arm-none-eabi-gcc "../Src/STM32_TIMERS_DRIVER.c" -mcpu=cortex-m3 -std=gnu11 -g3 -DSTM32 -DSTM32F1 -DSTM32F103C8Tx -DDEBUG -c -I../Inc -I"C:/E/embedded/test/final simulation code for my assignments/Unit7_MCU_Essential_Peripherals_lesson1_GPIO/click_mode/CLICK_MODE/Src/inc" -O0 -ffunction-sections -fdata-sections -Wall -fstack-usage -MMD -MP -MF"Src/STM32_TIMERS_DRIVER.d" -MT"Src/STM32_TIMERS_DRIVER.o" --specs=nano.specs -mfloat-abi=soft -mthumb -o "Src/STM32_TIMERS_DRIVER.o"
arm-none-eabi-gcc "../Src/main.c" -mcpu=cortex-m3 -std=gnu11 -g3 -DSTM32 -DSTM32F1 -DSTM32F103C8Tx -DDEBUG -c -I../Inc -I"C:/E/embedded/test/final simulation code for my assignments/Unit7_MCU_Essential_Peripherals_lesson1_GPIO/click_mode/CLICK_MODE/Src/inc" -O0 -ffunction-sections -fdata-sections -Wall -fstack-usage -MMD -MP -MF"Src/main.d" -MT"Src/main.o" --specs=nano.specs -mfloat-abi=soft -mthumb -o "Src/main.o"
arm-none-eabi-gcc "../Src/stm32f103c6_ISR_DRIVER.c" -mcpu=cortex-m3 -std=gnu11 -g3 -DSTM32 -DSTM32F1 -DSTM32F103C8Tx -DDEBUG -c -I../Inc -I"C:/E/embedded/test/final simulation code for my assignments/Unit7_MCU_Essential_Peripherals_lesson1_GPIO/click_mode/CLICK_MODE/Src/inc" -O0 -ffunction-sections -fdata-sections -Wall -fstack-usage -MMD -MP -MF"Src/stm32f103c6_ISR_DRIVER.d" -MT"Src/stm32f103c6_ISR_DRIVER.o" --specs=nano.specs -mfloat-abi=soft -mthumb -o "Src/stm32f103c6_ISR_DRIVER.o"
In file included from C:/E/embedded/test/final simulation code for my assignments/Unit7_MCU_Essential_Peripherals_lesson1_GPIO/click_mode/CLICK_MODE/Src/inc/STM32_TIMERS_DRIVER.h:18:0,
                 from C:/E/embedded/test/final simulation code for my assignments/Unit7_MCU_Essential_Peripherals_lesson1_GPIO/click_mode/CLICK_MODE/Src/inc/CLICK_MODE.h:12,
                 from ../Src/CLICK_MODE.c:8:
C:/E/embedded/test/final simulation code for my assignments/Unit7_MCU_Essential_Peripherals_lesson1_GPIO/click_mode/CLICK_MODE/Src/inc/stm32f103c6_ISR_DRIVER.h:66:91: error: unknown type name 'interrupt_data'
 void EXTI(GPIO_typeDef* PORTx ,uint16_t pin,uint16_t triggercase,void (*function_addres) (interrupt_data* isr_data));
                                                                                           ^~~~~~~~~~~~~~
../Src/CLICK_MODE.c: In function 'CLICK_MODE_INIT':
../Src/CLICK_MODE.c:25:3: warning: implicit declaration of function 'EXTI'; did you mean 'EXTI1'? [-Wimplicit-function-declaration]
   EXTI(GPIOx,*arr_pins, EXTI_Trigger_RisingAndFalling, CLICK_ISR);
   ^~~~
   EXTI1
make: *** [Src/subdir.mk:72: Src/CLICK_MODE.o] Error 1
make: *** Waiting for unfinished jobs....
In file included from C:/E/embedded/test/final simulation code for my assignments/Unit7_MCU_Essential_Peripherals_lesson1_GPIO/click_mode/CLICK_MODE/Src/inc/STM32_TIMERS_DRIVER.h:18:0,
                 from C:/E/embedded/test/final simulation code for my assignments/Unit7_MCU_Essential_Peripherals_lesson1_GPIO/click_mode/CLICK_MODE/Src/inc/CLICK_MODE.h:12,
                 from ../Src/main.c:1:
C:/E/embedded/test/final simulation code for my assignments/Unit7_MCU_Essential_Peripherals_lesson1_GPIO/click_mode/CLICK_MODE/Src/inc/stm32f103c6_ISR_DRIVER.h:66:91: error: unknown type name 'interrupt_data'
 void EXTI(GPIO_typeDef* PORTx ,uint16_t pin,uint16_t triggercase,void (*function_addres) (interrupt_data* isr_data));
                                                                                           ^~~~~~~~~~~~~~
In file included from ../Src/stm32f103c6_ISR_DRIVER.c:8:0:
C:/E/embedded/test/final simulation code for my assignments/Unit7_MCU_Essential_Peripherals_lesson1_GPIO/click_mode/CLICK_MODE/Src/inc/stm32f103c6_ISR_DRIVER.h:66:91: error: unknown type name 'interrupt_data'
 void EXTI(GPIO_typeDef* PORTx ,uint16_t pin,uint16_t triggercase,void (*function_addres) (interrupt_data* isr_data));
                                                                                           ^~~~~~~~~~~~~~
../Src/stm32f103c6_ISR_DRIVER.c:16:1: error: multiple storage classes in declaration specifiers
 static typedef struct{
 ^~~~~~
../Src/main.c: In function 'main':
../Src/main.c:10:2: warning: implicit declaration of function 'EXTI'; did you mean 'EXTI1'? [-Wimplicit-function-declaration]
  EXTI(GPIOA, pin0,EXTI_Trigger_Rising,fun1);
  ^~~~
  EXTI1
../Src/stm32f103c6_ISR_DRIVER.c:20:1: error: unknown type name 'interrupt_data'
 interrupt_data ARR_INTERRUPT_TRACK[16];
 ^~~~~~~~~~~~~~
../Src/stm32f103c6_ISR_DRIVER.c:22:29: error: expected declaration specifiers or '...' before 'interrupt_data'
 void(* GP_IRQ_Callback[15])(interrupt_data* isr_data);
                             ^~~~~~~~~~~~~~
In file included from C:/E/embedded/test/final simulation code for my assignments/Unit7_MCU_Essential_Peripherals_lesson1_GPIO/click_mode/CLICK_MODE/Src/inc/STM32_TIMERS_DRIVER.h:18:0,
                 from ../Src/STM32_TIMERS_DRIVER.c:8:
C:/E/embedded/test/final simulation code for my assignments/Unit7_MCU_Essential_Peripherals_lesson1_GPIO/click_mode/CLICK_MODE/Src/inc/stm32f103c6_ISR_DRIVER.h:66:91: error: unknown type name 'interrupt_data'
 void EXTI(GPIO_typeDef* PORTx ,uint16_t pin,uint16_t triggercase,void (*function_addres) (interrupt_data* isr_data));
                                                                                           ^~~~~~~~~~~~~~
../Src/stm32f103c6_ISR_DRIVER.c: In function 'EXTI':
../Src/stm32f103c6_ISR_DRIVER.c:289:40: error: request for member 'pin' in something not a structure or union
  ARR_INTERRUPT_TRACK[interrupt_numpers].pin=pin;
                                        ^
../Src/stm32f103c6_ISR_DRIVER.c:290:62: error: request for member 'port' in something not a structure or union
  if(PORTx==GPIOA)     {ARR_INTERRUPT_TRACK[interrupt_numpers].port=1;}
                                                              ^
../Src/stm32f103c6_ISR_DRIVER.c:291:62: error: request for member 'port' in something not a structure or union
  else if(PORTx==GPIOB){ARR_INTERRUPT_TRACK[interrupt_numpers].port=2;}
                                                              ^
../Src/stm32f103c6_ISR_DRIVER.c:292:62: error: request for member 'port' in something not a structure or union
  else if(PORTx==GPIOC){ARR_INTERRUPT_TRACK[interrupt_numpers].port=3;}
                                                              ^
../Src/stm32f103c6_ISR_DRIVER.c:293:62: error: request for member 'port' in something not a structure or union
  else if(PORTx==GPIOD){ARR_INTERRUPT_TRACK[interrupt_numpers].port=4;}
                                                              ^
make: *** [Src/subdir.mk:94: Src/main.o] Error 1
../Src/stm32f103c6_ISR_DRIVER.c:296:2: error: 'GP_IRQ_Callback' undeclared (first use in this function)
  GP_IRQ_Callback[interrupt_numpers++] =function_addres;
  ^~~~~~~~~~~~~~~
../Src/stm32f103c6_ISR_DRIVER.c:296:2: note: each undeclared identifier is reported only once for each function it appears in
../Src/stm32f103c6_ISR_DRIVER.c: In function 'EXTI0_IRQHandler':
../Src/stm32f103c6_ISR_DRIVER.c:311:2: error: 'GP_IRQ_Callback' undeclared (first use in this function)
  GP_IRQ_Callback[0]();
  ^~~~~~~~~~~~~~~
../Src/stm32f103c6_ISR_DRIVER.c: In function 'EXTI1_IRQHandler':
../Src/stm32f103c6_ISR_DRIVER.c:316:2: error: 'GP_IRQ_Callback' undeclared (first use in this function)
  GP_IRQ_Callback[1]();
  ^~~~~~~~~~~~~~~
../Src/stm32f103c6_ISR_DRIVER.c: In function 'EXTI2_IRQHandler':
../Src/stm32f103c6_ISR_DRIVER.c:322:2: error: 'GP_IRQ_Callback' undeclared (first use in this function)
  GP_IRQ_Callback[2]();
  ^~~~~~~~~~~~~~~
make: *** [Src/subdir.mk:90: Src/STM32_TIMERS_DRIVER.o] Error 1
../Src/stm32f103c6_ISR_DRIVER.c: In function 'EXTI3_IRQHandler':
../Src/stm32f103c6_ISR_DRIVER.c:327:2: error: 'GP_IRQ_Callback' undeclared (first use in this function)
  GP_IRQ_Callback[3]();
  ^~~~~~~~~~~~~~~
../Src/stm32f103c6_ISR_DRIVER.c: In function 'EXTI4_IRQHandler':
../Src/stm32f103c6_ISR_DRIVER.c:332:2: error: 'GP_IRQ_Callback' undeclared (first use in this function)
  GP_IRQ_Callback[4]();
  ^~~~~~~~~~~~~~~
../Src/stm32f103c6_ISR_DRIVER.c: In function 'EXTI9_5_IRQHandler':
../Src/stm32f103c6_ISR_DRIVER.c:336:55: error: 'GP_IRQ_Callback' undeclared (first use in this function)
  if(EXIT->EXTI_PR & (1<<5)) {EXIT->EXTI_PR |= (1<<5); GP_IRQ_Callback[5]();  }
                                                       ^~~~~~~~~~~~~~~
../Src/stm32f103c6_ISR_DRIVER.c: In function 'EXTI15_10_IRQHandler':
../Src/stm32f103c6_ISR_DRIVER.c:344:57: error: 'GP_IRQ_Callback' undeclared (first use in this function)
  if(EXIT->EXTI_PR & (1<<10)) {EXIT->EXTI_PR |= (1<<10); GP_IRQ_Callback[10]();  }
                                                         ^~~~~~~~~~~~~~~
At top level:
../Src/stm32f103c6_ISR_DRIVER.c:19:2: warning: 'interrupt_data' defined but not used [-Wunused-variable]
 }interrupt_data;
  ^~~~~~~~~~~~~~
make: *** [Src/subdir.mk:100: Src/stm32f103c6_ISR_DRIVER.o] Error 1
"make -j16 all" terminated with exit code 2. Build might be incomplete.
18:57:46 **** Incremental Build of configuration Debug for project CLICK_MODE ****
make -j16 all 
arm-none-eabi-gcc "../Src/CLICK_MODE.c" -mcpu=cortex-m3 -std=gnu11 -g3 -DSTM32 -DSTM32F1 -DSTM32F103C8Tx -DDEBUG -c -I../Inc -I"C:/E/embedded/test/final simulation code for my assignments/Unit7_MCU_Essential_Peripherals_lesson1_GPIO/click_mode/CLICK_MODE/Src/inc" -O0 -ffunction-sections -fdata-sections -Wall -fstack-usage -MMD -MP -MF"Src/CLICK_MODE.d" -MT"Src/CLICK_MODE.o" --specs=nano.specs -mfloat-abi=soft -mthumb -o "Src/CLICK_MODE.o"
arm-none-eabi-gcc "../Src/STM32_TIMERS_DRIVER.c" -mcpu=cortex-m3 -std=gnu11 -g3 -DSTM32 -DSTM32F1 -DSTM32F103C8Tx -DDEBUG -c -I../Inc -I"C:/E/embedded/test/final simulation code for my assignments/Unit7_MCU_Essential_Peripherals_lesson1_GPIO/click_mode/CLICK_MODE/Src/inc" -O0 -ffunction-sections -fdata-sections -Wall -fstack-usage -MMD -MP -MF"Src/STM32_TIMERS_DRIVER.d" -MT"Src/STM32_TIMERS_DRIVER.o" --specs=nano.specs -mfloat-abi=soft -mthumb -o "Src/STM32_TIMERS_DRIVER.o"
arm-none-eabi-gcc "../Src/main.c" -mcpu=cortex-m3 -std=gnu11 -g3 -DSTM32 -DSTM32F1 -DSTM32F103C8Tx -DDEBUG -c -I../Inc -I"C:/E/embedded/test/final simulation code for my assignments/Unit7_MCU_Essential_Peripherals_lesson1_GPIO/click_mode/CLICK_MODE/Src/inc" -O0 -ffunction-sections -fdata-sections -Wall -fstack-usage -MMD -MP -MF"Src/main.d" -MT"Src/main.o" --specs=nano.specs -mfloat-abi=soft -mthumb -o "Src/main.o"
arm-none-eabi-gcc "../Src/stm32f103c6_ISR_DRIVER.c" -mcpu=cortex-m3 -std=gnu11 -g3 -DSTM32 -DSTM32F1 -DSTM32F103C8Tx -DDEBUG -c -I../Inc -I"C:/E/embedded/test/final simulation code for my assignments/Unit7_MCU_Essential_Peripherals_lesson1_GPIO/click_mode/CLICK_MODE/Src/inc" -O0 -ffunction-sections -fdata-sections -Wall -fstack-usage -MMD -MP -MF"Src/stm32f103c6_ISR_DRIVER.d" -MT"Src/stm32f103c6_ISR_DRIVER.o" --specs=nano.specs -mfloat-abi=soft -mthumb -o "Src/stm32f103c6_ISR_DRIVER.o"
In file included from C:/E/embedded/test/final simulation code for my assignments/Unit7_MCU_Essential_Peripherals_lesson1_GPIO/click_mode/CLICK_MODE/Src/inc/STM32_TIMERS_DRIVER.h:18:0,
                 from ../Src/STM32_TIMERS_DRIVER.c:8:
C:/E/embedded/test/final simulation code for my assignments/Unit7_MCU_Essential_Peripherals_lesson1_GPIO/click_mode/CLICK_MODE/Src/inc/stm32f103c6_ISR_DRIVER.h:66:91: error: unknown type name 'interrupt_data'
 void EXTI(GPIO_typeDef* PORTx ,uint16_t pin,uint16_t triggercase,void (*function_addres) (interrupt_data* isr_data));
                                                                                           ^~~~~~~~~~~~~~
In file included from C:/E/embedded/test/final simulation code for my assignments/Unit7_MCU_Essential_Peripherals_lesson1_GPIO/click_mode/CLICK_MODE/Src/inc/STM32_TIMERS_DRIVER.h:18:0,
                 from C:/E/embedded/test/final simulation code for my assignments/Unit7_MCU_Essential_Peripherals_lesson1_GPIO/click_mode/CLICK_MODE/Src/inc/CLICK_MODE.h:12,
                 from ../Src/main.c:1:
C:/E/embedded/test/final simulation code for my assignments/Unit7_MCU_Essential_Peripherals_lesson1_GPIO/click_mode/CLICK_MODE/Src/inc/stm32f103c6_ISR_DRIVER.h:66:91: error: unknown type name 'interrupt_data'
 void EXTI(GPIO_typeDef* PORTx ,uint16_t pin,uint16_t triggercase,void (*function_addres) (interrupt_data* isr_data));
                                                                                           ^~~~~~~~~~~~~~
In file included from C:/E/embedded/test/final simulation code for my assignments/Unit7_MCU_Essential_Peripherals_lesson1_GPIO/click_mode/CLICK_MODE/Src/inc/STM32_TIMERS_DRIVER.h:18:0,
                 from C:/E/embedded/test/final simulation code for my assignments/Unit7_MCU_Essential_Peripherals_lesson1_GPIO/click_mode/CLICK_MODE/Src/inc/CLICK_MODE.h:12,
                 from ../Src/CLICK_MODE.c:8:
C:/E/embedded/test/final simulation code for my assignments/Unit7_MCU_Essential_Peripherals_lesson1_GPIO/click_mode/CLICK_MODE/Src/inc/stm32f103c6_ISR_DRIVER.h:66:91: error: unknown type name 'interrupt_data'
 void EXTI(GPIO_typeDef* PORTx ,uint16_t pin,uint16_t triggercase,void (*function_addres) (interrupt_data* isr_data));
                                                                                           ^~~~~~~~~~~~~~
../Src/main.c: In function 'main':
../Src/main.c:10:2: warning: implicit declaration of function 'EXTI'; did you mean 'EXTI1'? [-Wimplicit-function-declaration]
  EXTI(GPIOA, pin0,EXTI_Trigger_Rising,fun1);
  ^~~~
  EXTI1
../Src/CLICK_MODE.c: In function 'CLICK_MODE_INIT':
In file included from ../Src/stm32f103c6_ISR_DRIVER.c:8:0:
C:/E/embedded/test/final simulation code for my assignments/Unit7_MCU_Essential_Peripherals_lesson1_GPIO/click_mode/CLICK_MODE/Src/inc/stm32f103c6_ISR_DRIVER.h:66:91: error: unknown type name 'interrupt_data'
 void EXTI(GPIO_typeDef* PORTx ,uint16_t pin,uint16_t triggercase,void (*function_addres) (interrupt_data* isr_data));
                                                                                           ^~~~~~~~~~~~~~
../Src/CLICK_MODE.c:25:3: warning: implicit declaration of function 'EXTI'; did you mean 'EXTI1'? [-Wimplicit-function-declaration]
   EXTI(GPIOx,*arr_pins, EXTI_Trigger_RisingAndFalling, CLICK_ISR);
   ^~~~
   EXTI1
../Src/stm32f103c6_ISR_DRIVER.c:16:1: error: multiple storage classes in declaration specifiers
 typedef static struct{
 ^~~~~~~
../Src/stm32f103c6_ISR_DRIVER.c: In function 'EXTI':
../Src/stm32f103c6_ISR_DRIVER.c:296:39: warning: assignment from incompatible pointer type [-Wincompatible-pointer-types]
  GP_IRQ_Callback[interrupt_numpers++] =function_addres;
                                       ^
../Src/stm32f103c6_ISR_DRIVER.c: In function 'EXTI0_IRQHandler':
../Src/stm32f103c6_ISR_DRIVER.c:311:2: error: too few arguments to function 'GP_IRQ_Callback[0]'
  GP_IRQ_Callback[0]();
  ^~~~~~~~~~~~~~~
../Src/stm32f103c6_ISR_DRIVER.c: In function 'EXTI1_IRQHandler':
../Src/stm32f103c6_ISR_DRIVER.c:316:2: error: too few arguments to function 'GP_IRQ_Callback[1]'
  GP_IRQ_Callback[1]();
  ^~~~~~~~~~~~~~~
../Src/stm32f103c6_ISR_DRIVER.c: In function 'EXTI2_IRQHandler':
../Src/stm32f103c6_ISR_DRIVER.c:322:2: error: too few arguments to function 'GP_IRQ_Callback[2]'
  GP_IRQ_Callback[2]();
  ^~~~~~~~~~~~~~~
../Src/stm32f103c6_ISR_DRIVER.c: In function 'EXTI3_IRQHandler':
../Src/stm32f103c6_ISR_DRIVER.c:327:2: error: too few arguments to function 'GP_IRQ_Callback[3]'
  GP_IRQ_Callback[3]();
  ^~~~~~~~~~~~~~~
../Src/stm32f103c6_ISR_DRIVER.c: In function 'EXTI4_IRQHandler':
../Src/stm32f103c6_ISR_DRIVER.c:332:2: error: too few arguments to function 'GP_IRQ_Callback[4]'
  GP_IRQ_Callback[4]();
  ^~~~~~~~~~~~~~~
../Src/stm32f103c6_ISR_DRIVER.c: In function 'EXTI9_5_IRQHandler':
../Src/stm32f103c6_ISR_DRIVER.c:336:55: error: too few arguments to function 'GP_IRQ_Callback[5]'
  if(EXIT->EXTI_PR & (1<<5)) {EXIT->EXTI_PR |= (1<<5); GP_IRQ_Callback[5]();  }
                                                       ^~~~~~~~~~~~~~~
make: *** [Src/subdir.mk:94: Src/main.o] Error 1
make: *** Waiting for unfinished jobs....
../Src/stm32f103c6_ISR_DRIVER.c:337:55: error: too few arguments to function 'GP_IRQ_Callback[6]'
  if(EXIT->EXTI_PR & (1<<6)) {EXIT->EXTI_PR |= (1<<6); GP_IRQ_Callback[6]();  }
                                                       ^~~~~~~~~~~~~~~
../Src/stm32f103c6_ISR_DRIVER.c:338:55: error: too few arguments to function 'GP_IRQ_Callback[7]'
  if(EXIT->EXTI_PR & (1<<7)) {EXIT->EXTI_PR |= (1<<7); GP_IRQ_Callback[7]();  }
                                                       ^~~~~~~~~~~~~~~
make: *** [Src/subdir.mk:72: Src/CLICK_MODE.o] Error 1
../Src/stm32f103c6_ISR_DRIVER.c:339:55: error: too few arguments to function 'GP_IRQ_Callback[8]'
  if(EXIT->EXTI_PR & (1<<8)) {EXIT->EXTI_PR |= (1<<8); GP_IRQ_Callback[8]();  }
                                                       ^~~~~~~~~~~~~~~
../Src/stm32f103c6_ISR_DRIVER.c:340:55: error: too few arguments to function 'GP_IRQ_Callback[9]'
  if(EXIT->EXTI_PR & (1<<9)) {EXIT->EXTI_PR |= (1<<9); GP_IRQ_Callback[9]();  }
                                                       ^~~~~~~~~~~~~~~
../Src/stm32f103c6_ISR_DRIVER.c: In function 'EXTI15_10_IRQHandler':
make: *** [Src/subdir.mk:90: Src/STM32_TIMERS_DRIVER.o] Error 1
../Src/stm32f103c6_ISR_DRIVER.c:344:57: error: too few arguments to function 'GP_IRQ_Callback[10]'
  if(EXIT->EXTI_PR & (1<<10)) {EXIT->EXTI_PR |= (1<<10); GP_IRQ_Callback[10]();  }
                                                         ^~~~~~~~~~~~~~~
../Src/stm32f103c6_ISR_DRIVER.c:345:57: error: too few arguments to function 'GP_IRQ_Callback[11]'
  if(EXIT->EXTI_PR & (1<<11)) {EXIT->EXTI_PR |= (1<<11); GP_IRQ_Callback[11]();  }
                                                         ^~~~~~~~~~~~~~~
../Src/stm32f103c6_ISR_DRIVER.c:346:57: error: too few arguments to function 'GP_IRQ_Callback[12]'
  if(EXIT->EXTI_PR & (1<<12)) {EXIT->EXTI_PR |= (1<<12); GP_IRQ_Callback[12]();  }
                                                         ^~~~~~~~~~~~~~~
../Src/stm32f103c6_ISR_DRIVER.c:347:57: error: too few arguments to function 'GP_IRQ_Callback[13]'
  if(EXIT->EXTI_PR & (1<<13)) {EXIT->EXTI_PR |= (1<<13); GP_IRQ_Callback[13]();  }
                                                         ^~~~~~~~~~~~~~~
../Src/stm32f103c6_ISR_DRIVER.c:348:57: error: too few arguments to function 'GP_IRQ_Callback[14]'
  if(EXIT->EXTI_PR & (1<<14)) {EXIT->EXTI_PR |= (1<<14); GP_IRQ_Callback[14]();  }
                                                         ^~~~~~~~~~~~~~~
../Src/stm32f103c6_ISR_DRIVER.c:349:57: error: too few arguments to function 'GP_IRQ_Callback[15]'
  if(EXIT->EXTI_PR & (1<<15)) {EXIT->EXTI_PR |= (1<<15); GP_IRQ_Callback[15]();  }
                                                         ^~~~~~~~~~~~~~~
make: *** [Src/subdir.mk:100: Src/stm32f103c6_ISR_DRIVER.o] Error 1
"make -j16 all" terminated with exit code 2. Build might be incomplete.
18:58:03 **** Incremental Build of configuration Debug for project CLICK_MODE ****
make -j16 all 
arm-none-eabi-gcc "../Src/CLICK_MODE.c" -mcpu=cortex-m3 -std=gnu11 -g3 -DSTM32 -DSTM32F1 -DSTM32F103C8Tx -DDEBUG -c -I../Inc -I"C:/E/embedded/test/final simulation code for my assignments/Unit7_MCU_Essential_Peripherals_lesson1_GPIO/click_mode/CLICK_MODE/Src/inc" -O0 -ffunction-sections -fdata-sections -Wall -fstack-usage -MMD -MP -MF"Src/CLICK_MODE.d" -MT"Src/CLICK_MODE.o" --specs=nano.specs -mfloat-abi=soft -mthumb -o "Src/CLICK_MODE.o"
arm-none-eabi-gcc "../Src/STM32_TIMERS_DRIVER.c" -mcpu=cortex-m3 -std=gnu11 -g3 -DSTM32 -DSTM32F1 -DSTM32F103C8Tx -DDEBUG -c -I../Inc -I"C:/E/embedded/test/final simulation code for my assignments/Unit7_MCU_Essential_Peripherals_lesson1_GPIO/click_mode/CLICK_MODE/Src/inc" -O0 -ffunction-sections -fdata-sections -Wall -fstack-usage -MMD -MP -MF"Src/STM32_TIMERS_DRIVER.d" -MT"Src/STM32_TIMERS_DRIVER.o" --specs=nano.specs -mfloat-abi=soft -mthumb -o "Src/STM32_TIMERS_DRIVER.o"
arm-none-eabi-gcc "../Src/main.c" -mcpu=cortex-m3 -std=gnu11 -g3 -DSTM32 -DSTM32F1 -DSTM32F103C8Tx -DDEBUG -c -I../Inc -I"C:/E/embedded/test/final simulation code for my assignments/Unit7_MCU_Essential_Peripherals_lesson1_GPIO/click_mode/CLICK_MODE/Src/inc" -O0 -ffunction-sections -fdata-sections -Wall -fstack-usage -MMD -MP -MF"Src/main.d" -MT"Src/main.o" --specs=nano.specs -mfloat-abi=soft -mthumb -o "Src/main.o"
arm-none-eabi-gcc "../Src/stm32f103c6_ISR_DRIVER.c" -mcpu=cortex-m3 -std=gnu11 -g3 -DSTM32 -DSTM32F1 -DSTM32F103C8Tx -DDEBUG -c -I../Inc -I"C:/E/embedded/test/final simulation code for my assignments/Unit7_MCU_Essential_Peripherals_lesson1_GPIO/click_mode/CLICK_MODE/Src/inc" -O0 -ffunction-sections -fdata-sections -Wall -fstack-usage -MMD -MP -MF"Src/stm32f103c6_ISR_DRIVER.d" -MT"Src/stm32f103c6_ISR_DRIVER.o" --specs=nano.specs -mfloat-abi=soft -mthumb -o "Src/stm32f103c6_ISR_DRIVER.o"
In file included from C:/E/embedded/test/final simulation code for my assignments/Unit7_MCU_Essential_Peripherals_lesson1_GPIO/click_mode/CLICK_MODE/Src/inc/STM32_TIMERS_DRIVER.h:18:0,
                 from ../Src/STM32_TIMERS_DRIVER.c:8:
C:/E/embedded/test/final simulation code for my assignments/Unit7_MCU_Essential_Peripherals_lesson1_GPIO/click_mode/CLICK_MODE/Src/inc/stm32f103c6_ISR_DRIVER.h:66:91: error: unknown type name 'interrupt_data'
 void EXTI(GPIO_typeDef* PORTx ,uint16_t pin,uint16_t triggercase,void (*function_addres) (interrupt_data* isr_data));
                                                                                           ^~~~~~~~~~~~~~
make: *** [Src/subdir.mk:90: Src/STM32_TIMERS_DRIVER.o] Error 1
make: *** Waiting for unfinished jobs....
In file included from C:/E/embedded/test/final simulation code for my assignments/Unit7_MCU_Essential_Peripherals_lesson1_GPIO/click_mode/CLICK_MODE/Src/inc/STM32_TIMERS_DRIVER.h:18:0,
                 from C:/E/embedded/test/final simulation code for my assignments/Unit7_MCU_Essential_Peripherals_lesson1_GPIO/click_mode/CLICK_MODE/Src/inc/CLICK_MODE.h:12,
                 from ../Src/CLICK_MODE.c:8:
C:/E/embedded/test/final simulation code for my assignments/Unit7_MCU_Essential_Peripherals_lesson1_GPIO/click_mode/CLICK_MODE/Src/inc/stm32f103c6_ISR_DRIVER.h:66:91: error: unknown type name 'interrupt_data'
 void EXTI(GPIO_typeDef* PORTx ,uint16_t pin,uint16_t triggercase,void (*function_addres) (interrupt_data* isr_data));
                                                                                           ^~~~~~~~~~~~~~
../Src/CLICK_MODE.c: In function 'CLICK_MODE_INIT':
../Src/CLICK_MODE.c:25:3: warning: implicit declaration of function 'EXTI'; did you mean 'EXTI1'? [-Wimplicit-function-declaration]
   EXTI(GPIOx,*arr_pins, EXTI_Trigger_RisingAndFalling, CLICK_ISR);
   ^~~~
   EXTI1
make: *** [Src/subdir.mk:72: Src/CLICK_MODE.o] Error 1
In file included from ../Src/stm32f103c6_ISR_DRIVER.c:8:0:
C:/E/embedded/test/final simulation code for my assignments/Unit7_MCU_Essential_Peripherals_lesson1_GPIO/click_mode/CLICK_MODE/Src/inc/stm32f103c6_ISR_DRIVER.h:66:91: error: unknown type name 'interrupt_data'
 void EXTI(GPIO_typeDef* PORTx ,uint16_t pin,uint16_t triggercase,void (*function_addres) (interrupt_data* isr_data));
                                                                                           ^~~~~~~~~~~~~~
../Src/stm32f103c6_ISR_DRIVER.c: In function 'EXTI':
../Src/stm32f103c6_ISR_DRIVER.c:296:39: warning: assignment from incompatible pointer type [-Wincompatible-pointer-types]
  GP_IRQ_Callback[interrupt_numpers++] =function_addres;
                                       ^
../Src/stm32f103c6_ISR_DRIVER.c: In function 'EXTI0_IRQHandler':
../Src/stm32f103c6_ISR_DRIVER.c:311:2: error: too few arguments to function 'GP_IRQ_Callback[0]'
  GP_IRQ_Callback[0]();
  ^~~~~~~~~~~~~~~
../Src/stm32f103c6_ISR_DRIVER.c: In function 'EXTI1_IRQHandler':
../Src/stm32f103c6_ISR_DRIVER.c:316:2: error: too few arguments to function 'GP_IRQ_Callback[1]'
  GP_IRQ_Callback[1]();
  ^~~~~~~~~~~~~~~
../Src/stm32f103c6_ISR_DRIVER.c: In function 'EXTI2_IRQHandler':
../Src/stm32f103c6_ISR_DRIVER.c:322:2: error: too few arguments to function 'GP_IRQ_Callback[2]'
  GP_IRQ_Callback[2]();
  ^~~~~~~~~~~~~~~
In file included from C:/E/embedded/test/final simulation code for my assignments/Unit7_MCU_Essential_Peripherals_lesson1_GPIO/click_mode/CLICK_MODE/Src/inc/STM32_TIMERS_DRIVER.h:18:0,
                 from C:/E/embedded/test/final simulation code for my assignments/Unit7_MCU_Essential_Peripherals_lesson1_GPIO/click_mode/CLICK_MODE/Src/inc/CLICK_MODE.h:12,
                 from ../Src/main.c:1:
C:/E/embedded/test/final simulation code for my assignments/Unit7_MCU_Essential_Peripherals_lesson1_GPIO/click_mode/CLICK_MODE/Src/inc/stm32f103c6_ISR_DRIVER.h:66:91: error: unknown type name 'interrupt_data'
 void EXTI(GPIO_typeDef* PORTx ,uint16_t pin,uint16_t triggercase,void (*function_addres) (interrupt_data* isr_data));
                                                                                           ^~~~~~~~~~~~~~
../Src/stm32f103c6_ISR_DRIVER.c: In function 'EXTI3_IRQHandler':
../Src/stm32f103c6_ISR_DRIVER.c:327:2: error: too few arguments to function 'GP_IRQ_Callback[3]'
  GP_IRQ_Callback[3]();
  ^~~~~~~~~~~~~~~
../Src/stm32f103c6_ISR_DRIVER.c: In function 'EXTI4_IRQHandler':
../Src/stm32f103c6_ISR_DRIVER.c:332:2: error: too few arguments to function 'GP_IRQ_Callback[4]'
  GP_IRQ_Callback[4]();
  ^~~~~~~~~~~~~~~
../Src/stm32f103c6_ISR_DRIVER.c: In function 'EXTI9_5_IRQHandler':
../Src/stm32f103c6_ISR_DRIVER.c:336:55: error: too few arguments to function 'GP_IRQ_Callback[5]'
  if(EXIT->EXTI_PR & (1<<5)) {EXIT->EXTI_PR |= (1<<5); GP_IRQ_Callback[5]();  }
                                                       ^~~~~~~~~~~~~~~
../Src/main.c: In function 'main':
../Src/stm32f103c6_ISR_DRIVER.c:337:55: error: too few arguments to function 'GP_IRQ_Callback[6]'
  if(EXIT->EXTI_PR & (1<<6)) {EXIT->EXTI_PR |= (1<<6); GP_IRQ_Callback[6]();  }
                                                       ^~~~~~~~~~~~~~~
../Src/stm32f103c6_ISR_DRIVER.c:338:55: error: too few arguments to function 'GP_IRQ_Callback[7]'
  if(EXIT->EXTI_PR & (1<<7)) {EXIT->EXTI_PR |= (1<<7); GP_IRQ_Callback[7]();  }
                                                       ^~~~~~~~~~~~~~~
../Src/main.c:10:2: warning: implicit declaration of function 'EXTI'; did you mean 'EXTI1'? [-Wimplicit-function-declaration]
  EXTI(GPIOA, pin0,EXTI_Trigger_Rising,fun1);
  ^~~~
  EXTI1
../Src/stm32f103c6_ISR_DRIVER.c:339:55: error: too few arguments to function 'GP_IRQ_Callback[8]'
  if(EXIT->EXTI_PR & (1<<8)) {EXIT->EXTI_PR |= (1<<8); GP_IRQ_Callback[8]();  }
                                                       ^~~~~~~~~~~~~~~
../Src/stm32f103c6_ISR_DRIVER.c:340:55: error: too few arguments to function 'GP_IRQ_Callback[9]'
  if(EXIT->EXTI_PR & (1<<9)) {EXIT->EXTI_PR |= (1<<9); GP_IRQ_Callback[9]();  }
                                                       ^~~~~~~~~~~~~~~
../Src/stm32f103c6_ISR_DRIVER.c: In function 'EXTI15_10_IRQHandler':
../Src/stm32f103c6_ISR_DRIVER.c:344:57: error: too few arguments to function 'GP_IRQ_Callback[10]'
  if(EXIT->EXTI_PR & (1<<10)) {EXIT->EXTI_PR |= (1<<10); GP_IRQ_Callback[10]();  }
                                                         ^~~~~~~~~~~~~~~
../Src/stm32f103c6_ISR_DRIVER.c:345:57: error: too few arguments to function 'GP_IRQ_Callback[11]'
  if(EXIT->EXTI_PR & (1<<11)) {EXIT->EXTI_PR |= (1<<11); GP_IRQ_Callback[11]();  }
                                                         ^~~~~~~~~~~~~~~
../Src/stm32f103c6_ISR_DRIVER.c:346:57: error: too few arguments to function 'GP_IRQ_Callback[12]'
  if(EXIT->EXTI_PR & (1<<12)) {EXIT->EXTI_PR |= (1<<12); GP_IRQ_Callback[12]();  }
                                                         ^~~~~~~~~~~~~~~
../Src/stm32f103c6_ISR_DRIVER.c:347:57: error: too few arguments to function 'GP_IRQ_Callback[13]'
  if(EXIT->EXTI_PR & (1<<13)) {EXIT->EXTI_PR |= (1<<13); GP_IRQ_Callback[13]();  }
                                                         ^~~~~~~~~~~~~~~
../Src/stm32f103c6_ISR_DRIVER.c:348:57: error: too few arguments to function 'GP_IRQ_Callback[14]'
  if(EXIT->EXTI_PR & (1<<14)) {EXIT->EXTI_PR |= (1<<14); GP_IRQ_Callback[14]();  }
                                                         ^~~~~~~~~~~~~~~
../Src/stm32f103c6_ISR_DRIVER.c:349:57: error: too few arguments to function 'GP_IRQ_Callback[15]'
  if(EXIT->EXTI_PR & (1<<15)) {EXIT->EXTI_PR |= (1<<15); GP_IRQ_Callback[15]();  }
                                                         ^~~~~~~~~~~~~~~
make: *** [Src/subdir.mk:94: Src/main.o] Error 1
make: *** [Src/subdir.mk:100: Src/stm32f103c6_ISR_DRIVER.o] Error 1
"make -j16 all" terminated with exit code 2. Build might be incomplete.
19:00:53 **** Incremental Build of configuration Debug for project CLICK_MODE ****
make -j16 all 
arm-none-eabi-gcc "../Src/CLICK_MODE.c" -mcpu=cortex-m3 -std=gnu11 -g3 -DSTM32 -DSTM32F1 -DSTM32F103C8Tx -DDEBUG -c -I../Inc -I"C:/E/embedded/test/final simulation code for my assignments/Unit7_MCU_Essential_Peripherals_lesson1_GPIO/click_mode/CLICK_MODE/Src/inc" -O0 -ffunction-sections -fdata-sections -Wall -fstack-usage -MMD -MP -MF"Src/CLICK_MODE.d" -MT"Src/CLICK_MODE.o" --specs=nano.specs -mfloat-abi=soft -mthumb -o "Src/CLICK_MODE.o"
arm-none-eabi-gcc "../Src/STM32_TIMERS_DRIVER.c" -mcpu=cortex-m3 -std=gnu11 -g3 -DSTM32 -DSTM32F1 -DSTM32F103C8Tx -DDEBUG -c -I../Inc -I"C:/E/embedded/test/final simulation code for my assignments/Unit7_MCU_Essential_Peripherals_lesson1_GPIO/click_mode/CLICK_MODE/Src/inc" -O0 -ffunction-sections -fdata-sections -Wall -fstack-usage -MMD -MP -MF"Src/STM32_TIMERS_DRIVER.d" -MT"Src/STM32_TIMERS_DRIVER.o" --specs=nano.specs -mfloat-abi=soft -mthumb -o "Src/STM32_TIMERS_DRIVER.o"
arm-none-eabi-gcc "../Src/main.c" -mcpu=cortex-m3 -std=gnu11 -g3 -DSTM32 -DSTM32F1 -DSTM32F103C8Tx -DDEBUG -c -I../Inc -I"C:/E/embedded/test/final simulation code for my assignments/Unit7_MCU_Essential_Peripherals_lesson1_GPIO/click_mode/CLICK_MODE/Src/inc" -O0 -ffunction-sections -fdata-sections -Wall -fstack-usage -MMD -MP -MF"Src/main.d" -MT"Src/main.o" --specs=nano.specs -mfloat-abi=soft -mthumb -o "Src/main.o"
arm-none-eabi-gcc "../Src/stm32f103c6_ISR_DRIVER.c" -mcpu=cortex-m3 -std=gnu11 -g3 -DSTM32 -DSTM32F1 -DSTM32F103C8Tx -DDEBUG -c -I../Inc -I"C:/E/embedded/test/final simulation code for my assignments/Unit7_MCU_Essential_Peripherals_lesson1_GPIO/click_mode/CLICK_MODE/Src/inc" -O0 -ffunction-sections -fdata-sections -Wall -fstack-usage -MMD -MP -MF"Src/stm32f103c6_ISR_DRIVER.d" -MT"Src/stm32f103c6_ISR_DRIVER.o" --specs=nano.specs -mfloat-abi=soft -mthumb -o "Src/stm32f103c6_ISR_DRIVER.o"
In file included from C:/E/embedded/test/final simulation code for my assignments/Unit7_MCU_Essential_Peripherals_lesson1_GPIO/click_mode/CLICK_MODE/Src/inc/STM32_TIMERS_DRIVER.h:18:0,
                 from ../Src/STM32_TIMERS_DRIVER.c:8:
C:/E/embedded/test/final simulation code for my assignments/Unit7_MCU_Essential_Peripherals_lesson1_GPIO/click_mode/CLICK_MODE/Src/inc/stm32f103c6_ISR_DRIVER.h:66:91: error: unknown type name 'interrupt_data'
 void EXTI(GPIO_typeDef* PORTx ,uint16_t pin,uint16_t triggercase,void (*function_addres) (interrupt_data* isr_data));
                                                                                           ^~~~~~~~~~~~~~
In file included from C:/E/embedded/test/final simulation code for my assignments/Unit7_MCU_Essential_Peripherals_lesson1_GPIO/click_mode/CLICK_MODE/Src/inc/STM32_TIMERS_DRIVER.h:18:0,
                 from C:/E/embedded/test/final simulation code for my assignments/Unit7_MCU_Essential_Peripherals_lesson1_GPIO/click_mode/CLICK_MODE/Src/inc/CLICK_MODE.h:12,
                 from ../Src/main.c:1:
C:/E/embedded/test/final simulation code for my assignments/Unit7_MCU_Essential_Peripherals_lesson1_GPIO/click_mode/CLICK_MODE/Src/inc/stm32f103c6_ISR_DRIVER.h:66:91: error: unknown type name 'interrupt_data'
 void EXTI(GPIO_typeDef* PORTx ,uint16_t pin,uint16_t triggercase,void (*function_addres) (interrupt_data* isr_data));
                                                                                           ^~~~~~~~~~~~~~
../Src/main.c: In function 'main':
../Src/main.c:10:2: warning: implicit declaration of function 'EXTI'; did you mean 'EXTI1'? [-Wimplicit-function-declaration]
  EXTI(GPIOA, pin0,EXTI_Trigger_Rising,fun1);
  ^~~~
  EXTI1
In file included from C:/E/embedded/test/final simulation code for my assignments/Unit7_MCU_Essential_Peripherals_lesson1_GPIO/click_mode/CLICK_MODE/Src/inc/STM32_TIMERS_DRIVER.h:18:0,
                 from C:/E/embedded/test/final simulation code for my assignments/Unit7_MCU_Essential_Peripherals_lesson1_GPIO/click_mode/CLICK_MODE/Src/inc/CLICK_MODE.h:12,
                 from ../Src/CLICK_MODE.c:8:
C:/E/embedded/test/final simulation code for my assignments/Unit7_MCU_Essential_Peripherals_lesson1_GPIO/click_mode/CLICK_MODE/Src/inc/stm32f103c6_ISR_DRIVER.h:66:91: error: unknown type name 'interrupt_data'
 void EXTI(GPIO_typeDef* PORTx ,uint16_t pin,uint16_t triggercase,void (*function_addres) (interrupt_data* isr_data));
                                                                                           ^~~~~~~~~~~~~~
../Src/CLICK_MODE.c: In function 'CLICK_MODE_INIT':
In file included from ../Src/stm32f103c6_ISR_DRIVER.c:8:0:
C:/E/embedded/test/final simulation code for my assignments/Unit7_MCU_Essential_Peripherals_lesson1_GPIO/click_mode/CLICK_MODE/Src/inc/stm32f103c6_ISR_DRIVER.h:66:91: error: unknown type name 'interrupt_data'
 void EXTI(GPIO_typeDef* PORTx ,uint16_t pin,uint16_t triggercase,void (*function_addres) (interrupt_data* isr_data));
                                                                                           ^~~~~~~~~~~~~~
../Src/CLICK_MODE.c:25:3: warning: implicit declaration of function 'EXTI'; did you mean 'EXTI1'? [-Wimplicit-function-declaration]
   EXTI(GPIOx,*arr_pins, EXTI_Trigger_RisingAndFalling, CLICK_ISR);
   ^~~~
   EXTI1
../Src/stm32f103c6_ISR_DRIVER.c: In function 'EXTI0_IRQHandler':
../Src/stm32f103c6_ISR_DRIVER.c:311:2: error: too few arguments to function 'GP_IRQ_Callback[0]'
  GP_IRQ_Callback[0]();
  ^~~~~~~~~~~~~~~
../Src/stm32f103c6_ISR_DRIVER.c: In function 'EXTI1_IRQHandler':
../Src/stm32f103c6_ISR_DRIVER.c:316:2: error: too few arguments to function 'GP_IRQ_Callback[1]'
  GP_IRQ_Callback[1]();
  ^~~~~~~~~~~~~~~
../Src/stm32f103c6_ISR_DRIVER.c: In function 'EXTI2_IRQHandler':
../Src/stm32f103c6_ISR_DRIVER.c:322:2: error: too few arguments to function 'GP_IRQ_Callback[2]'
  GP_IRQ_Callback[2]();
  ^~~~~~~~~~~~~~~
../Src/stm32f103c6_ISR_DRIVER.c: In function 'EXTI3_IRQHandler':
../Src/stm32f103c6_ISR_DRIVER.c:327:2: error: too few arguments to function 'GP_IRQ_Callback[3]'
  GP_IRQ_Callback[3]();
  ^~~~~~~~~~~~~~~
../Src/stm32f103c6_ISR_DRIVER.c: In function 'EXTI4_IRQHandler':
../Src/stm32f103c6_ISR_DRIVER.c:332:2: error: too few arguments to function 'GP_IRQ_Callback[4]'
  GP_IRQ_Callback[4]();
  ^~~~~~~~~~~~~~~
../Src/stm32f103c6_ISR_DRIVER.c: In function 'EXTI9_5_IRQHandler':
../Src/stm32f103c6_ISR_DRIVER.c:336:55: error: too few arguments to function 'GP_IRQ_Callback[5]'
  if(EXIT->EXTI_PR & (1<<5)) {EXIT->EXTI_PR |= (1<<5); GP_IRQ_Callback[5]();  }
                                                       ^~~~~~~~~~~~~~~
make: *** [Src/subdir.mk:94: Src/main.o] Error 1
make: *** Waiting for unfinished jobs....
../Src/stm32f103c6_ISR_DRIVER.c:337:55: error: too few arguments to function 'GP_IRQ_Callback[6]'
  if(EXIT->EXTI_PR & (1<<6)) {EXIT->EXTI_PR |= (1<<6); GP_IRQ_Callback[6]();  }
                                                       ^~~~~~~~~~~~~~~
../Src/stm32f103c6_ISR_DRIVER.c:338:55: error: too few arguments to function 'GP_IRQ_Callback[7]'
  if(EXIT->EXTI_PR & (1<<7)) {EXIT->EXTI_PR |= (1<<7); GP_IRQ_Callback[7]();  }
                                                       ^~~~~~~~~~~~~~~
../Src/stm32f103c6_ISR_DRIVER.c:339:55: error: too few arguments to function 'GP_IRQ_Callback[8]'
  if(EXIT->EXTI_PR & (1<<8)) {EXIT->EXTI_PR |= (1<<8); GP_IRQ_Callback[8]();  }
                                                       ^~~~~~~~~~~~~~~
../Src/stm32f103c6_ISR_DRIVER.c:340:55: error: too few arguments to function 'GP_IRQ_Callback[9]'
  if(EXIT->EXTI_PR & (1<<9)) {EXIT->EXTI_PR |= (1<<9); GP_IRQ_Callback[9]();  }
                                                       ^~~~~~~~~~~~~~~
make: *** [Src/subdir.mk:90: Src/STM32_TIMERS_DRIVER.o] Error 1
../Src/stm32f103c6_ISR_DRIVER.c: In function 'EXTI15_10_IRQHandler':
../Src/stm32f103c6_ISR_DRIVER.c:344:57: error: too few arguments to function 'GP_IRQ_Callback[10]'
  if(EXIT->EXTI_PR & (1<<10)) {EXIT->EXTI_PR |= (1<<10); GP_IRQ_Callback[10]();  }
                                                         ^~~~~~~~~~~~~~~
make: *** [Src/subdir.mk:72: Src/CLICK_MODE.o] Error 1
../Src/stm32f103c6_ISR_DRIVER.c:345:57: error: too few arguments to function 'GP_IRQ_Callback[11]'
  if(EXIT->EXTI_PR & (1<<11)) {EXIT->EXTI_PR |= (1<<11); GP_IRQ_Callback[11]();  }
                                                         ^~~~~~~~~~~~~~~
../Src/stm32f103c6_ISR_DRIVER.c:346:57: error: too few arguments to function 'GP_IRQ_Callback[12]'
  if(EXIT->EXTI_PR & (1<<12)) {EXIT->EXTI_PR |= (1<<12); GP_IRQ_Callback[12]();  }
                                                         ^~~~~~~~~~~~~~~
../Src/stm32f103c6_ISR_DRIVER.c:347:57: error: too few arguments to function 'GP_IRQ_Callback[13]'
  if(EXIT->EXTI_PR & (1<<13)) {EXIT->EXTI_PR |= (1<<13); GP_IRQ_Callback[13]();  }
                                                         ^~~~~~~~~~~~~~~
../Src/stm32f103c6_ISR_DRIVER.c:348:57: error: too few arguments to function 'GP_IRQ_Callback[14]'
  if(EXIT->EXTI_PR & (1<<14)) {EXIT->EXTI_PR |= (1<<14); GP_IRQ_Callback[14]();  }
                                                         ^~~~~~~~~~~~~~~
../Src/stm32f103c6_ISR_DRIVER.c:349:57: error: too few arguments to function 'GP_IRQ_Callback[15]'
  if(EXIT->EXTI_PR & (1<<15)) {EXIT->EXTI_PR |= (1<<15); GP_IRQ_Callback[15]();  }
                                                         ^~~~~~~~~~~~~~~
make: *** [Src/subdir.mk:100: Src/stm32f103c6_ISR_DRIVER.o] Error 1
"make -j16 all" terminated with exit code 2. Build might be incomplete.
19:01:36 **** Incremental Build of configuration Debug for project CLICK_MODE ****
make -j16 all 
arm-none-eabi-gcc "../Src/CLICK_MODE.c" -mcpu=cortex-m3 -std=gnu11 -g3 -DSTM32 -DSTM32F1 -DSTM32F103C8Tx -DDEBUG -c -I../Inc -I"C:/E/embedded/test/final simulation code for my assignments/Unit7_MCU_Essential_Peripherals_lesson1_GPIO/click_mode/CLICK_MODE/Src/inc" -O0 -ffunction-sections -fdata-sections -Wall -fstack-usage -MMD -MP -MF"Src/CLICK_MODE.d" -MT"Src/CLICK_MODE.o" --specs=nano.specs -mfloat-abi=soft -mthumb -o "Src/CLICK_MODE.o"
arm-none-eabi-gcc "../Src/STM32_TIMERS_DRIVER.c" -mcpu=cortex-m3 -std=gnu11 -g3 -DSTM32 -DSTM32F1 -DSTM32F103C8Tx -DDEBUG -c -I../Inc -I"C:/E/embedded/test/final simulation code for my assignments/Unit7_MCU_Essential_Peripherals_lesson1_GPIO/click_mode/CLICK_MODE/Src/inc" -O0 -ffunction-sections -fdata-sections -Wall -fstack-usage -MMD -MP -MF"Src/STM32_TIMERS_DRIVER.d" -MT"Src/STM32_TIMERS_DRIVER.o" --specs=nano.specs -mfloat-abi=soft -mthumb -o "Src/STM32_TIMERS_DRIVER.o"
arm-none-eabi-gcc "../Src/main.c" -mcpu=cortex-m3 -std=gnu11 -g3 -DSTM32 -DSTM32F1 -DSTM32F103C8Tx -DDEBUG -c -I../Inc -I"C:/E/embedded/test/final simulation code for my assignments/Unit7_MCU_Essential_Peripherals_lesson1_GPIO/click_mode/CLICK_MODE/Src/inc" -O0 -ffunction-sections -fdata-sections -Wall -fstack-usage -MMD -MP -MF"Src/main.d" -MT"Src/main.o" --specs=nano.specs -mfloat-abi=soft -mthumb -o "Src/main.o"
arm-none-eabi-gcc "../Src/stm32f103c6_ISR_DRIVER.c" -mcpu=cortex-m3 -std=gnu11 -g3 -DSTM32 -DSTM32F1 -DSTM32F103C8Tx -DDEBUG -c -I../Inc -I"C:/E/embedded/test/final simulation code for my assignments/Unit7_MCU_Essential_Peripherals_lesson1_GPIO/click_mode/CLICK_MODE/Src/inc" -O0 -ffunction-sections -fdata-sections -Wall -fstack-usage -MMD -MP -MF"Src/stm32f103c6_ISR_DRIVER.d" -MT"Src/stm32f103c6_ISR_DRIVER.o" --specs=nano.specs -mfloat-abi=soft -mthumb -o "Src/stm32f103c6_ISR_DRIVER.o"
In file included from C:/E/embedded/test/final simulation code for my assignments/Unit7_MCU_Essential_Peripherals_lesson1_GPIO/click_mode/CLICK_MODE/Src/inc/STM32_TIMERS_DRIVER.h:18:0,
                 from C:/E/embedded/test/final simulation code for my assignments/Unit7_MCU_Essential_Peripherals_lesson1_GPIO/click_mode/CLICK_MODE/Src/inc/CLICK_MODE.h:12,
                 from ../Src/CLICK_MODE.c:8:
C:/E/embedded/test/final simulation code for my assignments/Unit7_MCU_Essential_Peripherals_lesson1_GPIO/click_mode/CLICK_MODE/Src/inc/stm32f103c6_ISR_DRIVER.h:66:91: error: unknown type name 'interrupt_data'
 void EXTI(GPIO_typeDef* PORTx ,uint16_t pin,uint16_t triggercase,void (*function_addres) (interrupt_data* isr_data));
                                                                                           ^~~~~~~~~~~~~~
../Src/CLICK_MODE.c: In function 'CLICK_MODE_INIT':
../Src/CLICK_MODE.c:25:3: warning: implicit declaration of function 'EXTI'; did you mean 'EXTI1'? [-Wimplicit-function-declaration]
   EXTI(GPIOx,*arr_pins, EXTI_Trigger_RisingAndFalling, CLICK_ISR);
   ^~~~
   EXTI1
In file included from C:/E/embedded/test/final simulation code for my assignments/Unit7_MCU_Essential_Peripherals_lesson1_GPIO/click_mode/CLICK_MODE/Src/inc/STM32_TIMERS_DRIVER.h:18:0,
                 from C:/E/embedded/test/final simulation code for my assignments/Unit7_MCU_Essential_Peripherals_lesson1_GPIO/click_mode/CLICK_MODE/Src/inc/CLICK_MODE.h:12,
                 from ../Src/main.c:1:
C:/E/embedded/test/final simulation code for my assignments/Unit7_MCU_Essential_Peripherals_lesson1_GPIO/click_mode/CLICK_MODE/Src/inc/stm32f103c6_ISR_DRIVER.h:66:91: error: unknown type name 'interrupt_data'
 void EXTI(GPIO_typeDef* PORTx ,uint16_t pin,uint16_t triggercase,void (*function_addres) (interrupt_data* isr_data));
                                                                                           ^~~~~~~~~~~~~~
../Src/main.c: In function 'main':
../Src/main.c:10:2: warning: implicit declaration of function 'EXTI'; did you mean 'EXTI1'? [-Wimplicit-function-declaration]
  EXTI(GPIOA, pin0,EXTI_Trigger_Rising,fun1);
  ^~~~
  EXTI1
In file included from C:/E/embedded/test/final simulation code for my assignments/Unit7_MCU_Essential_Peripherals_lesson1_GPIO/click_mode/CLICK_MODE/Src/inc/STM32_TIMERS_DRIVER.h:18:0,
                 from ../Src/STM32_TIMERS_DRIVER.c:8:
C:/E/embedded/test/final simulation code for my assignments/Unit7_MCU_Essential_Peripherals_lesson1_GPIO/click_mode/CLICK_MODE/Src/inc/stm32f103c6_ISR_DRIVER.h:66:91: error: unknown type name 'interrupt_data'
 void EXTI(GPIO_typeDef* PORTx ,uint16_t pin,uint16_t triggercase,void (*function_addres) (interrupt_data* isr_data));
                                                                                           ^~~~~~~~~~~~~~
make: *** [Src/subdir.mk:72: Src/CLICK_MODE.o] Error 1
make: *** Waiting for unfinished jobs....
In file included from ../Src/stm32f103c6_ISR_DRIVER.c:8:0:
C:/E/embedded/test/final simulation code for my assignments/Unit7_MCU_Essential_Peripherals_lesson1_GPIO/click_mode/CLICK_MODE/Src/inc/stm32f103c6_ISR_DRIVER.h:66:91: error: unknown type name 'interrupt_data'
 void EXTI(GPIO_typeDef* PORTx ,uint16_t pin,uint16_t triggercase,void (*function_addres) (interrupt_data* isr_data));
                                                                                           ^~~~~~~~~~~~~~
make: *** [Src/subdir.mk:94: Src/main.o] Error 1
../Src/stm32f103c6_ISR_DRIVER.c: In function 'EXTI1_IRQHandler':
../Src/stm32f103c6_ISR_DRIVER.c:316:2: error: too few arguments to function 'GP_IRQ_Callback[1]'
  GP_IRQ_Callback[1]();
  ^~~~~~~~~~~~~~~
../Src/stm32f103c6_ISR_DRIVER.c: In function 'EXTI2_IRQHandler':
../Src/stm32f103c6_ISR_DRIVER.c:322:2: error: too few arguments to function 'GP_IRQ_Callback[2]'
  GP_IRQ_Callback[2]();
  ^~~~~~~~~~~~~~~
../Src/stm32f103c6_ISR_DRIVER.c: In function 'EXTI3_IRQHandler':
../Src/stm32f103c6_ISR_DRIVER.c:327:2: error: too few arguments to function 'GP_IRQ_Callback[3]'
  GP_IRQ_Callback[3]();
  ^~~~~~~~~~~~~~~
../Src/stm32f103c6_ISR_DRIVER.c: In function 'EXTI4_IRQHandler':
../Src/stm32f103c6_ISR_DRIVER.c:332:2: error: too few arguments to function 'GP_IRQ_Callback[4]'
  GP_IRQ_Callback[4]();
  ^~~~~~~~~~~~~~~
../Src/stm32f103c6_ISR_DRIVER.c: In function 'EXTI9_5_IRQHandler':
../Src/stm32f103c6_ISR_DRIVER.c:336:55: error: too few arguments to function 'GP_IRQ_Callback[5]'
  if(EXIT->EXTI_PR & (1<<5)) {EXIT->EXTI_PR |= (1<<5); GP_IRQ_Callback[5]();  }
                                                       ^~~~~~~~~~~~~~~
../Src/stm32f103c6_ISR_DRIVER.c:337:55: error: too few arguments to function 'GP_IRQ_Callback[6]'
  if(EXIT->EXTI_PR & (1<<6)) {EXIT->EXTI_PR |= (1<<6); GP_IRQ_Callback[6]();  }
                                                       ^~~~~~~~~~~~~~~
../Src/stm32f103c6_ISR_DRIVER.c:338:55: error: too few arguments to function 'GP_IRQ_Callback[7]'
  if(EXIT->EXTI_PR & (1<<7)) {EXIT->EXTI_PR |= (1<<7); GP_IRQ_Callback[7]();  }
                                                       ^~~~~~~~~~~~~~~
../Src/stm32f103c6_ISR_DRIVER.c:339:55: error: too few arguments to function 'GP_IRQ_Callback[8]'
  if(EXIT->EXTI_PR & (1<<8)) {EXIT->EXTI_PR |= (1<<8); GP_IRQ_Callback[8]();  }
                                                       ^~~~~~~~~~~~~~~
../Src/stm32f103c6_ISR_DRIVER.c:340:55: error: too few arguments to function 'GP_IRQ_Callback[9]'
  if(EXIT->EXTI_PR & (1<<9)) {EXIT->EXTI_PR |= (1<<9); GP_IRQ_Callback[9]();  }
                                                       ^~~~~~~~~~~~~~~
../Src/stm32f103c6_ISR_DRIVER.c: In function 'EXTI15_10_IRQHandler':
../Src/stm32f103c6_ISR_DRIVER.c:344:57: error: too few arguments to function 'GP_IRQ_Callback[10]'
  if(EXIT->EXTI_PR & (1<<10)) {EXIT->EXTI_PR |= (1<<10); GP_IRQ_Callback[10]();  }
                                                         ^~~~~~~~~~~~~~~
../Src/stm32f103c6_ISR_DRIVER.c:345:57: error: too few arguments to function 'GP_IRQ_Callback[11]'
  if(EXIT->EXTI_PR & (1<<11)) {EXIT->EXTI_PR |= (1<<11); GP_IRQ_Callback[11]();  }
                                                         ^~~~~~~~~~~~~~~
make: *** [Src/subdir.mk:90: Src/STM32_TIMERS_DRIVER.o] Error 1
../Src/stm32f103c6_ISR_DRIVER.c:346:57: error: too few arguments to function 'GP_IRQ_Callback[12]'
  if(EXIT->EXTI_PR & (1<<12)) {EXIT->EXTI_PR |= (1<<12); GP_IRQ_Callback[12]();  }
                                                         ^~~~~~~~~~~~~~~
../Src/stm32f103c6_ISR_DRIVER.c:347:57: error: too few arguments to function 'GP_IRQ_Callback[13]'
  if(EXIT->EXTI_PR & (1<<13)) {EXIT->EXTI_PR |= (1<<13); GP_IRQ_Callback[13]();  }
                                                         ^~~~~~~~~~~~~~~
../Src/stm32f103c6_ISR_DRIVER.c:348:57: error: too few arguments to function 'GP_IRQ_Callback[14]'
  if(EXIT->EXTI_PR & (1<<14)) {EXIT->EXTI_PR |= (1<<14); GP_IRQ_Callback[14]();  }
                                                         ^~~~~~~~~~~~~~~
../Src/stm32f103c6_ISR_DRIVER.c:349:57: error: too few arguments to function 'GP_IRQ_Callback[15]'
  if(EXIT->EXTI_PR & (1<<15)) {EXIT->EXTI_PR |= (1<<15); GP_IRQ_Callback[15]();  }
                                                         ^~~~~~~~~~~~~~~
make: *** [Src/subdir.mk:100: Src/stm32f103c6_ISR_DRIVER.o] Error 1
"make -j16 all" terminated with exit code 2. Build might be incomplete.
19:03:01 **** Incremental Build of configuration Debug for project CLICK_MODE ****
make -j16 all 
arm-none-eabi-gcc "../Src/CLICK_MODE.c" -mcpu=cortex-m3 -std=gnu11 -g3 -DSTM32 -DSTM32F1 -DSTM32F103C8Tx -DDEBUG -c -I../Inc -I"C:/E/embedded/test/final simulation code for my assignments/Unit7_MCU_Essential_Peripherals_lesson1_GPIO/click_mode/CLICK_MODE/Src/inc" -O0 -ffunction-sections -fdata-sections -Wall -fstack-usage -MMD -MP -MF"Src/CLICK_MODE.d" -MT"Src/CLICK_MODE.o" --specs=nano.specs -mfloat-abi=soft -mthumb -o "Src/CLICK_MODE.o"
arm-none-eabi-gcc "../Src/STM32_TIMERS_DRIVER.c" -mcpu=cortex-m3 -std=gnu11 -g3 -DSTM32 -DSTM32F1 -DSTM32F103C8Tx -DDEBUG -c -I../Inc -I"C:/E/embedded/test/final simulation code for my assignments/Unit7_MCU_Essential_Peripherals_lesson1_GPIO/click_mode/CLICK_MODE/Src/inc" -O0 -ffunction-sections -fdata-sections -Wall -fstack-usage -MMD -MP -MF"Src/STM32_TIMERS_DRIVER.d" -MT"Src/STM32_TIMERS_DRIVER.o" --specs=nano.specs -mfloat-abi=soft -mthumb -o "Src/STM32_TIMERS_DRIVER.o"
arm-none-eabi-gcc "../Src/main.c" -mcpu=cortex-m3 -std=gnu11 -g3 -DSTM32 -DSTM32F1 -DSTM32F103C8Tx -DDEBUG -c -I../Inc -I"C:/E/embedded/test/final simulation code for my assignments/Unit7_MCU_Essential_Peripherals_lesson1_GPIO/click_mode/CLICK_MODE/Src/inc" -O0 -ffunction-sections -fdata-sections -Wall -fstack-usage -MMD -MP -MF"Src/main.d" -MT"Src/main.o" --specs=nano.specs -mfloat-abi=soft -mthumb -o "Src/main.o"
arm-none-eabi-gcc "../Src/stm32f103c6_ISR_DRIVER.c" -mcpu=cortex-m3 -std=gnu11 -g3 -DSTM32 -DSTM32F1 -DSTM32F103C8Tx -DDEBUG -c -I../Inc -I"C:/E/embedded/test/final simulation code for my assignments/Unit7_MCU_Essential_Peripherals_lesson1_GPIO/click_mode/CLICK_MODE/Src/inc" -O0 -ffunction-sections -fdata-sections -Wall -fstack-usage -MMD -MP -MF"Src/stm32f103c6_ISR_DRIVER.d" -MT"Src/stm32f103c6_ISR_DRIVER.o" --specs=nano.specs -mfloat-abi=soft -mthumb -o "Src/stm32f103c6_ISR_DRIVER.o"
In file included from C:/E/embedded/test/final simulation code for my assignments/Unit7_MCU_Essential_Peripherals_lesson1_GPIO/click_mode/CLICK_MODE/Src/inc/STM32_TIMERS_DRIVER.h:18:0,
                 from C:/E/embedded/test/final simulation code for my assignments/Unit7_MCU_Essential_Peripherals_lesson1_GPIO/click_mode/CLICK_MODE/Src/inc/CLICK_MODE.h:12,
                 from ../Src/CLICK_MODE.c:8:
C:/E/embedded/test/final simulation code for my assignments/Unit7_MCU_Essential_Peripherals_lesson1_GPIO/click_mode/CLICK_MODE/Src/inc/stm32f103c6_ISR_DRIVER.h:66:91: error: unknown type name 'interrupt_data'
 void EXTI(GPIO_typeDef* PORTx ,uint16_t pin,uint16_t triggercase,void (*function_addres) (interrupt_data* isr_data));
                                                                                           ^~~~~~~~~~~~~~
../Src/CLICK_MODE.c: In function 'CLICK_MODE_INIT':
../Src/CLICK_MODE.c:25:3: warning: implicit declaration of function 'EXTI'; did you mean 'EXTI1'? [-Wimplicit-function-declaration]
   EXTI(GPIOx,*arr_pins, EXTI_Trigger_RisingAndFalling, CLICK_ISR);
   ^~~~
   EXTI1
In file included from C:/E/embedded/test/final simulation code for my assignments/Unit7_MCU_Essential_Peripherals_lesson1_GPIO/click_mode/CLICK_MODE/Src/inc/STM32_TIMERS_DRIVER.h:18:0,
                 from ../Src/STM32_TIMERS_DRIVER.c:8:
C:/E/embedded/test/final simulation code for my assignments/Unit7_MCU_Essential_Peripherals_lesson1_GPIO/click_mode/CLICK_MODE/Src/inc/stm32f103c6_ISR_DRIVER.h:66:91: error: unknown type name 'interrupt_data'
 void EXTI(GPIO_typeDef* PORTx ,uint16_t pin,uint16_t triggercase,void (*function_addres) (interrupt_data* isr_data));
                                                                                           ^~~~~~~~~~~~~~
In file included from C:/E/embedded/test/final simulation code for my assignments/Unit7_MCU_Essential_Peripherals_lesson1_GPIO/click_mode/CLICK_MODE/Src/inc/STM32_TIMERS_DRIVER.h:18:0,
                 from C:/E/embedded/test/final simulation code for my assignments/Unit7_MCU_Essential_Peripherals_lesson1_GPIO/click_mode/CLICK_MODE/Src/inc/CLICK_MODE.h:12,
                 from ../Src/main.c:1:
C:/E/embedded/test/final simulation code for my assignments/Unit7_MCU_Essential_Peripherals_lesson1_GPIO/click_mode/CLICK_MODE/Src/inc/stm32f103c6_ISR_DRIVER.h:66:91: error: unknown type name 'interrupt_data'
 void EXTI(GPIO_typeDef* PORTx ,uint16_t pin,uint16_t triggercase,void (*function_addres) (interrupt_data* isr_data));
                                                                                           ^~~~~~~~~~~~~~
../Src/main.c: In function 'main':
../Src/main.c:10:2: warning: implicit declaration of function 'EXTI'; did you mean 'EXTI1'? [-Wimplicit-function-declaration]
  EXTI(GPIOA, pin0,EXTI_Trigger_Rising,fun1);
  ^~~~
  EXTI1
make: *** [Src/subdir.mk:72: Src/CLICK_MODE.o] Error 1
make: *** Waiting for unfinished jobs....
In file included from ../Src/stm32f103c6_ISR_DRIVER.c:8:0:
C:/E/embedded/test/final simulation code for my assignments/Unit7_MCU_Essential_Peripherals_lesson1_GPIO/click_mode/CLICK_MODE/Src/inc/stm32f103c6_ISR_DRIVER.h:66:91: error: unknown type name 'interrupt_data'
 void EXTI(GPIO_typeDef* PORTx ,uint16_t pin,uint16_t triggercase,void (*function_addres) (interrupt_data* isr_data));
                                                                                           ^~~~~~~~~~~~~~
make: *** [Src/subdir.mk:94: Src/main.o] Error 1
make: *** [Src/subdir.mk:90: Src/STM32_TIMERS_DRIVER.o] Error 1
make: *** [Src/subdir.mk:100: Src/stm32f103c6_ISR_DRIVER.o] Error 1
"make -j16 all" terminated with exit code 2. Build might be incomplete.
19:03:18 **** Incremental Build of configuration Debug for project CLICK_MODE ****
make -j16 all 
arm-none-eabi-gcc "../Src/CLICK_MODE.c" -mcpu=cortex-m3 -std=gnu11 -g3 -DSTM32 -DSTM32F1 -DSTM32F103C8Tx -DDEBUG -c -I../Inc -I"C:/E/embedded/test/final simulation code for my assignments/Unit7_MCU_Essential_Peripherals_lesson1_GPIO/click_mode/CLICK_MODE/Src/inc" -O0 -ffunction-sections -fdata-sections -Wall -fstack-usage -MMD -MP -MF"Src/CLICK_MODE.d" -MT"Src/CLICK_MODE.o" --specs=nano.specs -mfloat-abi=soft -mthumb -o "Src/CLICK_MODE.o"
arm-none-eabi-gcc "../Src/STM32_TIMERS_DRIVER.c" -mcpu=cortex-m3 -std=gnu11 -g3 -DSTM32 -DSTM32F1 -DSTM32F103C8Tx -DDEBUG -c -I../Inc -I"C:/E/embedded/test/final simulation code for my assignments/Unit7_MCU_Essential_Peripherals_lesson1_GPIO/click_mode/CLICK_MODE/Src/inc" -O0 -ffunction-sections -fdata-sections -Wall -fstack-usage -MMD -MP -MF"Src/STM32_TIMERS_DRIVER.d" -MT"Src/STM32_TIMERS_DRIVER.o" --specs=nano.specs -mfloat-abi=soft -mthumb -o "Src/STM32_TIMERS_DRIVER.o"
arm-none-eabi-gcc "../Src/main.c" -mcpu=cortex-m3 -std=gnu11 -g3 -DSTM32 -DSTM32F1 -DSTM32F103C8Tx -DDEBUG -c -I../Inc -I"C:/E/embedded/test/final simulation code for my assignments/Unit7_MCU_Essential_Peripherals_lesson1_GPIO/click_mode/CLICK_MODE/Src/inc" -O0 -ffunction-sections -fdata-sections -Wall -fstack-usage -MMD -MP -MF"Src/main.d" -MT"Src/main.o" --specs=nano.specs -mfloat-abi=soft -mthumb -o "Src/main.o"
arm-none-eabi-gcc "../Src/stm32f103c6_ISR_DRIVER.c" -mcpu=cortex-m3 -std=gnu11 -g3 -DSTM32 -DSTM32F1 -DSTM32F103C8Tx -DDEBUG -c -I../Inc -I"C:/E/embedded/test/final simulation code for my assignments/Unit7_MCU_Essential_Peripherals_lesson1_GPIO/click_mode/CLICK_MODE/Src/inc" -O0 -ffunction-sections -fdata-sections -Wall -fstack-usage -MMD -MP -MF"Src/stm32f103c6_ISR_DRIVER.d" -MT"Src/stm32f103c6_ISR_DRIVER.o" --specs=nano.specs -mfloat-abi=soft -mthumb -o "Src/stm32f103c6_ISR_DRIVER.o"
arm-none-eabi-gcc -o "CLICK_MODE.axf" @"objects.list"   -mcpu=cortex-m3 -T"C:\E\embedded\test\final simulation code for my assignments\Unit7_MCU_Essential_Peripherals_lesson1_GPIO\click_mode\CLICK_MODE\STM32F103C8TX_FLASH.ld" --specs=nosys.specs -Wl,-Map="CLICK_MODE.map" -Wl,--gc-sections -static --specs=nano.specs -mfloat-abi=soft -mthumb -Wl,--start-group -lc -lm -Wl,--end-group
Finished building target: CLICK_MODE.axf
 
arm-none-eabi-objdump -h -S  CLICK_MODE.axf  > "CLICK_MODE.list"
arm-none-eabi-objcopy  -O binary  CLICK_MODE.axf  "CLICK_MODE.bin"
arm-none-eabi-size   CLICK_MODE.axf 
   text	   data	    bss	    dec	    hex	filename
   6424	     40	   1744	   8208	   2010	CLICK_MODE.axf
Finished building: default.size.stdout
 
Finished building: CLICK_MODE.bin
 
Finished building: CLICK_MODE.list
 
19:04:14 **** Incremental Build of configuration Debug for project CLICK_MODE ****
make -j16 all 
arm-none-eabi-gcc "../Src/CLICK_MODE.c" -mcpu=cortex-m3 -std=gnu11 -g3 -DSTM32 -DSTM32F1 -DSTM32F103C8Tx -DDEBUG -c -I../Inc -I"C:/E/embedded/test/final simulation code for my assignments/Unit7_MCU_Essential_Peripherals_lesson1_GPIO/click_mode/CLICK_MODE/Src/inc" -O0 -ffunction-sections -fdata-sections -Wall -fstack-usage -MMD -MP -MF"Src/CLICK_MODE.d" -MT"Src/CLICK_MODE.o" --specs=nano.specs -mfloat-abi=soft -mthumb -o "Src/CLICK_MODE.o"
arm-none-eabi-gcc "../Src/STM32_TIMERS_DRIVER.c" -mcpu=cortex-m3 -std=gnu11 -g3 -DSTM32 -DSTM32F1 -DSTM32F103C8Tx -DDEBUG -c -I../Inc -I"C:/E/embedded/test/final simulation code for my assignments/Unit7_MCU_Essential_Peripherals_lesson1_GPIO/click_mode/CLICK_MODE/Src/inc" -O0 -ffunction-sections -fdata-sections -Wall -fstack-usage -MMD -MP -MF"Src/STM32_TIMERS_DRIVER.d" -MT"Src/STM32_TIMERS_DRIVER.o" --specs=nano.specs -mfloat-abi=soft -mthumb -o "Src/STM32_TIMERS_DRIVER.o"
arm-none-eabi-gcc "../Src/main.c" -mcpu=cortex-m3 -std=gnu11 -g3 -DSTM32 -DSTM32F1 -DSTM32F103C8Tx -DDEBUG -c -I../Inc -I"C:/E/embedded/test/final simulation code for my assignments/Unit7_MCU_Essential_Peripherals_lesson1_GPIO/click_mode/CLICK_MODE/Src/inc" -O0 -ffunction-sections -fdata-sections -Wall -fstack-usage -MMD -MP -MF"Src/main.d" -MT"Src/main.o" --specs=nano.specs -mfloat-abi=soft -mthumb -o "Src/main.o"
arm-none-eabi-gcc "../Src/stm32f103c6_ISR_DRIVER.c" -mcpu=cortex-m3 -std=gnu11 -g3 -DSTM32 -DSTM32F1 -DSTM32F103C8Tx -DDEBUG -c -I../Inc -I"C:/E/embedded/test/final simulation code for my assignments/Unit7_MCU_Essential_Peripherals_lesson1_GPIO/click_mode/CLICK_MODE/Src/inc" -O0 -ffunction-sections -fdata-sections -Wall -fstack-usage -MMD -MP -MF"Src/stm32f103c6_ISR_DRIVER.d" -MT"Src/stm32f103c6_ISR_DRIVER.o" --specs=nano.specs -mfloat-abi=soft -mthumb -o "Src/stm32f103c6_ISR_DRIVER.o"
In file included from C:/E/embedded/test/final simulation code for my assignments/Unit7_MCU_Essential_Peripherals_lesson1_GPIO/click_mode/CLICK_MODE/Src/inc/STM32_TIMERS_DRIVER.h:18:0,
                 from C:/E/embedded/test/final simulation code for my assignments/Unit7_MCU_Essential_Peripherals_lesson1_GPIO/click_mode/CLICK_MODE/Src/inc/CLICK_MODE.h:12,
                 from ../Src/main.c:1:
C:/E/embedded/test/final simulation code for my assignments/Unit7_MCU_Essential_Peripherals_lesson1_GPIO/click_mode/CLICK_MODE/Src/inc/stm32f103c6_ISR_DRIVER.h:66:91: error: unknown type name 'interrupt_data'
 void EXTI(GPIO_typeDef* PORTx ,uint16_t pin,uint16_t triggercase,void (*function_addres) (interrupt_data* isr_data,uint8_t interupt_num));
                                                                                           ^~~~~~~~~~~~~~
../Src/main.c: In function 'main':
../Src/main.c:10:2: warning: implicit declaration of function 'EXTI'; did you mean 'EXTI1'? [-Wimplicit-function-declaration]
  EXTI(GPIOA, pin0,EXTI_Trigger_Rising,fun1);
  ^~~~
  EXTI1
In file included from C:/E/embedded/test/final simulation code for my assignments/Unit7_MCU_Essential_Peripherals_lesson1_GPIO/click_mode/CLICK_MODE/Src/inc/STM32_TIMERS_DRIVER.h:18:0,
                 from C:/E/embedded/test/final simulation code for my assignments/Unit7_MCU_Essential_Peripherals_lesson1_GPIO/click_mode/CLICK_MODE/Src/inc/CLICK_MODE.h:12,
                 from ../Src/CLICK_MODE.c:8:
C:/E/embedded/test/final simulation code for my assignments/Unit7_MCU_Essential_Peripherals_lesson1_GPIO/click_mode/CLICK_MODE/Src/inc/stm32f103c6_ISR_DRIVER.h:66:91: error: unknown type name 'interrupt_data'
 void EXTI(GPIO_typeDef* PORTx ,uint16_t pin,uint16_t triggercase,void (*function_addres) (interrupt_data* isr_data,uint8_t interupt_num));
                                                                                           ^~~~~~~~~~~~~~
../Src/CLICK_MODE.c: In function 'CLICK_MODE_INIT':
../Src/CLICK_MODE.c:25:3: warning: implicit declaration of function 'EXTI'; did you mean 'EXTI1'? [-Wimplicit-function-declaration]
   EXTI(GPIOx,*arr_pins, EXTI_Trigger_RisingAndFalling, CLICK_ISR);
   ^~~~
   EXTI1
make: *** [Src/subdir.mk:94: Src/main.o] Error 1
make: *** Waiting for unfinished jobs....
In file included from C:/E/embedded/test/final simulation code for my assignments/Unit7_MCU_Essential_Peripherals_lesson1_GPIO/click_mode/CLICK_MODE/Src/inc/STM32_TIMERS_DRIVER.h:18:0,
                 from ../Src/STM32_TIMERS_DRIVER.c:8:
C:/E/embedded/test/final simulation code for my assignments/Unit7_MCU_Essential_Peripherals_lesson1_GPIO/click_mode/CLICK_MODE/Src/inc/stm32f103c6_ISR_DRIVER.h:66:91: error: unknown type name 'interrupt_data'
 void EXTI(GPIO_typeDef* PORTx ,uint16_t pin,uint16_t triggercase,void (*function_addres) (interrupt_data* isr_data,uint8_t interupt_num));
                                                                                           ^~~~~~~~~~~~~~
make: *** [Src/subdir.mk:72: Src/CLICK_MODE.o] Error 1
In file included from ../Src/stm32f103c6_ISR_DRIVER.c:8:0:
C:/E/embedded/test/final simulation code for my assignments/Unit7_MCU_Essential_Peripherals_lesson1_GPIO/click_mode/CLICK_MODE/Src/inc/stm32f103c6_ISR_DRIVER.h:66:91: error: unknown type name 'interrupt_data'
 void EXTI(GPIO_typeDef* PORTx ,uint16_t pin,uint16_t triggercase,void (*function_addres) (interrupt_data* isr_data,uint8_t interupt_num));
                                                                                           ^~~~~~~~~~~~~~
make: *** [Src/subdir.mk:90: Src/STM32_TIMERS_DRIVER.o] Error 1
make: *** [Src/subdir.mk:100: Src/stm32f103c6_ISR_DRIVER.o] Error 1
"make -j16 all" terminated with exit code 2. Build might be incomplete.
19:07:04 **** Incremental Build of configuration Debug for project CLICK_MODE ****
make -j16 all 
arm-none-eabi-gcc "../Src/CLICK_MODE.c" -mcpu=cortex-m3 -std=gnu11 -g3 -DSTM32 -DSTM32F1 -DSTM32F103C8Tx -DDEBUG -c -I../Inc -I"C:/E/embedded/test/final simulation code for my assignments/Unit7_MCU_Essential_Peripherals_lesson1_GPIO/click_mode/CLICK_MODE/Src/inc" -O0 -ffunction-sections -fdata-sections -Wall -fstack-usage -MMD -MP -MF"Src/CLICK_MODE.d" -MT"Src/CLICK_MODE.o" --specs=nano.specs -mfloat-abi=soft -mthumb -o "Src/CLICK_MODE.o"
arm-none-eabi-gcc "../Src/STM32_TIMERS_DRIVER.c" -mcpu=cortex-m3 -std=gnu11 -g3 -DSTM32 -DSTM32F1 -DSTM32F103C8Tx -DDEBUG -c -I../Inc -I"C:/E/embedded/test/final simulation code for my assignments/Unit7_MCU_Essential_Peripherals_lesson1_GPIO/click_mode/CLICK_MODE/Src/inc" -O0 -ffunction-sections -fdata-sections -Wall -fstack-usage -MMD -MP -MF"Src/STM32_TIMERS_DRIVER.d" -MT"Src/STM32_TIMERS_DRIVER.o" --specs=nano.specs -mfloat-abi=soft -mthumb -o "Src/STM32_TIMERS_DRIVER.o"
arm-none-eabi-gcc "../Src/main.c" -mcpu=cortex-m3 -std=gnu11 -g3 -DSTM32 -DSTM32F1 -DSTM32F103C8Tx -DDEBUG -c -I../Inc -I"C:/E/embedded/test/final simulation code for my assignments/Unit7_MCU_Essential_Peripherals_lesson1_GPIO/click_mode/CLICK_MODE/Src/inc" -O0 -ffunction-sections -fdata-sections -Wall -fstack-usage -MMD -MP -MF"Src/main.d" -MT"Src/main.o" --specs=nano.specs -mfloat-abi=soft -mthumb -o "Src/main.o"
arm-none-eabi-gcc "../Src/stm32f103c6_ISR_DRIVER.c" -mcpu=cortex-m3 -std=gnu11 -g3 -DSTM32 -DSTM32F1 -DSTM32F103C8Tx -DDEBUG -c -I../Inc -I"C:/E/embedded/test/final simulation code for my assignments/Unit7_MCU_Essential_Peripherals_lesson1_GPIO/click_mode/CLICK_MODE/Src/inc" -O0 -ffunction-sections -fdata-sections -Wall -fstack-usage -MMD -MP -MF"Src/stm32f103c6_ISR_DRIVER.d" -MT"Src/stm32f103c6_ISR_DRIVER.o" --specs=nano.specs -mfloat-abi=soft -mthumb -o "Src/stm32f103c6_ISR_DRIVER.o"
In file included from C:/E/embedded/test/final simulation code for my assignments/Unit7_MCU_Essential_Peripherals_lesson1_GPIO/click_mode/CLICK_MODE/Src/inc/STM32_TIMERS_DRIVER.h:18:0,
                 from ../Src/STM32_TIMERS_DRIVER.c:8:
C:/E/embedded/test/final simulation code for my assignments/Unit7_MCU_Essential_Peripherals_lesson1_GPIO/click_mode/CLICK_MODE/Src/inc/stm32f103c6_ISR_DRIVER.h:17:1: error: multiple storage classes in declaration specifiers
 extern typedef struct interrupt_data ;
 ^~~~~~
C:/E/embedded/test/final simulation code for my assignments/Unit7_MCU_Essential_Peripherals_lesson1_GPIO/click_mode/CLICK_MODE/Src/inc/stm32f103c6_ISR_DRIVER.h:17:23: warning: useless storage class specifier in empty declaration
 extern typedef struct interrupt_data ;
                       ^~~~~~~~~~~~~~
C:/E/embedded/test/final simulation code for my assignments/Unit7_MCU_Essential_Peripherals_lesson1_GPIO/click_mode/CLICK_MODE/Src/inc/stm32f103c6_ISR_DRIVER.h:67:91: error: unknown type name 'interrupt_data'
 void EXTI(GPIO_typeDef* PORTx ,uint16_t pin,uint16_t triggercase,void (*function_addres) (interrupt_data* isr_data,uint8_t interupt_num));
                                                                                           ^~~~~~~~~~~~~~
In file included from C:/E/embedded/test/final simulation code for my assignments/Unit7_MCU_Essential_Peripherals_lesson1_GPIO/click_mode/CLICK_MODE/Src/inc/STM32_TIMERS_DRIVER.h:18:0,
                 from C:/E/embedded/test/final simulation code for my assignments/Unit7_MCU_Essential_Peripherals_lesson1_GPIO/click_mode/CLICK_MODE/Src/inc/CLICK_MODE.h:12,
                 from ../Src/CLICK_MODE.c:8:
C:/E/embedded/test/final simulation code for my assignments/Unit7_MCU_Essential_Peripherals_lesson1_GPIO/click_mode/CLICK_MODE/Src/inc/stm32f103c6_ISR_DRIVER.h:17:1: error: multiple storage classes in declaration specifiers
 extern typedef struct interrupt_data ;
 ^~~~~~
C:/E/embedded/test/final simulation code for my assignments/Unit7_MCU_Essential_Peripherals_lesson1_GPIO/click_mode/CLICK_MODE/Src/inc/stm32f103c6_ISR_DRIVER.h:17:23: warning: useless storage class specifier in empty declaration
 extern typedef struct interrupt_data ;
                       ^~~~~~~~~~~~~~
C:/E/embedded/test/final simulation code for my assignments/Unit7_MCU_Essential_Peripherals_lesson1_GPIO/click_mode/CLICK_MODE/Src/inc/stm32f103c6_ISR_DRIVER.h:67:91: error: unknown type name 'interrupt_data'
 void EXTI(GPIO_typeDef* PORTx ,uint16_t pin,uint16_t triggercase,void (*function_addres) (interrupt_data* isr_data,uint8_t interupt_num));
                                                                                           ^~~~~~~~~~~~~~
../Src/CLICK_MODE.c: In function 'CLICK_MODE_INIT':
In file included from C:/E/embedded/test/final simulation code for my assignments/Unit7_MCU_Essential_Peripherals_lesson1_GPIO/click_mode/CLICK_MODE/Src/inc/STM32_TIMERS_DRIVER.h:18:0,
                 from C:/E/embedded/test/final simulation code for my assignments/Unit7_MCU_Essential_Peripherals_lesson1_GPIO/click_mode/CLICK_MODE/Src/inc/CLICK_MODE.h:12,
                 from ../Src/main.c:1:
C:/E/embedded/test/final simulation code for my assignments/Unit7_MCU_Essential_Peripherals_lesson1_GPIO/click_mode/CLICK_MODE/Src/inc/stm32f103c6_ISR_DRIVER.h:17:1: error: multiple storage classes in declaration specifiers
 extern typedef struct interrupt_data ;
 ^~~~~~
../Src/CLICK_MODE.c:25:3: warning: implicit declaration of function 'EXTI'; did you mean 'EXTI1'? [-Wimplicit-function-declaration]
   EXTI(GPIOx,*arr_pins, EXTI_Trigger_RisingAndFalling, CLICK_ISR);
   ^~~~
   EXTI1
C:/E/embedded/test/final simulation code for my assignments/Unit7_MCU_Essential_Peripherals_lesson1_GPIO/click_mode/CLICK_MODE/Src/inc/stm32f103c6_ISR_DRIVER.h:17:23: warning: useless storage class specifier in empty declaration
 extern typedef struct interrupt_data ;
                       ^~~~~~~~~~~~~~
C:/E/embedded/test/final simulation code for my assignments/Unit7_MCU_Essential_Peripherals_lesson1_GPIO/click_mode/CLICK_MODE/Src/inc/stm32f103c6_ISR_DRIVER.h:67:91: error: unknown type name 'interrupt_data'
 void EXTI(GPIO_typeDef* PORTx ,uint16_t pin,uint16_t triggercase,void (*function_addres) (interrupt_data* isr_data,uint8_t interupt_num));
                                                                                           ^~~~~~~~~~~~~~
../Src/main.c: In function 'main':
../Src/main.c:10:2: warning: implicit declaration of function 'EXTI'; did you mean 'EXTI1'? [-Wimplicit-function-declaration]
  EXTI(GPIOA, pin0,EXTI_Trigger_Rising,fun1);
  ^~~~
  EXTI1
In file included from ../Src/stm32f103c6_ISR_DRIVER.c:8:0:
C:/E/embedded/test/final simulation code for my assignments/Unit7_MCU_Essential_Peripherals_lesson1_GPIO/click_mode/CLICK_MODE/Src/inc/stm32f103c6_ISR_DRIVER.h:17:1: error: multiple storage classes in declaration specifiers
 extern typedef struct interrupt_data ;
 ^~~~~~
C:/E/embedded/test/final simulation code for my assignments/Unit7_MCU_Essential_Peripherals_lesson1_GPIO/click_mode/CLICK_MODE/Src/inc/stm32f103c6_ISR_DRIVER.h:17:23: warning: useless storage class specifier in empty declaration
 extern typedef struct interrupt_data ;
                       ^~~~~~~~~~~~~~
C:/E/embedded/test/final simulation code for my assignments/Unit7_MCU_Essential_Peripherals_lesson1_GPIO/click_mode/CLICK_MODE/Src/inc/stm32f103c6_ISR_DRIVER.h:67:91: error: unknown type name 'interrupt_data'
 void EXTI(GPIO_typeDef* PORTx ,uint16_t pin,uint16_t triggercase,void (*function_addres) (interrupt_data* isr_data,uint8_t interupt_num));
                                                                                           ^~~~~~~~~~~~~~
make: *** [Src/subdir.mk:72: Src/CLICK_MODE.o] Error 1
make: *** Waiting for unfinished jobs....
make: *** [Src/subdir.mk:90: Src/STM32_TIMERS_DRIVER.o] Error 1
make: *** [Src/subdir.mk:94: Src/main.o] Error 1
make: *** [Src/subdir.mk:100: Src/stm32f103c6_ISR_DRIVER.o] Error 1
"make -j16 all" terminated with exit code 2. Build might be incomplete.
19:07:16 **** Incremental Build of configuration Debug for project CLICK_MODE ****
make -j16 all 
arm-none-eabi-gcc "../Src/CLICK_MODE.c" -mcpu=cortex-m3 -std=gnu11 -g3 -DSTM32 -DSTM32F1 -DSTM32F103C8Tx -DDEBUG -c -I../Inc -I"C:/E/embedded/test/final simulation code for my assignments/Unit7_MCU_Essential_Peripherals_lesson1_GPIO/click_mode/CLICK_MODE/Src/inc" -O0 -ffunction-sections -fdata-sections -Wall -fstack-usage -MMD -MP -MF"Src/CLICK_MODE.d" -MT"Src/CLICK_MODE.o" --specs=nano.specs -mfloat-abi=soft -mthumb -o "Src/CLICK_MODE.o"
arm-none-eabi-gcc "../Src/STM32_TIMERS_DRIVER.c" -mcpu=cortex-m3 -std=gnu11 -g3 -DSTM32 -DSTM32F1 -DSTM32F103C8Tx -DDEBUG -c -I../Inc -I"C:/E/embedded/test/final simulation code for my assignments/Unit7_MCU_Essential_Peripherals_lesson1_GPIO/click_mode/CLICK_MODE/Src/inc" -O0 -ffunction-sections -fdata-sections -Wall -fstack-usage -MMD -MP -MF"Src/STM32_TIMERS_DRIVER.d" -MT"Src/STM32_TIMERS_DRIVER.o" --specs=nano.specs -mfloat-abi=soft -mthumb -o "Src/STM32_TIMERS_DRIVER.o"
arm-none-eabi-gcc "../Src/main.c" -mcpu=cortex-m3 -std=gnu11 -g3 -DSTM32 -DSTM32F1 -DSTM32F103C8Tx -DDEBUG -c -I../Inc -I"C:/E/embedded/test/final simulation code for my assignments/Unit7_MCU_Essential_Peripherals_lesson1_GPIO/click_mode/CLICK_MODE/Src/inc" -O0 -ffunction-sections -fdata-sections -Wall -fstack-usage -MMD -MP -MF"Src/main.d" -MT"Src/main.o" --specs=nano.specs -mfloat-abi=soft -mthumb -o "Src/main.o"
arm-none-eabi-gcc "../Src/stm32f103c6_ISR_DRIVER.c" -mcpu=cortex-m3 -std=gnu11 -g3 -DSTM32 -DSTM32F1 -DSTM32F103C8Tx -DDEBUG -c -I../Inc -I"C:/E/embedded/test/final simulation code for my assignments/Unit7_MCU_Essential_Peripherals_lesson1_GPIO/click_mode/CLICK_MODE/Src/inc" -O0 -ffunction-sections -fdata-sections -Wall -fstack-usage -MMD -MP -MF"Src/stm32f103c6_ISR_DRIVER.d" -MT"Src/stm32f103c6_ISR_DRIVER.o" --specs=nano.specs -mfloat-abi=soft -mthumb -o "Src/stm32f103c6_ISR_DRIVER.o"
In file included from C:/E/embedded/test/final simulation code for my assignments/Unit7_MCU_Essential_Peripherals_lesson1_GPIO/click_mode/CLICK_MODE/Src/inc/STM32_TIMERS_DRIVER.h:18:0,
                 from C:/E/embedded/test/final simulation code for my assignments/Unit7_MCU_Essential_Peripherals_lesson1_GPIO/click_mode/CLICK_MODE/Src/inc/CLICK_MODE.h:12,
                 from ../Src/CLICK_MODE.c:8:
C:/E/embedded/test/final simulation code for my assignments/Unit7_MCU_Essential_Peripherals_lesson1_GPIO/click_mode/CLICK_MODE/Src/inc/stm32f103c6_ISR_DRIVER.h:17:16: warning: useless storage class specifier in empty declaration
 extern  struct interrupt_data ;
                ^~~~~~~~~~~~~~
C:/E/embedded/test/final simulation code for my assignments/Unit7_MCU_Essential_Peripherals_lesson1_GPIO/click_mode/CLICK_MODE/Src/inc/stm32f103c6_ISR_DRIVER.h:67:91: error: unknown type name 'interrupt_data'
 void EXTI(GPIO_typeDef* PORTx ,uint16_t pin,uint16_t triggercase,void (*function_addres) (interrupt_data* isr_data,uint8_t interupt_num));
                                                                                           ^~~~~~~~~~~~~~
../Src/CLICK_MODE.c: In function 'CLICK_MODE_INIT':
../Src/CLICK_MODE.c:25:3: warning: implicit declaration of function 'EXTI'; did you mean 'EXTI1'? [-Wimplicit-function-declaration]
   EXTI(GPIOx,*arr_pins, EXTI_Trigger_RisingAndFalling, CLICK_ISR);
   ^~~~
   EXTI1
In file included from C:/E/embedded/test/final simulation code for my assignments/Unit7_MCU_Essential_Peripherals_lesson1_GPIO/click_mode/CLICK_MODE/Src/inc/STM32_TIMERS_DRIVER.h:18:0,
                 from ../Src/STM32_TIMERS_DRIVER.c:8:
C:/E/embedded/test/final simulation code for my assignments/Unit7_MCU_Essential_Peripherals_lesson1_GPIO/click_mode/CLICK_MODE/Src/inc/stm32f103c6_ISR_DRIVER.h:17:16: warning: useless storage class specifier in empty declaration
 extern  struct interrupt_data ;
                ^~~~~~~~~~~~~~
C:/E/embedded/test/final simulation code for my assignments/Unit7_MCU_Essential_Peripherals_lesson1_GPIO/click_mode/CLICK_MODE/Src/inc/stm32f103c6_ISR_DRIVER.h:67:91: error: unknown type name 'interrupt_data'
 void EXTI(GPIO_typeDef* PORTx ,uint16_t pin,uint16_t triggercase,void (*function_addres) (interrupt_data* isr_data,uint8_t interupt_num));
                                                                                           ^~~~~~~~~~~~~~
make: *** [Src/subdir.mk:72: Src/CLICK_MODE.o] Error 1
make: *** Waiting for unfinished jobs....
In file included from C:/E/embedded/test/final simulation code for my assignments/Unit7_MCU_Essential_Peripherals_lesson1_GPIO/click_mode/CLICK_MODE/Src/inc/STM32_TIMERS_DRIVER.h:18:0,
                 from C:/E/embedded/test/final simulation code for my assignments/Unit7_MCU_Essential_Peripherals_lesson1_GPIO/click_mode/CLICK_MODE/Src/inc/CLICK_MODE.h:12,
                 from ../Src/main.c:1:
C:/E/embedded/test/final simulation code for my assignments/Unit7_MCU_Essential_Peripherals_lesson1_GPIO/click_mode/CLICK_MODE/Src/inc/stm32f103c6_ISR_DRIVER.h:17:16: warning: useless storage class specifier in empty declaration
 extern  struct interrupt_data ;
                ^~~~~~~~~~~~~~
C:/E/embedded/test/final simulation code for my assignments/Unit7_MCU_Essential_Peripherals_lesson1_GPIO/click_mode/CLICK_MODE/Src/inc/stm32f103c6_ISR_DRIVER.h:67:91: error: unknown type name 'interrupt_data'
 void EXTI(GPIO_typeDef* PORTx ,uint16_t pin,uint16_t triggercase,void (*function_addres) (interrupt_data* isr_data,uint8_t interupt_num));
                                                                                           ^~~~~~~~~~~~~~
../Src/main.c: In function 'main':
../Src/main.c:10:2: warning: implicit declaration of function 'EXTI'; did you mean 'EXTI1'? [-Wimplicit-function-declaration]
  EXTI(GPIOA, pin0,EXTI_Trigger_Rising,fun1);
  ^~~~
  EXTI1
In file included from ../Src/stm32f103c6_ISR_DRIVER.c:8:0:
C:/E/embedded/test/final simulation code for my assignments/Unit7_MCU_Essential_Peripherals_lesson1_GPIO/click_mode/CLICK_MODE/Src/inc/stm32f103c6_ISR_DRIVER.h:17:16: warning: useless storage class specifier in empty declaration
 extern  struct interrupt_data ;
                ^~~~~~~~~~~~~~
make: *** [Src/subdir.mk:94: Src/main.o] Error 1
C:/E/embedded/test/final simulation code for my assignments/Unit7_MCU_Essential_Peripherals_lesson1_GPIO/click_mode/CLICK_MODE/Src/inc/stm32f103c6_ISR_DRIVER.h:67:91: error: unknown type name 'interrupt_data'
 void EXTI(GPIO_typeDef* PORTx ,uint16_t pin,uint16_t triggercase,void (*function_addres) (interrupt_data* isr_data,uint8_t interupt_num));
                                                                                           ^~~~~~~~~~~~~~
make: *** [Src/subdir.mk:90: Src/STM32_TIMERS_DRIVER.o] Error 1
make: *** [Src/subdir.mk:100: Src/stm32f103c6_ISR_DRIVER.o] Error 1
"make -j16 all" terminated with exit code 2. Build might be incomplete.
19:07:29 **** Incremental Build of configuration Debug for project CLICK_MODE ****
make -j16 all 
arm-none-eabi-gcc "../Src/CLICK_MODE.c" -mcpu=cortex-m3 -std=gnu11 -g3 -DSTM32 -DSTM32F1 -DSTM32F103C8Tx -DDEBUG -c -I../Inc -I"C:/E/embedded/test/final simulation code for my assignments/Unit7_MCU_Essential_Peripherals_lesson1_GPIO/click_mode/CLICK_MODE/Src/inc" -O0 -ffunction-sections -fdata-sections -Wall -fstack-usage -MMD -MP -MF"Src/CLICK_MODE.d" -MT"Src/CLICK_MODE.o" --specs=nano.specs -mfloat-abi=soft -mthumb -o "Src/CLICK_MODE.o"
arm-none-eabi-gcc "../Src/STM32_TIMERS_DRIVER.c" -mcpu=cortex-m3 -std=gnu11 -g3 -DSTM32 -DSTM32F1 -DSTM32F103C8Tx -DDEBUG -c -I../Inc -I"C:/E/embedded/test/final simulation code for my assignments/Unit7_MCU_Essential_Peripherals_lesson1_GPIO/click_mode/CLICK_MODE/Src/inc" -O0 -ffunction-sections -fdata-sections -Wall -fstack-usage -MMD -MP -MF"Src/STM32_TIMERS_DRIVER.d" -MT"Src/STM32_TIMERS_DRIVER.o" --specs=nano.specs -mfloat-abi=soft -mthumb -o "Src/STM32_TIMERS_DRIVER.o"
arm-none-eabi-gcc "../Src/main.c" -mcpu=cortex-m3 -std=gnu11 -g3 -DSTM32 -DSTM32F1 -DSTM32F103C8Tx -DDEBUG -c -I../Inc -I"C:/E/embedded/test/final simulation code for my assignments/Unit7_MCU_Essential_Peripherals_lesson1_GPIO/click_mode/CLICK_MODE/Src/inc" -O0 -ffunction-sections -fdata-sections -Wall -fstack-usage -MMD -MP -MF"Src/main.d" -MT"Src/main.o" --specs=nano.specs -mfloat-abi=soft -mthumb -o "Src/main.o"
arm-none-eabi-gcc "../Src/stm32f103c6_ISR_DRIVER.c" -mcpu=cortex-m3 -std=gnu11 -g3 -DSTM32 -DSTM32F1 -DSTM32F103C8Tx -DDEBUG -c -I../Inc -I"C:/E/embedded/test/final simulation code for my assignments/Unit7_MCU_Essential_Peripherals_lesson1_GPIO/click_mode/CLICK_MODE/Src/inc" -O0 -ffunction-sections -fdata-sections -Wall -fstack-usage -MMD -MP -MF"Src/stm32f103c6_ISR_DRIVER.d" -MT"Src/stm32f103c6_ISR_DRIVER.o" --specs=nano.specs -mfloat-abi=soft -mthumb -o "Src/stm32f103c6_ISR_DRIVER.o"
In file included from C:/E/embedded/test/final simulation code for my assignments/Unit7_MCU_Essential_Peripherals_lesson1_GPIO/click_mode/CLICK_MODE/Src/inc/STM32_TIMERS_DRIVER.h:18:0,
                 from C:/E/embedded/test/final simulation code for my assignments/Unit7_MCU_Essential_Peripherals_lesson1_GPIO/click_mode/CLICK_MODE/Src/inc/CLICK_MODE.h:12,
                 from ../Src/CLICK_MODE.c:8:
C:/E/embedded/test/final simulation code for my assignments/Unit7_MCU_Essential_Peripherals_lesson1_GPIO/click_mode/CLICK_MODE/Src/inc/stm32f103c6_ISR_DRIVER.h:17:9: warning: type defaults to 'int' in declaration of 'interrupt_data' [-Wimplicit-int]
 extern  interrupt_data ;
         ^~~~~~~~~~~~~~
C:/E/embedded/test/final simulation code for my assignments/Unit7_MCU_Essential_Peripherals_lesson1_GPIO/click_mode/CLICK_MODE/Src/inc/stm32f103c6_ISR_DRIVER.h:67:91: error: expected declaration specifiers or '...' before 'interrupt_data'
 void EXTI(GPIO_typeDef* PORTx ,uint16_t pin,uint16_t triggercase,void (*function_addres) (interrupt_data* isr_data,uint8_t interupt_num));
                                                                                           ^~~~~~~~~~~~~~
../Src/CLICK_MODE.c: In function 'CLICK_MODE_INIT':
../Src/CLICK_MODE.c:25:3: warning: implicit declaration of function 'EXTI'; did you mean 'EXTI1'? [-Wimplicit-function-declaration]
   EXTI(GPIOx,*arr_pins, EXTI_Trigger_RisingAndFalling, CLICK_ISR);
   ^~~~
   EXTI1
make: *** [Src/subdir.mk:72: Src/CLICK_MODE.o] Error 1
make: *** Waiting for unfinished jobs....
In file included from C:/E/embedded/test/final simulation code for my assignments/Unit7_MCU_Essential_Peripherals_lesson1_GPIO/click_mode/CLICK_MODE/Src/inc/STM32_TIMERS_DRIVER.h:18:0,
                 from ../Src/STM32_TIMERS_DRIVER.c:8:
C:/E/embedded/test/final simulation code for my assignments/Unit7_MCU_Essential_Peripherals_lesson1_GPIO/click_mode/CLICK_MODE/Src/inc/stm32f103c6_ISR_DRIVER.h:17:9: warning: type defaults to 'int' in declaration of 'interrupt_data' [-Wimplicit-int]
 extern  interrupt_data ;
         ^~~~~~~~~~~~~~
C:/E/embedded/test/final simulation code for my assignments/Unit7_MCU_Essential_Peripherals_lesson1_GPIO/click_mode/CLICK_MODE/Src/inc/stm32f103c6_ISR_DRIVER.h:67:91: error: expected declaration specifiers or '...' before 'interrupt_data'
 void EXTI(GPIO_typeDef* PORTx ,uint16_t pin,uint16_t triggercase,void (*function_addres) (interrupt_data* isr_data,uint8_t interupt_num));
                                                                                           ^~~~~~~~~~~~~~
In file included from C:/E/embedded/test/final simulation code for my assignments/Unit7_MCU_Essential_Peripherals_lesson1_GPIO/click_mode/CLICK_MODE/Src/inc/STM32_TIMERS_DRIVER.h:18:0,
                 from C:/E/embedded/test/final simulation code for my assignments/Unit7_MCU_Essential_Peripherals_lesson1_GPIO/click_mode/CLICK_MODE/Src/inc/CLICK_MODE.h:12,
                 from ../Src/main.c:1:
C:/E/embedded/test/final simulation code for my assignments/Unit7_MCU_Essential_Peripherals_lesson1_GPIO/click_mode/CLICK_MODE/Src/inc/stm32f103c6_ISR_DRIVER.h:17:9: warning: type defaults to 'int' in declaration of 'interrupt_data' [-Wimplicit-int]
 extern  interrupt_data ;
         ^~~~~~~~~~~~~~
C:/E/embedded/test/final simulation code for my assignments/Unit7_MCU_Essential_Peripherals_lesson1_GPIO/click_mode/CLICK_MODE/Src/inc/stm32f103c6_ISR_DRIVER.h:67:91: error: expected declaration specifiers or '...' before 'interrupt_data'
 void EXTI(GPIO_typeDef* PORTx ,uint16_t pin,uint16_t triggercase,void (*function_addres) (interrupt_data* isr_data,uint8_t interupt_num));
                                                                                           ^~~~~~~~~~~~~~
../Src/main.c: In function 'main':
../Src/main.c:10:2: warning: implicit declaration of function 'EXTI'; did you mean 'EXTI1'? [-Wimplicit-function-declaration]
  EXTI(GPIOA, pin0,EXTI_Trigger_Rising,fun1);
  ^~~~
  EXTI1
In file included from ../Src/stm32f103c6_ISR_DRIVER.c:8:0:
C:/E/embedded/test/final simulation code for my assignments/Unit7_MCU_Essential_Peripherals_lesson1_GPIO/click_mode/CLICK_MODE/Src/inc/stm32f103c6_ISR_DRIVER.h:17:9: warning: type defaults to 'int' in declaration of 'interrupt_data' [-Wimplicit-int]
 extern  interrupt_data ;
         ^~~~~~~~~~~~~~
C:/E/embedded/test/final simulation code for my assignments/Unit7_MCU_Essential_Peripherals_lesson1_GPIO/click_mode/CLICK_MODE/Src/inc/stm32f103c6_ISR_DRIVER.h:67:91: error: expected declaration specifiers or '...' before 'interrupt_data'
 void EXTI(GPIO_typeDef* PORTx ,uint16_t pin,uint16_t triggercase,void (*function_addres) (interrupt_data* isr_data,uint8_t interupt_num));
                                                                                           ^~~~~~~~~~~~~~
make: *** [Src/subdir.mk:90: Src/STM32_TIMERS_DRIVER.o] Error 1
../Src/stm32f103c6_ISR_DRIVER.c:19:2: error: 'interrupt_data' redeclared as different kind of symbol
 }interrupt_data;
  ^~~~~~~~~~~~~~
In file included from ../Src/stm32f103c6_ISR_DRIVER.c:8:0:
C:/E/embedded/test/final simulation code for my assignments/Unit7_MCU_Essential_Peripherals_lesson1_GPIO/click_mode/CLICK_MODE/Src/inc/stm32f103c6_ISR_DRIVER.h:17:9: note: previous declaration of 'interrupt_data' was here
 extern  interrupt_data ;
         ^~~~~~~~~~~~~~
make: *** [Src/subdir.mk:94: Src/main.o] Error 1
make: *** [Src/subdir.mk:100: Src/stm32f103c6_ISR_DRIVER.o] Error 1
"make -j16 all" terminated with exit code 2. Build might be incomplete.
19:09:34 **** Incremental Build of configuration Debug for project CLICK_MODE ****
make -j16 all 
arm-none-eabi-gcc "../Src/CLICK_MODE.c" -mcpu=cortex-m3 -std=gnu11 -g3 -DSTM32 -DSTM32F1 -DSTM32F103C8Tx -DDEBUG -c -I../Inc -I"C:/E/embedded/test/final simulation code for my assignments/Unit7_MCU_Essential_Peripherals_lesson1_GPIO/click_mode/CLICK_MODE/Src/inc" -O0 -ffunction-sections -fdata-sections -Wall -fstack-usage -MMD -MP -MF"Src/CLICK_MODE.d" -MT"Src/CLICK_MODE.o" --specs=nano.specs -mfloat-abi=soft -mthumb -o "Src/CLICK_MODE.o"
arm-none-eabi-gcc "../Src/STM32_TIMERS_DRIVER.c" -mcpu=cortex-m3 -std=gnu11 -g3 -DSTM32 -DSTM32F1 -DSTM32F103C8Tx -DDEBUG -c -I../Inc -I"C:/E/embedded/test/final simulation code for my assignments/Unit7_MCU_Essential_Peripherals_lesson1_GPIO/click_mode/CLICK_MODE/Src/inc" -O0 -ffunction-sections -fdata-sections -Wall -fstack-usage -MMD -MP -MF"Src/STM32_TIMERS_DRIVER.d" -MT"Src/STM32_TIMERS_DRIVER.o" --specs=nano.specs -mfloat-abi=soft -mthumb -o "Src/STM32_TIMERS_DRIVER.o"
arm-none-eabi-gcc "../Src/main.c" -mcpu=cortex-m3 -std=gnu11 -g3 -DSTM32 -DSTM32F1 -DSTM32F103C8Tx -DDEBUG -c -I../Inc -I"C:/E/embedded/test/final simulation code for my assignments/Unit7_MCU_Essential_Peripherals_lesson1_GPIO/click_mode/CLICK_MODE/Src/inc" -O0 -ffunction-sections -fdata-sections -Wall -fstack-usage -MMD -MP -MF"Src/main.d" -MT"Src/main.o" --specs=nano.specs -mfloat-abi=soft -mthumb -o "Src/main.o"
arm-none-eabi-gcc "../Src/stm32f103c6_ISR_DRIVER.c" -mcpu=cortex-m3 -std=gnu11 -g3 -DSTM32 -DSTM32F1 -DSTM32F103C8Tx -DDEBUG -c -I../Inc -I"C:/E/embedded/test/final simulation code for my assignments/Unit7_MCU_Essential_Peripherals_lesson1_GPIO/click_mode/CLICK_MODE/Src/inc" -O0 -ffunction-sections -fdata-sections -Wall -fstack-usage -MMD -MP -MF"Src/stm32f103c6_ISR_DRIVER.d" -MT"Src/stm32f103c6_ISR_DRIVER.o" --specs=nano.specs -mfloat-abi=soft -mthumb -o "Src/stm32f103c6_ISR_DRIVER.o"
In file included from C:/E/embedded/test/final simulation code for my assignments/Unit7_MCU_Essential_Peripherals_lesson1_GPIO/click_mode/CLICK_MODE/Src/inc/STM32_TIMERS_DRIVER.h:18:0,
                 from ../Src/STM32_TIMERS_DRIVER.c:8:
C:/E/embedded/test/final simulation code for my assignments/Unit7_MCU_Essential_Peripherals_lesson1_GPIO/click_mode/CLICK_MODE/Src/inc/stm32f103c6_ISR_DRIVER.h:67:91: error: unknown type name 'interrupt_data'
 void EXTI(GPIO_typeDef* PORTx ,uint16_t pin,uint16_t triggercase,void (*function_addres) (interrupt_data* isr_data,uint8_t interupt_num));
                                                                                           ^~~~~~~~~~~~~~
In file included from C:/E/embedded/test/final simulation code for my assignments/Unit7_MCU_Essential_Peripherals_lesson1_GPIO/click_mode/CLICK_MODE/Src/inc/STM32_TIMERS_DRIVER.h:18:0,
                 from C:/E/embedded/test/final simulation code for my assignments/Unit7_MCU_Essential_Peripherals_lesson1_GPIO/click_mode/CLICK_MODE/Src/inc/CLICK_MODE.h:12,
                 from ../Src/CLICK_MODE.c:8:
C:/E/embedded/test/final simulation code for my assignments/Unit7_MCU_Essential_Peripherals_lesson1_GPIO/click_mode/CLICK_MODE/Src/inc/stm32f103c6_ISR_DRIVER.h:67:91: error: unknown type name 'interrupt_data'
 void EXTI(GPIO_typeDef* PORTx ,uint16_t pin,uint16_t triggercase,void (*function_addres) (interrupt_data* isr_data,uint8_t interupt_num));
                                                                                           ^~~~~~~~~~~~~~
../Src/CLICK_MODE.c: In function 'CLICK_MODE_INIT':
../Src/CLICK_MODE.c:25:3: warning: implicit declaration of function 'EXTI'; did you mean 'EXTI1'? [-Wimplicit-function-declaration]
   EXTI(GPIOx,*arr_pins, EXTI_Trigger_RisingAndFalling, CLICK_ISR);
   ^~~~
   EXTI1
make: *** [Src/subdir.mk:72: Src/CLICK_MODE.o] Error 1
make: *** Waiting for unfinished jobs....
make: *** [Src/subdir.mk:90: Src/STM32_TIMERS_DRIVER.o] Error 1
In file included from C:/E/embedded/test/final simulation code for my assignments/Unit7_MCU_Essential_Peripherals_lesson1_GPIO/click_mode/CLICK_MODE/Src/inc/STM32_TIMERS_DRIVER.h:18:0,
                 from C:/E/embedded/test/final simulation code for my assignments/Unit7_MCU_Essential_Peripherals_lesson1_GPIO/click_mode/CLICK_MODE/Src/inc/CLICK_MODE.h:12,
                 from ../Src/main.c:1:
C:/E/embedded/test/final simulation code for my assignments/Unit7_MCU_Essential_Peripherals_lesson1_GPIO/click_mode/CLICK_MODE/Src/inc/stm32f103c6_ISR_DRIVER.h:67:91: error: unknown type name 'interrupt_data'
 void EXTI(GPIO_typeDef* PORTx ,uint16_t pin,uint16_t triggercase,void (*function_addres) (interrupt_data* isr_data,uint8_t interupt_num));
                                                                                           ^~~~~~~~~~~~~~
../Src/main.c: In function 'main':
../Src/main.c:10:2: warning: implicit declaration of function 'EXTI'; did you mean 'EXTI1'? [-Wimplicit-function-declaration]
  EXTI(GPIOA, pin0,EXTI_Trigger_Rising,fun1);
  ^~~~
  EXTI1
In file included from ../Src/stm32f103c6_ISR_DRIVER.c:8:0:
C:/E/embedded/test/final simulation code for my assignments/Unit7_MCU_Essential_Peripherals_lesson1_GPIO/click_mode/CLICK_MODE/Src/inc/stm32f103c6_ISR_DRIVER.h:67:91: error: unknown type name 'interrupt_data'
 void EXTI(GPIO_typeDef* PORTx ,uint16_t pin,uint16_t triggercase,void (*function_addres) (interrupt_data* isr_data,uint8_t interupt_num));
                                                                                           ^~~~~~~~~~~~~~
../Src/stm32f103c6_ISR_DRIVER.c:20:16: error: 'ARR_INTERRUPT_TRACK' redeclared as different kind of symbol
 interrupt_data ARR_INTERRUPT_TRACK[16];
                ^~~~~~~~~~~~~~~~~~~
In file included from ../Src/stm32f103c6_ISR_DRIVER.c:8:0:
C:/E/embedded/test/final simulation code for my assignments/Unit7_MCU_Essential_Peripherals_lesson1_GPIO/click_mode/CLICK_MODE/Src/inc/stm32f103c6_ISR_DRIVER.h:17:32: note: previous declaration of 'ARR_INTERRUPT_TRACK' was here
 typedef struct interrupt_data  ARR_INTERRUPT_TRACK ;
                                ^~~~~~~~~~~~~~~~~~~
make: *** [Src/subdir.mk:94: Src/main.o] Error 1
make: *** [Src/subdir.mk:100: Src/stm32f103c6_ISR_DRIVER.o] Error 1
"make -j16 all" terminated with exit code 2. Build might be incomplete.
19:09:46 **** Incremental Build of configuration Debug for project CLICK_MODE ****
make -j16 all 
arm-none-eabi-gcc "../Src/CLICK_MODE.c" -mcpu=cortex-m3 -std=gnu11 -g3 -DSTM32 -DSTM32F1 -DSTM32F103C8Tx -DDEBUG -c -I../Inc -I"C:/E/embedded/test/final simulation code for my assignments/Unit7_MCU_Essential_Peripherals_lesson1_GPIO/click_mode/CLICK_MODE/Src/inc" -O0 -ffunction-sections -fdata-sections -Wall -fstack-usage -MMD -MP -MF"Src/CLICK_MODE.d" -MT"Src/CLICK_MODE.o" --specs=nano.specs -mfloat-abi=soft -mthumb -o "Src/CLICK_MODE.o"
arm-none-eabi-gcc "../Src/STM32_TIMERS_DRIVER.c" -mcpu=cortex-m3 -std=gnu11 -g3 -DSTM32 -DSTM32F1 -DSTM32F103C8Tx -DDEBUG -c -I../Inc -I"C:/E/embedded/test/final simulation code for my assignments/Unit7_MCU_Essential_Peripherals_lesson1_GPIO/click_mode/CLICK_MODE/Src/inc" -O0 -ffunction-sections -fdata-sections -Wall -fstack-usage -MMD -MP -MF"Src/STM32_TIMERS_DRIVER.d" -MT"Src/STM32_TIMERS_DRIVER.o" --specs=nano.specs -mfloat-abi=soft -mthumb -o "Src/STM32_TIMERS_DRIVER.o"
arm-none-eabi-gcc "../Src/main.c" -mcpu=cortex-m3 -std=gnu11 -g3 -DSTM32 -DSTM32F1 -DSTM32F103C8Tx -DDEBUG -c -I../Inc -I"C:/E/embedded/test/final simulation code for my assignments/Unit7_MCU_Essential_Peripherals_lesson1_GPIO/click_mode/CLICK_MODE/Src/inc" -O0 -ffunction-sections -fdata-sections -Wall -fstack-usage -MMD -MP -MF"Src/main.d" -MT"Src/main.o" --specs=nano.specs -mfloat-abi=soft -mthumb -o "Src/main.o"
arm-none-eabi-gcc "../Src/stm32f103c6_ISR_DRIVER.c" -mcpu=cortex-m3 -std=gnu11 -g3 -DSTM32 -DSTM32F1 -DSTM32F103C8Tx -DDEBUG -c -I../Inc -I"C:/E/embedded/test/final simulation code for my assignments/Unit7_MCU_Essential_Peripherals_lesson1_GPIO/click_mode/CLICK_MODE/Src/inc" -O0 -ffunction-sections -fdata-sections -Wall -fstack-usage -MMD -MP -MF"Src/stm32f103c6_ISR_DRIVER.d" -MT"Src/stm32f103c6_ISR_DRIVER.o" --specs=nano.specs -mfloat-abi=soft -mthumb -o "Src/stm32f103c6_ISR_DRIVER.o"
../Src/CLICK_MODE.c: In function 'CLICK_MODE_INIT':
../Src/CLICK_MODE.c:25:56: warning: passing argument 4 of 'EXTI' from incompatible pointer type [-Wincompatible-pointer-types]
   EXTI(GPIOx,*arr_pins, EXTI_Trigger_RisingAndFalling, CLICK_ISR);
                                                        ^~~~~~~~~
In file included from C:/E/embedded/test/final simulation code for my assignments/Unit7_MCU_Essential_Peripherals_lesson1_GPIO/click_mode/CLICK_MODE/Src/inc/STM32_TIMERS_DRIVER.h:18:0,
                 from C:/E/embedded/test/final simulation code for my assignments/Unit7_MCU_Essential_Peripherals_lesson1_GPIO/click_mode/CLICK_MODE/Src/inc/CLICK_MODE.h:12,
                 from ../Src/CLICK_MODE.c:8:
C:/E/embedded/test/final simulation code for my assignments/Unit7_MCU_Essential_Peripherals_lesson1_GPIO/click_mode/CLICK_MODE/Src/inc/stm32f103c6_ISR_DRIVER.h:67:6: note: expected 'void (*)(interrupt_data *, uint8_t) {aka void (*)(struct interrupt_data *, unsigned char)}' but argument is of type 'void (*)()'
 void EXTI(GPIO_typeDef* PORTx ,uint16_t pin,uint16_t triggercase,void (*function_addres) (interrupt_data* isr_data,uint8_t interupt_num));
      ^~~~
../Src/main.c: In function 'main':
../Src/main.c:10:39: warning: passing argument 4 of 'EXTI' from incompatible pointer type [-Wincompatible-pointer-types]
  EXTI(GPIOA, pin0,EXTI_Trigger_Rising,fun1);
                                       ^~~~
In file included from C:/E/embedded/test/final simulation code for my assignments/Unit7_MCU_Essential_Peripherals_lesson1_GPIO/click_mode/CLICK_MODE/Src/inc/STM32_TIMERS_DRIVER.h:18:0,
                 from C:/E/embedded/test/final simulation code for my assignments/Unit7_MCU_Essential_Peripherals_lesson1_GPIO/click_mode/CLICK_MODE/Src/inc/CLICK_MODE.h:12,
                 from ../Src/main.c:1:
C:/E/embedded/test/final simulation code for my assignments/Unit7_MCU_Essential_Peripherals_lesson1_GPIO/click_mode/CLICK_MODE/Src/inc/stm32f103c6_ISR_DRIVER.h:67:6: note: expected 'void (*)(interrupt_data *, uint8_t) {aka void (*)(struct interrupt_data *, unsigned char)}' but argument is of type 'void (*)()'
 void EXTI(GPIO_typeDef* PORTx ,uint16_t pin,uint16_t triggercase,void (*function_addres) (interrupt_data* isr_data,uint8_t interupt_num));
      ^~~~
../Src/main.c:11:39: warning: passing argument 4 of 'EXTI' from incompatible pointer type [-Wincompatible-pointer-types]
  EXTI(GPIOB, pin0,EXTI_Trigger_Rising,fun2);
                                       ^~~~
In file included from C:/E/embedded/test/final simulation code for my assignments/Unit7_MCU_Essential_Peripherals_lesson1_GPIO/click_mode/CLICK_MODE/Src/inc/STM32_TIMERS_DRIVER.h:18:0,
                 from C:/E/embedded/test/final simulation code for my assignments/Unit7_MCU_Essential_Peripherals_lesson1_GPIO/click_mode/CLICK_MODE/Src/inc/CLICK_MODE.h:12,
                 from ../Src/main.c:1:
C:/E/embedded/test/final simulation code for my assignments/Unit7_MCU_Essential_Peripherals_lesson1_GPIO/click_mode/CLICK_MODE/Src/inc/stm32f103c6_ISR_DRIVER.h:67:6: note: expected 'void (*)(interrupt_data *, uint8_t) {aka void (*)(struct interrupt_data *, unsigned char)}' but argument is of type 'void (*)()'
 void EXTI(GPIO_typeDef* PORTx ,uint16_t pin,uint16_t triggercase,void (*function_addres) (interrupt_data* isr_data,uint8_t interupt_num));
      ^~~~
../Src/stm32f103c6_ISR_DRIVER.c:19:2: error: conflicting types for 'interrupt_data'
 }interrupt_data;
  ^~~~~~~~~~~~~~
In file included from ../Src/stm32f103c6_ISR_DRIVER.c:8:0:
C:/E/embedded/test/final simulation code for my assignments/Unit7_MCU_Essential_Peripherals_lesson1_GPIO/click_mode/CLICK_MODE/Src/inc/stm32f103c6_ISR_DRIVER.h:17:32: note: previous declaration of 'interrupt_data' was here
 typedef struct interrupt_data  interrupt_data ;
                                ^~~~~~~~~~~~~~
../Src/stm32f103c6_ISR_DRIVER.c:117:6: error: conflicting types for 'EXTI'
 void EXTI(GPIO_typeDef* PORTx ,uint16_t pin,uint16_t triggercase,void (*function_addres) (void)){
      ^~~~
In file included from ../Src/stm32f103c6_ISR_DRIVER.c:8:0:
C:/E/embedded/test/final simulation code for my assignments/Unit7_MCU_Essential_Peripherals_lesson1_GPIO/click_mode/CLICK_MODE/Src/inc/stm32f103c6_ISR_DRIVER.h:67:6: note: previous declaration of 'EXTI' was here
 void EXTI(GPIO_typeDef* PORTx ,uint16_t pin,uint16_t triggercase,void (*function_addres) (interrupt_data* isr_data,uint8_t interupt_num));
      ^~~~
make: *** [Src/subdir.mk:100: Src/stm32f103c6_ISR_DRIVER.o] Error 1
make: *** Waiting for unfinished jobs....
"make -j16 all" terminated with exit code 2. Build might be incomplete.
19:10:51 **** Incremental Build of configuration Debug for project CLICK_MODE ****
make -j16 all 
arm-none-eabi-gcc "../Src/stm32f103c6_ISR_DRIVER.c" -mcpu=cortex-m3 -std=gnu11 -g3 -DSTM32 -DSTM32F1 -DSTM32F103C8Tx -DDEBUG -c -I../Inc -I"C:/E/embedded/test/final simulation code for my assignments/Unit7_MCU_Essential_Peripherals_lesson1_GPIO/click_mode/CLICK_MODE/Src/inc" -O0 -ffunction-sections -fdata-sections -Wall -fstack-usage -MMD -MP -MF"Src/stm32f103c6_ISR_DRIVER.d" -MT"Src/stm32f103c6_ISR_DRIVER.o" --specs=nano.specs -mfloat-abi=soft -mthumb -o "Src/stm32f103c6_ISR_DRIVER.o"
../Src/stm32f103c6_ISR_DRIVER.c:19:2: error: conflicting types for 'interrupt_data'
 }interrupt_data;
  ^~~~~~~~~~~~~~
In file included from ../Src/stm32f103c6_ISR_DRIVER.c:8:0:
C:/E/embedded/test/final simulation code for my assignments/Unit7_MCU_Essential_Peripherals_lesson1_GPIO/click_mode/CLICK_MODE/Src/inc/stm32f103c6_ISR_DRIVER.h:17:32: note: previous declaration of 'interrupt_data' was here
 typedef struct interrupt_data  interrupt_data ;
                                ^~~~~~~~~~~~~~
../Src/stm32f103c6_ISR_DRIVER.c:117:6: error: conflicting types for 'EXTI'
 void EXTI(GPIO_typeDef* PORTx ,uint16_t pin,uint16_t triggercase,void (*function_addres) (interrupt_data* isr_data,uint8_t interupt_num)){
      ^~~~
In file included from ../Src/stm32f103c6_ISR_DRIVER.c:8:0:
C:/E/embedded/test/final simulation code for my assignments/Unit7_MCU_Essential_Peripherals_lesson1_GPIO/click_mode/CLICK_MODE/Src/inc/stm32f103c6_ISR_DRIVER.h:67:6: note: previous declaration of 'EXTI' was here
 void EXTI(GPIO_typeDef* PORTx ,uint16_t pin,uint16_t triggercase,void (*function_addres) (interrupt_data* isr_data,uint8_t interupt_num));
      ^~~~
make: *** [Src/subdir.mk:100: Src/stm32f103c6_ISR_DRIVER.o] Error 1
"make -j16 all" terminated with exit code 2. Build might be incomplete.
19:12:27 **** Incremental Build of configuration Debug for project CLICK_MODE ****
make -j16 all 
arm-none-eabi-gcc "../Src/CLICK_MODE.c" -mcpu=cortex-m3 -std=gnu11 -g3 -DSTM32 -DSTM32F1 -DSTM32F103C8Tx -DDEBUG -c -I../Inc -I"C:/E/embedded/test/final simulation code for my assignments/Unit7_MCU_Essential_Peripherals_lesson1_GPIO/click_mode/CLICK_MODE/Src/inc" -O0 -ffunction-sections -fdata-sections -Wall -fstack-usage -MMD -MP -MF"Src/CLICK_MODE.d" -MT"Src/CLICK_MODE.o" --specs=nano.specs -mfloat-abi=soft -mthumb -o "Src/CLICK_MODE.o"
arm-none-eabi-gcc "../Src/STM32_TIMERS_DRIVER.c" -mcpu=cortex-m3 -std=gnu11 -g3 -DSTM32 -DSTM32F1 -DSTM32F103C8Tx -DDEBUG -c -I../Inc -I"C:/E/embedded/test/final simulation code for my assignments/Unit7_MCU_Essential_Peripherals_lesson1_GPIO/click_mode/CLICK_MODE/Src/inc" -O0 -ffunction-sections -fdata-sections -Wall -fstack-usage -MMD -MP -MF"Src/STM32_TIMERS_DRIVER.d" -MT"Src/STM32_TIMERS_DRIVER.o" --specs=nano.specs -mfloat-abi=soft -mthumb -o "Src/STM32_TIMERS_DRIVER.o"
arm-none-eabi-gcc "../Src/main.c" -mcpu=cortex-m3 -std=gnu11 -g3 -DSTM32 -DSTM32F1 -DSTM32F103C8Tx -DDEBUG -c -I../Inc -I"C:/E/embedded/test/final simulation code for my assignments/Unit7_MCU_Essential_Peripherals_lesson1_GPIO/click_mode/CLICK_MODE/Src/inc" -O0 -ffunction-sections -fdata-sections -Wall -fstack-usage -MMD -MP -MF"Src/main.d" -MT"Src/main.o" --specs=nano.specs -mfloat-abi=soft -mthumb -o "Src/main.o"
arm-none-eabi-gcc "../Src/stm32f103c6_ISR_DRIVER.c" -mcpu=cortex-m3 -std=gnu11 -g3 -DSTM32 -DSTM32F1 -DSTM32F103C8Tx -DDEBUG -c -I../Inc -I"C:/E/embedded/test/final simulation code for my assignments/Unit7_MCU_Essential_Peripherals_lesson1_GPIO/click_mode/CLICK_MODE/Src/inc" -O0 -ffunction-sections -fdata-sections -Wall -fstack-usage -MMD -MP -MF"Src/stm32f103c6_ISR_DRIVER.d" -MT"Src/stm32f103c6_ISR_DRIVER.o" --specs=nano.specs -mfloat-abi=soft -mthumb -o "Src/stm32f103c6_ISR_DRIVER.o"
In file included from C:/E/embedded/test/final simulation code for my assignments/Unit7_MCU_Essential_Peripherals_lesson1_GPIO/click_mode/CLICK_MODE/Src/inc/STM32_TIMERS_DRIVER.h:18:0,
                 from ../Src/STM32_TIMERS_DRIVER.c:8:
C:/E/embedded/test/final simulation code for my assignments/Unit7_MCU_Essential_Peripherals_lesson1_GPIO/click_mode/CLICK_MODE/Src/inc/stm32f103c6_ISR_DRIVER.h:67:91: error: expected declaration specifiers or '...' before 'interrupt_data'
 void EXTI(GPIO_typeDef* PORTx ,uint16_t pin,uint16_t triggercase,void (*function_addres) (interrupt_data* isr_data,uint8_t interupt_num));
                                                                                           ^~~~~~~~~~~~~~
In file included from C:/E/embedded/test/final simulation code for my assignments/Unit7_MCU_Essential_Peripherals_lesson1_GPIO/click_mode/CLICK_MODE/Src/inc/STM32_TIMERS_DRIVER.h:18:0,
                 from C:/E/embedded/test/final simulation code for my assignments/Unit7_MCU_Essential_Peripherals_lesson1_GPIO/click_mode/CLICK_MODE/Src/inc/CLICK_MODE.h:12,
                 from ../Src/CLICK_MODE.c:8:
C:/E/embedded/test/final simulation code for my assignments/Unit7_MCU_Essential_Peripherals_lesson1_GPIO/click_mode/CLICK_MODE/Src/inc/stm32f103c6_ISR_DRIVER.h:67:91: error: expected declaration specifiers or '...' before 'interrupt_data'
 void EXTI(GPIO_typeDef* PORTx ,uint16_t pin,uint16_t triggercase,void (*function_addres) (interrupt_data* isr_data,uint8_t interupt_num));
                                                                                           ^~~~~~~~~~~~~~
../Src/CLICK_MODE.c: In function 'CLICK_MODE_INIT':
../Src/CLICK_MODE.c:25:3: warning: implicit declaration of function 'EXTI'; did you mean 'EXTI1'? [-Wimplicit-function-declaration]
   EXTI(GPIOx,*arr_pins, EXTI_Trigger_RisingAndFalling, CLICK_ISR);
   ^~~~
   EXTI1
make: *** [Src/subdir.mk:90: Src/STM32_TIMERS_DRIVER.o] Error 1
make: *** Waiting for unfinished jobs....
In file included from C:/E/embedded/test/final simulation code for my assignments/Unit7_MCU_Essential_Peripherals_lesson1_GPIO/click_mode/CLICK_MODE/Src/inc/STM32_TIMERS_DRIVER.h:18:0,
                 from C:/E/embedded/test/final simulation code for my assignments/Unit7_MCU_Essential_Peripherals_lesson1_GPIO/click_mode/CLICK_MODE/Src/inc/CLICK_MODE.h:12,
                 from ../Src/main.c:1:
C:/E/embedded/test/final simulation code for my assignments/Unit7_MCU_Essential_Peripherals_lesson1_GPIO/click_mode/CLICK_MODE/Src/inc/stm32f103c6_ISR_DRIVER.h:67:91: error: expected declaration specifiers or '...' before 'interrupt_data'
 void EXTI(GPIO_typeDef* PORTx ,uint16_t pin,uint16_t triggercase,void (*function_addres) (interrupt_data* isr_data,uint8_t interupt_num));
                                                                                           ^~~~~~~~~~~~~~
../Src/main.c: In function 'main':
../Src/main.c:10:2: warning: implicit declaration of function 'EXTI'; did you mean 'EXTI1'? [-Wimplicit-function-declaration]
  EXTI(GPIOA, pin0,EXTI_Trigger_Rising,fun1);
  ^~~~
  EXTI1
make: *** [Src/subdir.mk:72: Src/CLICK_MODE.o] Error 1
In file included from ../Src/stm32f103c6_ISR_DRIVER.c:8:0:
C:/E/embedded/test/final simulation code for my assignments/Unit7_MCU_Essential_Peripherals_lesson1_GPIO/click_mode/CLICK_MODE/Src/inc/stm32f103c6_ISR_DRIVER.h:67:91: error: expected declaration specifiers or '...' before 'interrupt_data'
 void EXTI(GPIO_typeDef* PORTx ,uint16_t pin,uint16_t triggercase,void (*function_addres) (interrupt_data* isr_data,uint8_t interupt_num));
                                                                                           ^~~~~~~~~~~~~~
../Src/stm32f103c6_ISR_DRIVER.c:19:2: error: 'interrupt_data' redeclared as different kind of symbol
 }interrupt_data;
  ^~~~~~~~~~~~~~
In file included from ../Src/stm32f103c6_ISR_DRIVER.c:8:0:
C:/E/embedded/test/final simulation code for my assignments/Unit7_MCU_Essential_Peripherals_lesson1_GPIO/click_mode/CLICK_MODE/Src/inc/stm32f103c6_ISR_DRIVER.h:17:31: note: previous declaration of 'interrupt_data' was here
 extern struct interrupt_data  interrupt_data ;
                               ^~~~~~~~~~~~~~
make: *** [Src/subdir.mk:94: Src/main.o] Error 1
make: *** [Src/subdir.mk:100: Src/stm32f103c6_ISR_DRIVER.o] Error 1
"make -j16 all" terminated with exit code 2. Build might be incomplete.
19:15:07 **** Incremental Build of configuration Debug for project CLICK_MODE ****
make -j16 all 
arm-none-eabi-gcc "../Src/CLICK_MODE.c" -mcpu=cortex-m3 -std=gnu11 -g3 -DSTM32 -DSTM32F1 -DSTM32F103C8Tx -DDEBUG -c -I../Inc -I"C:/E/embedded/test/final simulation code for my assignments/Unit7_MCU_Essential_Peripherals_lesson1_GPIO/click_mode/CLICK_MODE/Src/inc" -O0 -ffunction-sections -fdata-sections -Wall -fstack-usage -MMD -MP -MF"Src/CLICK_MODE.d" -MT"Src/CLICK_MODE.o" --specs=nano.specs -mfloat-abi=soft -mthumb -o "Src/CLICK_MODE.o"
arm-none-eabi-gcc "../Src/STM32_TIMERS_DRIVER.c" -mcpu=cortex-m3 -std=gnu11 -g3 -DSTM32 -DSTM32F1 -DSTM32F103C8Tx -DDEBUG -c -I../Inc -I"C:/E/embedded/test/final simulation code for my assignments/Unit7_MCU_Essential_Peripherals_lesson1_GPIO/click_mode/CLICK_MODE/Src/inc" -O0 -ffunction-sections -fdata-sections -Wall -fstack-usage -MMD -MP -MF"Src/STM32_TIMERS_DRIVER.d" -MT"Src/STM32_TIMERS_DRIVER.o" --specs=nano.specs -mfloat-abi=soft -mthumb -o "Src/STM32_TIMERS_DRIVER.o"
arm-none-eabi-gcc "../Src/main.c" -mcpu=cortex-m3 -std=gnu11 -g3 -DSTM32 -DSTM32F1 -DSTM32F103C8Tx -DDEBUG -c -I../Inc -I"C:/E/embedded/test/final simulation code for my assignments/Unit7_MCU_Essential_Peripherals_lesson1_GPIO/click_mode/CLICK_MODE/Src/inc" -O0 -ffunction-sections -fdata-sections -Wall -fstack-usage -MMD -MP -MF"Src/main.d" -MT"Src/main.o" --specs=nano.specs -mfloat-abi=soft -mthumb -o "Src/main.o"
arm-none-eabi-gcc "../Src/stm32f103c6_ISR_DRIVER.c" -mcpu=cortex-m3 -std=gnu11 -g3 -DSTM32 -DSTM32F1 -DSTM32F103C8Tx -DDEBUG -c -I../Inc -I"C:/E/embedded/test/final simulation code for my assignments/Unit7_MCU_Essential_Peripherals_lesson1_GPIO/click_mode/CLICK_MODE/Src/inc" -O0 -ffunction-sections -fdata-sections -Wall -fstack-usage -MMD -MP -MF"Src/stm32f103c6_ISR_DRIVER.d" -MT"Src/stm32f103c6_ISR_DRIVER.o" --specs=nano.specs -mfloat-abi=soft -mthumb -o "Src/stm32f103c6_ISR_DRIVER.o"
../Src/stm32f103c6_ISR_DRIVER.c:117:6: error: conflicting types for 'EXTI'
 void EXTI(GPIO_typeDef* PORTx ,uint16_t pin,uint16_t triggercase,void (*function_addres) (interrupt_data* isr_data,uint8_t interupt_num)){
      ^~~~
In file included from ../Src/stm32f103c6_ISR_DRIVER.c:8:0:
C:/E/embedded/test/final simulation code for my assignments/Unit7_MCU_Essential_Peripherals_lesson1_GPIO/click_mode/CLICK_MODE/Src/inc/stm32f103c6_ISR_DRIVER.h:66:6: note: previous declaration of 'EXTI' was here
 void EXTI(GPIO_typeDef* PORTx ,uint16_t pin,uint16_t triggercase,void (*function_addres) (void));
      ^~~~
make: *** [Src/subdir.mk:100: Src/stm32f103c6_ISR_DRIVER.o] Error 1
make: *** Waiting for unfinished jobs....
"make -j16 all" terminated with exit code 2. Build might be incomplete.
19:15:18 **** Incremental Build of configuration Debug for project CLICK_MODE ****
make -j16 all 
arm-none-eabi-gcc "../Src/stm32f103c6_ISR_DRIVER.c" -mcpu=cortex-m3 -std=gnu11 -g3 -DSTM32 -DSTM32F1 -DSTM32F103C8Tx -DDEBUG -c -I../Inc -I"C:/E/embedded/test/final simulation code for my assignments/Unit7_MCU_Essential_Peripherals_lesson1_GPIO/click_mode/CLICK_MODE/Src/inc" -O0 -ffunction-sections -fdata-sections -Wall -fstack-usage -MMD -MP -MF"Src/stm32f103c6_ISR_DRIVER.d" -MT"Src/stm32f103c6_ISR_DRIVER.o" --specs=nano.specs -mfloat-abi=soft -mthumb -o "Src/stm32f103c6_ISR_DRIVER.o"
arm-none-eabi-gcc -o "CLICK_MODE.axf" @"objects.list"   -mcpu=cortex-m3 -T"C:\E\embedded\test\final simulation code for my assignments\Unit7_MCU_Essential_Peripherals_lesson1_GPIO\click_mode\CLICK_MODE\STM32F103C8TX_FLASH.ld" --specs=nosys.specs -Wl,-Map="CLICK_MODE.map" -Wl,--gc-sections -static --specs=nano.specs -mfloat-abi=soft -mthumb -Wl,--start-group -lc -lm -Wl,--end-group
Finished building target: CLICK_MODE.axf
 
arm-none-eabi-objdump -h -S  CLICK_MODE.axf  > "CLICK_MODE.list"
arm-none-eabi-objcopy  -O binary  CLICK_MODE.axf  "CLICK_MODE.bin"
arm-none-eabi-size   CLICK_MODE.axf 
   text	   data	    bss	    dec	    hex	filename
   6424	     40	   1744	   8208	   2010	CLICK_MODE.axf
Finished building: default.size.stdout
Finished building: CLICK_MODE.bin
 
 
Finished building: CLICK_MODE.list
 
19:15:24 **** Incremental Build of configuration Debug for project CLICK_MODE ****
make -j16 all 
arm-none-eabi-size   CLICK_MODE.axf 
   text	   data	    bss	    dec	    hex	filename
   6424	     40	   1744	   8208	   2010	CLICK_MODE.axf
Finished building: default.size.stdout
 
19:16:24 **** Incremental Build of configuration Debug for project CLICK_MODE ****
make -j16 all 
arm-none-eabi-gcc "../Src/main.c" -mcpu=cortex-m3 -std=gnu11 -g3 -DSTM32 -DSTM32F1 -DSTM32F103C8Tx -DDEBUG -c -I../Inc -I"C:/E/embedded/test/final simulation code for my assignments/Unit7_MCU_Essential_Peripherals_lesson1_GPIO/click_mode/CLICK_MODE/Src/inc" -O0 -ffunction-sections -fdata-sections -Wall -fstack-usage -MMD -MP -MF"Src/main.d" -MT"Src/main.o" --specs=nano.specs -mfloat-abi=soft -mthumb -o "Src/main.o"
../Src/main.c:2:11: error: expected declaration specifiers or '...' before '(' token
 void fun1((*function_addres) (interrupt_data* isr_data,uint8_t interupt_num)){
           ^
../Src/main.c: In function 'main':
../Src/main.c:10:39: error: 'fun1' undeclared (first use in this function); did you mean 'fun2'?
  EXTI(GPIOA, pin0,EXTI_Trigger_Rising,fun1);
                                       ^~~~
                                       fun2
../Src/main.c:10:39: note: each undeclared identifier is reported only once for each function it appears in
make: *** [Src/subdir.mk:94: Src/main.o] Error 1
"make -j16 all" terminated with exit code 2. Build might be incomplete.
19:16:57 **** Incremental Build of configuration Debug for project CLICK_MODE ****
make -j16 all 
arm-none-eabi-gcc "../Src/main.c" -mcpu=cortex-m3 -std=gnu11 -g3 -DSTM32 -DSTM32F1 -DSTM32F103C8Tx -DDEBUG -c -I../Inc -I"C:/E/embedded/test/final simulation code for my assignments/Unit7_MCU_Essential_Peripherals_lesson1_GPIO/click_mode/CLICK_MODE/Src/inc" -O0 -ffunction-sections -fdata-sections -Wall -fstack-usage -MMD -MP -MF"Src/main.d" -MT"Src/main.o" --specs=nano.specs -mfloat-abi=soft -mthumb -o "Src/main.o"
../Src/main.c:2:11: error: unknown type name 'interrupt_data'
 void fun1(interrupt_data* isr_data,uint8_t interupt_num){
           ^~~~~~~~~~~~~~
../Src/main.c: In function 'main':
../Src/main.c:10:39: error: 'fun1' undeclared (first use in this function); did you mean 'fun2'?
  EXTI(GPIOA, pin0,EXTI_Trigger_Rising,fun1);
                                       ^~~~
                                       fun2
../Src/main.c:10:39: note: each undeclared identifier is reported only once for each function it appears in
make: *** [Src/subdir.mk:94: Src/main.o] Error 1
"make -j16 all" terminated with exit code 2. Build might be incomplete.
19:17:33 **** Incremental Build of configuration Debug for project CLICK_MODE ****
make -j16 all 
arm-none-eabi-gcc "../Src/main.c" -mcpu=cortex-m3 -std=gnu11 -g3 -DSTM32 -DSTM32F1 -DSTM32F103C8Tx -DDEBUG -c -I../Inc -I"C:/E/embedded/test/final simulation code for my assignments/Unit7_MCU_Essential_Peripherals_lesson1_GPIO/click_mode/CLICK_MODE/Src/inc" -O0 -ffunction-sections -fdata-sections -Wall -fstack-usage -MMD -MP -MF"Src/main.d" -MT"Src/main.o" --specs=nano.specs -mfloat-abi=soft -mthumb -o "Src/main.o"
../Src/main.c:2:11: error: unknown type name 'interrupt_data'
 void fun1(interrupt_data* isr_data,uint8_t interupt_num){
           ^~~~~~~~~~~~~~
../Src/main.c: In function 'main':
../Src/main.c:10:46: error: 'fun1' undeclared (first use in this function); did you mean 'fun2'?
  EXTI(GPIOA, pin0,EXTI_Trigger_Rising,(void*)fun1);
                                              ^~~~
                                              fun2
../Src/main.c:10:46: note: each undeclared identifier is reported only once for each function it appears in
make: *** [Src/subdir.mk:94: Src/main.o] Error 1
"make -j16 all" terminated with exit code 2. Build might be incomplete.
19:19:24 **** Incremental Build of configuration Debug for project CLICK_MODE ****
make -j16 all 
arm-none-eabi-gcc "../Src/CLICK_MODE.c" -mcpu=cortex-m3 -std=gnu11 -g3 -DSTM32 -DSTM32F1 -DSTM32F103C8Tx -DDEBUG -c -I../Inc -I"C:/E/embedded/test/final simulation code for my assignments/Unit7_MCU_Essential_Peripherals_lesson1_GPIO/click_mode/CLICK_MODE/Src/inc" -O0 -ffunction-sections -fdata-sections -Wall -fstack-usage -MMD -MP -MF"Src/CLICK_MODE.d" -MT"Src/CLICK_MODE.o" --specs=nano.specs -mfloat-abi=soft -mthumb -o "Src/CLICK_MODE.o"
arm-none-eabi-gcc "../Src/STM32_TIMERS_DRIVER.c" -mcpu=cortex-m3 -std=gnu11 -g3 -DSTM32 -DSTM32F1 -DSTM32F103C8Tx -DDEBUG -c -I../Inc -I"C:/E/embedded/test/final simulation code for my assignments/Unit7_MCU_Essential_Peripherals_lesson1_GPIO/click_mode/CLICK_MODE/Src/inc" -O0 -ffunction-sections -fdata-sections -Wall -fstack-usage -MMD -MP -MF"Src/STM32_TIMERS_DRIVER.d" -MT"Src/STM32_TIMERS_DRIVER.o" --specs=nano.specs -mfloat-abi=soft -mthumb -o "Src/STM32_TIMERS_DRIVER.o"
arm-none-eabi-gcc "../Src/main.c" -mcpu=cortex-m3 -std=gnu11 -g3 -DSTM32 -DSTM32F1 -DSTM32F103C8Tx -DDEBUG -c -I../Inc -I"C:/E/embedded/test/final simulation code for my assignments/Unit7_MCU_Essential_Peripherals_lesson1_GPIO/click_mode/CLICK_MODE/Src/inc" -O0 -ffunction-sections -fdata-sections -Wall -fstack-usage -MMD -MP -MF"Src/main.d" -MT"Src/main.o" --specs=nano.specs -mfloat-abi=soft -mthumb -o "Src/main.o"
arm-none-eabi-gcc "../Src/stm32f103c6_ISR_DRIVER.c" -mcpu=cortex-m3 -std=gnu11 -g3 -DSTM32 -DSTM32F1 -DSTM32F103C8Tx -DDEBUG -c -I../Inc -I"C:/E/embedded/test/final simulation code for my assignments/Unit7_MCU_Essential_Peripherals_lesson1_GPIO/click_mode/CLICK_MODE/Src/inc" -O0 -ffunction-sections -fdata-sections -Wall -fstack-usage -MMD -MP -MF"Src/stm32f103c6_ISR_DRIVER.d" -MT"Src/stm32f103c6_ISR_DRIVER.o" --specs=nano.specs -mfloat-abi=soft -mthumb -o "Src/stm32f103c6_ISR_DRIVER.o"
../Src/CLICK_MODE.c: In function 'CLICK_MODE_INIT':
../Src/CLICK_MODE.c:25:56: warning: passing argument 4 of 'EXTI' from incompatible pointer type [-Wincompatible-pointer-types]
   EXTI(GPIOx,*arr_pins, EXTI_Trigger_RisingAndFalling, CLICK_ISR);
                                                        ^~~~~~~~~
In file included from C:/E/embedded/test/final simulation code for my assignments/Unit7_MCU_Essential_Peripherals_lesson1_GPIO/click_mode/CLICK_MODE/Src/inc/STM32_TIMERS_DRIVER.h:18:0,
                 from C:/E/embedded/test/final simulation code for my assignments/Unit7_MCU_Essential_Peripherals_lesson1_GPIO/click_mode/CLICK_MODE/Src/inc/CLICK_MODE.h:12,
                 from ../Src/CLICK_MODE.c:8:
C:/E/embedded/test/final simulation code for my assignments/Unit7_MCU_Essential_Peripherals_lesson1_GPIO/click_mode/CLICK_MODE/Src/inc/stm32f103c6_ISR_DRIVER.h:71:6: note: expected 'void (*)(interrupt_data *, uint8_t) {aka void (*)(struct <anonymous> *, unsigned char)}' but argument is of type 'void (*)()'
 void EXTI(GPIO_typeDef* PORTx ,uint16_t pin,uint16_t triggercase,void (*function_addres) (interrupt_data* isr_data,uint8_t interupt_num));
      ^~~~
../Src/main.c: In function 'main':
../Src/main.c:11:39: warning: passing argument 4 of 'EXTI' from incompatible pointer type [-Wincompatible-pointer-types]
  EXTI(GPIOB, pin0,EXTI_Trigger_Rising,fun2);
                                       ^~~~
In file included from C:/E/embedded/test/final simulation code for my assignments/Unit7_MCU_Essential_Peripherals_lesson1_GPIO/click_mode/CLICK_MODE/Src/inc/STM32_TIMERS_DRIVER.h:18:0,
                 from C:/E/embedded/test/final simulation code for my assignments/Unit7_MCU_Essential_Peripherals_lesson1_GPIO/click_mode/CLICK_MODE/Src/inc/CLICK_MODE.h:12,
                 from ../Src/main.c:1:
C:/E/embedded/test/final simulation code for my assignments/Unit7_MCU_Essential_Peripherals_lesson1_GPIO/click_mode/CLICK_MODE/Src/inc/stm32f103c6_ISR_DRIVER.h:71:6: note: expected 'void (*)(interrupt_data *, uint8_t) {aka void (*)(struct <anonymous> *, unsigned char)}' but argument is of type 'void (*)()'
 void EXTI(GPIO_typeDef* PORTx ,uint16_t pin,uint16_t triggercase,void (*function_addres) (interrupt_data* isr_data,uint8_t interupt_num));
      ^~~~
arm-none-eabi-gcc -o "CLICK_MODE.axf" @"objects.list"   -mcpu=cortex-m3 -T"C:\E\embedded\test\final simulation code for my assignments\Unit7_MCU_Essential_Peripherals_lesson1_GPIO\click_mode\CLICK_MODE\STM32F103C8TX_FLASH.ld" --specs=nosys.specs -Wl,-Map="CLICK_MODE.map" -Wl,--gc-sections -static --specs=nano.specs -mfloat-abi=soft -mthumb -Wl,--start-group -lc -lm -Wl,--end-group
Finished building target: CLICK_MODE.axf
 
arm-none-eabi-objdump -h -S  CLICK_MODE.axf  > "CLICK_MODE.list"
arm-none-eabi-objcopy  -O binary  CLICK_MODE.axf  "CLICK_MODE.bin"
arm-none-eabi-size   CLICK_MODE.axf 
   text	   data	    bss	    dec	    hex	filename
   6436	     40	   1744	   8220	   201c	CLICK_MODE.axf
Finished building: default.size.stdout
 
Finished building: CLICK_MODE.bin
 
Finished building: CLICK_MODE.list
 
19:19:39 **** Incremental Build of configuration Debug for project CLICK_MODE ****
make -j16 all 
arm-none-eabi-gcc "../Src/main.c" -mcpu=cortex-m3 -std=gnu11 -g3 -DSTM32 -DSTM32F1 -DSTM32F103C8Tx -DDEBUG -c -I../Inc -I"C:/E/embedded/test/final simulation code for my assignments/Unit7_MCU_Essential_Peripherals_lesson1_GPIO/click_mode/CLICK_MODE/Src/inc" -O0 -ffunction-sections -fdata-sections -Wall -fstack-usage -MMD -MP -MF"Src/main.d" -MT"Src/main.o" --specs=nano.specs -mfloat-abi=soft -mthumb -o "Src/main.o"
arm-none-eabi-gcc -o "CLICK_MODE.axf" @"objects.list"   -mcpu=cortex-m3 -T"C:\E\embedded\test\final simulation code for my assignments\Unit7_MCU_Essential_Peripherals_lesson1_GPIO\click_mode\CLICK_MODE\STM32F103C8TX_FLASH.ld" --specs=nosys.specs -Wl,-Map="CLICK_MODE.map" -Wl,--gc-sections -static --specs=nano.specs -mfloat-abi=soft -mthumb -Wl,--start-group -lc -lm -Wl,--end-group
Finished building target: CLICK_MODE.axf
 
arm-none-eabi-objdump -h -S  CLICK_MODE.axf  > "CLICK_MODE.list"
arm-none-eabi-objcopy  -O binary  CLICK_MODE.axf  "CLICK_MODE.bin"
arm-none-eabi-size   CLICK_MODE.axf 
   text	   data	    bss	    dec	    hex	filename
   6444	     40	   1744	   8228	   2024	CLICK_MODE.axf
Finished building: default.size.stdout
 
Finished building: CLICK_MODE.bin
 
Finished building: CLICK_MODE.list
 
19:19:52 **** Incremental Build of configuration Debug for project CLICK_MODE ****
make -j16 all 
arm-none-eabi-gcc "../Src/CLICK_MODE.c" -mcpu=cortex-m3 -std=gnu11 -g3 -DSTM32 -DSTM32F1 -DSTM32F103C8Tx -DDEBUG -c -I../Inc -I"C:/E/embedded/test/final simulation code for my assignments/Unit7_MCU_Essential_Peripherals_lesson1_GPIO/click_mode/CLICK_MODE/Src/inc" -O0 -ffunction-sections -fdata-sections -Wall -fstack-usage -MMD -MP -MF"Src/CLICK_MODE.d" -MT"Src/CLICK_MODE.o" --specs=nano.specs -mfloat-abi=soft -mthumb -o "Src/CLICK_MODE.o"
arm-none-eabi-gcc "../Src/STM32_TIMERS_DRIVER.c" -mcpu=cortex-m3 -std=gnu11 -g3 -DSTM32 -DSTM32F1 -DSTM32F103C8Tx -DDEBUG -c -I../Inc -I"C:/E/embedded/test/final simulation code for my assignments/Unit7_MCU_Essential_Peripherals_lesson1_GPIO/click_mode/CLICK_MODE/Src/inc" -O0 -ffunction-sections -fdata-sections -Wall -fstack-usage -MMD -MP -MF"Src/STM32_TIMERS_DRIVER.d" -MT"Src/STM32_TIMERS_DRIVER.o" --specs=nano.specs -mfloat-abi=soft -mthumb -o "Src/STM32_TIMERS_DRIVER.o"
arm-none-eabi-gcc "../Src/main.c" -mcpu=cortex-m3 -std=gnu11 -g3 -DSTM32 -DSTM32F1 -DSTM32F103C8Tx -DDEBUG -c -I../Inc -I"C:/E/embedded/test/final simulation code for my assignments/Unit7_MCU_Essential_Peripherals_lesson1_GPIO/click_mode/CLICK_MODE/Src/inc" -O0 -ffunction-sections -fdata-sections -Wall -fstack-usage -MMD -MP -MF"Src/main.d" -MT"Src/main.o" --specs=nano.specs -mfloat-abi=soft -mthumb -o "Src/main.o"
arm-none-eabi-gcc "../Src/stm32f103c6_ISR_DRIVER.c" -mcpu=cortex-m3 -std=gnu11 -g3 -DSTM32 -DSTM32F1 -DSTM32F103C8Tx -DDEBUG -c -I../Inc -I"C:/E/embedded/test/final simulation code for my assignments/Unit7_MCU_Essential_Peripherals_lesson1_GPIO/click_mode/CLICK_MODE/Src/inc" -O0 -ffunction-sections -fdata-sections -Wall -fstack-usage -MMD -MP -MF"Src/stm32f103c6_ISR_DRIVER.d" -MT"Src/stm32f103c6_ISR_DRIVER.o" --specs=nano.specs -mfloat-abi=soft -mthumb -o "Src/stm32f103c6_ISR_DRIVER.o"
../Src/CLICK_MODE.c: In function 'CLICK_MODE_INIT':
../Src/CLICK_MODE.c:25:56: warning: passing argument 4 of 'EXTI' from incompatible pointer type [-Wincompatible-pointer-types]
   EXTI(GPIOx,*arr_pins, EXTI_Trigger_RisingAndFalling, CLICK_ISR);
                                                        ^~~~~~~~~
In file included from C:/E/embedded/test/final simulation code for my assignments/Unit7_MCU_Essential_Peripherals_lesson1_GPIO/click_mode/CLICK_MODE/Src/inc/STM32_TIMERS_DRIVER.h:18:0,
                 from C:/E/embedded/test/final simulation code for my assignments/Unit7_MCU_Essential_Peripherals_lesson1_GPIO/click_mode/CLICK_MODE/Src/inc/CLICK_MODE.h:12,
                 from ../Src/CLICK_MODE.c:8:
C:/E/embedded/test/final simulation code for my assignments/Unit7_MCU_Essential_Peripherals_lesson1_GPIO/click_mode/CLICK_MODE/Src/inc/stm32f103c6_ISR_DRIVER.h:71:6: note: expected 'void (*)(interrupt_data *, uint8_t) {aka void (*)(struct <anonymous> *, unsigned char)}' but argument is of type 'void (*)()'
 void EXTI(GPIO_typeDef* PORTx ,uint16_t pin,uint16_t triggercase,void (*function_addres)(interrupt_data* isr_data,uint8_t interupt_num));
      ^~~~
arm-none-eabi-gcc -o "CLICK_MODE.axf" @"objects.list"   -mcpu=cortex-m3 -T"C:\E\embedded\test\final simulation code for my assignments\Unit7_MCU_Essential_Peripherals_lesson1_GPIO\click_mode\CLICK_MODE\STM32F103C8TX_FLASH.ld" --specs=nosys.specs -Wl,-Map="CLICK_MODE.map" -Wl,--gc-sections -static --specs=nano.specs -mfloat-abi=soft -mthumb -Wl,--start-group -lc -lm -Wl,--end-group
Finished building target: CLICK_MODE.axf
 
arm-none-eabi-objdump -h -S  CLICK_MODE.axf  > "CLICK_MODE.list"
arm-none-eabi-objcopy  -O binary  CLICK_MODE.axf  "CLICK_MODE.bin"
arm-none-eabi-size   CLICK_MODE.axf 
   text	   data	    bss	    dec	    hex	filename
   6444	     40	   1744	   8228	   2024	CLICK_MODE.axf
Finished building: default.size.stdout
 
Finished building: CLICK_MODE.bin
 
Finished building: CLICK_MODE.list
 
19:20:41 **** Incremental Build of configuration Debug for project CLICK_MODE ****
make -j16 all 
arm-none-eabi-gcc "../Src/stm32f103c6_ISR_DRIVER.c" -mcpu=cortex-m3 -std=gnu11 -g3 -DSTM32 -DSTM32F1 -DSTM32F103C8Tx -DDEBUG -c -I../Inc -I"C:/E/embedded/test/final simulation code for my assignments/Unit7_MCU_Essential_Peripherals_lesson1_GPIO/click_mode/CLICK_MODE/Src/inc" -O0 -ffunction-sections -fdata-sections -Wall -fstack-usage -MMD -MP -MF"Src/stm32f103c6_ISR_DRIVER.d" -MT"Src/stm32f103c6_ISR_DRIVER.o" --specs=nano.specs -mfloat-abi=soft -mthumb -o "Src/stm32f103c6_ISR_DRIVER.o"
arm-none-eabi-gcc -o "CLICK_MODE.axf" @"objects.list"   -mcpu=cortex-m3 -T"C:\E\embedded\test\final simulation code for my assignments\Unit7_MCU_Essential_Peripherals_lesson1_GPIO\click_mode\CLICK_MODE\STM32F103C8TX_FLASH.ld" --specs=nosys.specs -Wl,-Map="CLICK_MODE.map" -Wl,--gc-sections -static --specs=nano.specs -mfloat-abi=soft -mthumb -Wl,--start-group -lc -lm -Wl,--end-group
Finished building target: CLICK_MODE.axf
 
arm-none-eabi-objdump -h -S  CLICK_MODE.axf  > "CLICK_MODE.list"
arm-none-eabi-objcopy  -O binary  CLICK_MODE.axf  "CLICK_MODE.bin"
arm-none-eabi-size   CLICK_MODE.axf 
   text	   data	    bss	    dec	    hex	filename
   6444	     40	   1744	   8228	   2024	CLICK_MODE.axf
Finished building: default.size.stdout
 
Finished building: CLICK_MODE.bin
Finished building: CLICK_MODE.list
 
 
19:20:57 **** Incremental Build of configuration Debug for project CLICK_MODE ****
make -j16 all 
arm-none-eabi-gcc "../Src/CLICK_MODE.c" -mcpu=cortex-m3 -std=gnu11 -g3 -DSTM32 -DSTM32F1 -DSTM32F103C8Tx -DDEBUG -c -I../Inc -I"C:/E/embedded/test/final simulation code for my assignments/Unit7_MCU_Essential_Peripherals_lesson1_GPIO/click_mode/CLICK_MODE/Src/inc" -O0 -ffunction-sections -fdata-sections -Wall -fstack-usage -MMD -MP -MF"Src/CLICK_MODE.d" -MT"Src/CLICK_MODE.o" --specs=nano.specs -mfloat-abi=soft -mthumb -o "Src/CLICK_MODE.o"
arm-none-eabi-gcc "../Src/STM32_TIMERS_DRIVER.c" -mcpu=cortex-m3 -std=gnu11 -g3 -DSTM32 -DSTM32F1 -DSTM32F103C8Tx -DDEBUG -c -I../Inc -I"C:/E/embedded/test/final simulation code for my assignments/Unit7_MCU_Essential_Peripherals_lesson1_GPIO/click_mode/CLICK_MODE/Src/inc" -O0 -ffunction-sections -fdata-sections -Wall -fstack-usage -MMD -MP -MF"Src/STM32_TIMERS_DRIVER.d" -MT"Src/STM32_TIMERS_DRIVER.o" --specs=nano.specs -mfloat-abi=soft -mthumb -o "Src/STM32_TIMERS_DRIVER.o"
arm-none-eabi-gcc "../Src/main.c" -mcpu=cortex-m3 -std=gnu11 -g3 -DSTM32 -DSTM32F1 -DSTM32F103C8Tx -DDEBUG -c -I../Inc -I"C:/E/embedded/test/final simulation code for my assignments/Unit7_MCU_Essential_Peripherals_lesson1_GPIO/click_mode/CLICK_MODE/Src/inc" -O0 -ffunction-sections -fdata-sections -Wall -fstack-usage -MMD -MP -MF"Src/main.d" -MT"Src/main.o" --specs=nano.specs -mfloat-abi=soft -mthumb -o "Src/main.o"
arm-none-eabi-gcc "../Src/stm32f103c6_ISR_DRIVER.c" -mcpu=cortex-m3 -std=gnu11 -g3 -DSTM32 -DSTM32F1 -DSTM32F103C8Tx -DDEBUG -c -I../Inc -I"C:/E/embedded/test/final simulation code for my assignments/Unit7_MCU_Essential_Peripherals_lesson1_GPIO/click_mode/CLICK_MODE/Src/inc" -O0 -ffunction-sections -fdata-sections -Wall -fstack-usage -MMD -MP -MF"Src/stm32f103c6_ISR_DRIVER.d" -MT"Src/stm32f103c6_ISR_DRIVER.o" --specs=nano.specs -mfloat-abi=soft -mthumb -o "Src/stm32f103c6_ISR_DRIVER.o"
../Src/CLICK_MODE.c: In function 'CLICK_MODE_INIT':
../Src/CLICK_MODE.c:25:56: warning: passing argument 4 of 'EXTI' from incompatible pointer type [-Wincompatible-pointer-types]
   EXTI(GPIOx,*arr_pins, EXTI_Trigger_RisingAndFalling, CLICK_ISR);
                                                        ^~~~~~~~~
In file included from C:/E/embedded/test/final simulation code for my assignments/Unit7_MCU_Essential_Peripherals_lesson1_GPIO/click_mode/CLICK_MODE/Src/inc/STM32_TIMERS_DRIVER.h:18:0,
                 from C:/E/embedded/test/final simulation code for my assignments/Unit7_MCU_Essential_Peripherals_lesson1_GPIO/click_mode/CLICK_MODE/Src/inc/CLICK_MODE.h:12,
                 from ../Src/CLICK_MODE.c:8:
C:/E/embedded/test/final simulation code for my assignments/Unit7_MCU_Essential_Peripherals_lesson1_GPIO/click_mode/CLICK_MODE/Src/inc/stm32f103c6_ISR_DRIVER.h:71:6: note: expected 'void (*)(interrupt_data *, uint8_t) {aka void (*)(struct <anonymous> *, unsigned char)}' but argument is of type 'void (*)()'
 void EXTI(GPIO_typeDef* PORTx ,uint16_t pin,uint16_t triggercase,void(*function_addres)(interrupt_data* isr_data,uint8_t interupt_num));
      ^~~~
arm-none-eabi-gcc -o "CLICK_MODE.axf" @"objects.list"   -mcpu=cortex-m3 -T"C:\E\embedded\test\final simulation code for my assignments\Unit7_MCU_Essential_Peripherals_lesson1_GPIO\click_mode\CLICK_MODE\STM32F103C8TX_FLASH.ld" --specs=nosys.specs -Wl,-Map="CLICK_MODE.map" -Wl,--gc-sections -static --specs=nano.specs -mfloat-abi=soft -mthumb -Wl,--start-group -lc -lm -Wl,--end-group
Finished building target: CLICK_MODE.axf
 
arm-none-eabi-objdump -h -S  CLICK_MODE.axf  > "CLICK_MODE.list"
arm-none-eabi-objcopy  -O binary  CLICK_MODE.axf  "CLICK_MODE.bin"
arm-none-eabi-size   CLICK_MODE.axf 
   text	   data	    bss	    dec	    hex	filename
   6444	     40	   1744	   8228	   2024	CLICK_MODE.axf
Finished building: default.size.stdout
 
Finished building: CLICK_MODE.bin
 
Finished building: CLICK_MODE.list
 
19:22:45 **** Incremental Build of configuration Debug for project CLICK_MODE ****
make -j16 all 
arm-none-eabi-gcc "../Src/main.c" -mcpu=cortex-m3 -std=gnu11 -g3 -DSTM32 -DSTM32F1 -DSTM32F103C8Tx -DDEBUG -c -I../Inc -I"C:/E/embedded/test/final simulation code for my assignments/Unit7_MCU_Essential_Peripherals_lesson1_GPIO/click_mode/CLICK_MODE/Src/inc" -O0 -ffunction-sections -fdata-sections -Wall -fstack-usage -MMD -MP -MF"Src/main.d" -MT"Src/main.o" --specs=nano.specs -mfloat-abi=soft -mthumb -o "Src/main.o"
arm-none-eabi-gcc -o "CLICK_MODE.axf" @"objects.list"   -mcpu=cortex-m3 -T"C:\E\embedded\test\final simulation code for my assignments\Unit7_MCU_Essential_Peripherals_lesson1_GPIO\click_mode\CLICK_MODE\STM32F103C8TX_FLASH.ld" --specs=nosys.specs -Wl,-Map="CLICK_MODE.map" -Wl,--gc-sections -static --specs=nano.specs -mfloat-abi=soft -mthumb -Wl,--start-group -lc -lm -Wl,--end-group
Finished building target: CLICK_MODE.axf
 
arm-none-eabi-objdump -h -S  CLICK_MODE.axf  > "CLICK_MODE.list"
arm-none-eabi-objcopy  -O binary  CLICK_MODE.axf  "CLICK_MODE.bin"
arm-none-eabi-size   CLICK_MODE.axf 
   text	   data	    bss	    dec	    hex	filename
   6504	     40	   1752	   8296	   2068	CLICK_MODE.axf
Finished building: default.size.stdout
 
Finished building: CLICK_MODE.bin
 
Finished building: CLICK_MODE.list
 
19:30:50 **** Incremental Build of configuration Debug for project CLICK_MODE ****
make -j16 all 
arm-none-eabi-gcc "../Src/main.c" -mcpu=cortex-m3 -std=gnu11 -g3 -DSTM32 -DSTM32F1 -DSTM32F103C8Tx -DDEBUG -c -I../Inc -I"C:/E/embedded/test/final simulation code for my assignments/Unit7_MCU_Essential_Peripherals_lesson1_GPIO/click_mode/CLICK_MODE/Src/inc" -O0 -ffunction-sections -fdata-sections -Wall -fstack-usage -MMD -MP -MF"Src/main.d" -MT"Src/main.o" --specs=nano.specs -mfloat-abi=soft -mthumb -o "Src/main.o"
arm-none-eabi-gcc -o "CLICK_MODE.axf" @"objects.list"   -mcpu=cortex-m3 -T"C:\E\embedded\test\final simulation code for my assignments\Unit7_MCU_Essential_Peripherals_lesson1_GPIO\click_mode\CLICK_MODE\STM32F103C8TX_FLASH.ld" --specs=nosys.specs -Wl,-Map="CLICK_MODE.map" -Wl,--gc-sections -static --specs=nano.specs -mfloat-abi=soft -mthumb -Wl,--start-group -lc -lm -Wl,--end-group
Finished building target: CLICK_MODE.axf
 
arm-none-eabi-objdump -h -S  CLICK_MODE.axf  > "CLICK_MODE.list"
arm-none-eabi-objcopy  -O binary  CLICK_MODE.axf  "CLICK_MODE.bin"
arm-none-eabi-size   CLICK_MODE.axf 
   text	   data	    bss	    dec	    hex	filename
   6576	     40	   1752	   8368	   20b0	CLICK_MODE.axf
Finished building: default.size.stdout
 
Finished building: CLICK_MODE.bin
 
Finished building: CLICK_MODE.list
 
19:44:12 **** Incremental Build of configuration Debug for project CLICK_MODE ****
make -j16 all 
arm-none-eabi-gcc "../Src/main.c" -mcpu=cortex-m3 -std=gnu11 -g3 -DSTM32 -DSTM32F1 -DSTM32F103C8Tx -DDEBUG -c -I../Inc -I"C:/E/embedded/test/final simulation code for my assignments/Unit7_MCU_Essential_Peripherals_lesson1_GPIO/click_mode/CLICK_MODE/Src/inc" -O0 -ffunction-sections -fdata-sections -Wall -fstack-usage -MMD -MP -MF"Src/main.d" -MT"Src/main.o" --specs=nano.specs -mfloat-abi=soft -mthumb -o "Src/main.o"
arm-none-eabi-gcc -o "CLICK_MODE.axf" @"objects.list"   -mcpu=cortex-m3 -T"C:\E\embedded\test\final simulation code for my assignments\Unit7_MCU_Essential_Peripherals_lesson1_GPIO\click_mode\CLICK_MODE\STM32F103C8TX_FLASH.ld" --specs=nosys.specs -Wl,-Map="CLICK_MODE.map" -Wl,--gc-sections -static --specs=nano.specs -mfloat-abi=soft -mthumb -Wl,--start-group -lc -lm -Wl,--end-group
Finished building target: CLICK_MODE.axf
 
arm-none-eabi-objdump -h -S  CLICK_MODE.axf  > "CLICK_MODE.list"
arm-none-eabi-objcopy  -O binary  CLICK_MODE.axf  "CLICK_MODE.bin"
arm-none-eabi-size   CLICK_MODE.axf 
   text	   data	    bss	    dec	    hex	filename
   6576	     40	   1752	   8368	   20b0	CLICK_MODE.axf
Finished building: default.size.stdout
 
Finished building: CLICK_MODE.bin
Finished building: CLICK_MODE.list
 
 
19:44:28 **** Incremental Build of configuration Debug for project CLICK_MODE ****
make -j16 all 
arm-none-eabi-size   CLICK_MODE.axf 
   text	   data	    bss	    dec	    hex	filename
   6576	     40	   1752	   8368	   20b0	CLICK_MODE.axf
Finished building: default.size.stdout
 
19:49:29 **** Incremental Build of configuration Debug for project CLICK_MODE ****
make -j16 all 
arm-none-eabi-gcc "../Src/main.c" -mcpu=cortex-m3 -std=gnu11 -g3 -DSTM32 -DSTM32F1 -DSTM32F103C8Tx -DDEBUG -c -I../Inc -I"C:/E/embedded/test/final simulation code for my assignments/Unit7_MCU_Essential_Peripherals_lesson1_GPIO/click_mode/CLICK_MODE/Src/inc" -O0 -ffunction-sections -fdata-sections -Wall -fstack-usage -MMD -MP -MF"Src/main.d" -MT"Src/main.o" --specs=nano.specs -mfloat-abi=soft -mthumb -o "Src/main.o"
../Src/main.c: In function 'fun1':
../Src/main.c:5:28: error: invalid type argument of '->' (have 'interrupt_data {aka struct <anonymous>}')
  num=isr_data[interupt_num]->pin;
                            ^~
../Src/main.c:6:28: error: invalid type argument of '->' (have 'interrupt_data {aka struct <anonymous>}')
  num=isr_data[interupt_num]->port;
                            ^~
../Src/main.c: In function 'fun2':
../Src/main.c:10:28: error: invalid type argument of '->' (have 'interrupt_data {aka struct <anonymous>}')
  num=isr_data[interupt_num]->pin;
                            ^~
../Src/main.c:11:28: error: invalid type argument of '->' (have 'interrupt_data {aka struct <anonymous>}')
  num=isr_data[interupt_num]->port;
                            ^~
../Src/main.c: In function 'fun3':
../Src/main.c:15:28: error: invalid type argument of '->' (have 'interrupt_data {aka struct <anonymous>}')
  num=isr_data[interupt_num]->pin;
                            ^~
../Src/main.c:16:28: error: invalid type argument of '->' (have 'interrupt_data {aka struct <anonymous>}')
  num=isr_data[interupt_num]->port;
                            ^~
make: *** [Src/subdir.mk:94: Src/main.o] Error 1
"make -j16 all" terminated with exit code 2. Build might be incomplete.
19:49:52 **** Incremental Build of configuration Debug for project CLICK_MODE ****
make -j16 all 
arm-none-eabi-gcc "../Src/main.c" -mcpu=cortex-m3 -std=gnu11 -g3 -DSTM32 -DSTM32F1 -DSTM32F103C8Tx -DDEBUG -c -I../Inc -I"C:/E/embedded/test/final simulation code for my assignments/Unit7_MCU_Essential_Peripherals_lesson1_GPIO/click_mode/CLICK_MODE/Src/inc" -O0 -ffunction-sections -fdata-sections -Wall -fstack-usage -MMD -MP -MF"Src/main.d" -MT"Src/main.o" --specs=nano.specs -mfloat-abi=soft -mthumb -o "Src/main.o"
../Src/main.c: In function 'fun1':
../Src/main.c:5:28: error: invalid type argument of '->' (have 'interrupt_data {aka struct <anonymous>}')
  num=isr_data[interupt_num]->pin;
                            ^~
../Src/main.c:6:28: error: invalid type argument of '->' (have 'interrupt_data {aka struct <anonymous>}')
  num=isr_data[interupt_num]->port;
                            ^~
../Src/main.c: In function 'fun2':
../Src/main.c:10:28: error: invalid type argument of '->' (have 'interrupt_data {aka struct <anonymous>}')
  num=isr_data[interupt_num]->pin;
                            ^~
../Src/main.c:11:28: error: invalid type argument of '->' (have 'interrupt_data {aka struct <anonymous>}')
  num=isr_data[interupt_num]->port;
                            ^~
../Src/main.c: In function 'fun3':
../Src/main.c:15:29: error: invalid type argument of '->' (have 'interrupt_data {aka struct <anonymous>}')
  num=*isr_data[interupt_num]->pin;
                             ^~
../Src/main.c:16:28: error: invalid type argument of '->' (have 'interrupt_data {aka struct <anonymous>}')
  num=isr_data[interupt_num]->port;
                            ^~
make: *** [Src/subdir.mk:94: Src/main.o] Error 1
"make -j16 all" terminated with exit code 2. Build might be incomplete.
19:50:24 **** Incremental Build of configuration Debug for project CLICK_MODE ****
make -j16 all 
arm-none-eabi-gcc "../Src/main.c" -mcpu=cortex-m3 -std=gnu11 -g3 -DSTM32 -DSTM32F1 -DSTM32F103C8Tx -DDEBUG -c -I../Inc -I"C:/E/embedded/test/final simulation code for my assignments/Unit7_MCU_Essential_Peripherals_lesson1_GPIO/click_mode/CLICK_MODE/Src/inc" -O0 -ffunction-sections -fdata-sections -Wall -fstack-usage -MMD -MP -MF"Src/main.d" -MT"Src/main.o" --specs=nano.specs -mfloat-abi=soft -mthumb -o "Src/main.o"
arm-none-eabi-gcc -o "CLICK_MODE.axf" @"objects.list"   -mcpu=cortex-m3 -T"C:\E\embedded\test\final simulation code for my assignments\Unit7_MCU_Essential_Peripherals_lesson1_GPIO\click_mode\CLICK_MODE\STM32F103C8TX_FLASH.ld" --specs=nosys.specs -Wl,-Map="CLICK_MODE.map" -Wl,--gc-sections -static --specs=nano.specs -mfloat-abi=soft -mthumb -Wl,--start-group -lc -lm -Wl,--end-group
Finished building target: CLICK_MODE.axf
 
arm-none-eabi-objdump -h -S  CLICK_MODE.axf  > "CLICK_MODE.list"
arm-none-eabi-objcopy  -O binary  CLICK_MODE.axf  "CLICK_MODE.bin"
arm-none-eabi-size   CLICK_MODE.axf 
   text	   data	    bss	    dec	    hex	filename
   6600	     40	   1752	   8392	   20c8	CLICK_MODE.axf
Finished building: default.size.stdout
Finished building: CLICK_MODE.bin
Finished building: CLICK_MODE.list
 
 
 
19:52:30 **** Incremental Build of configuration Debug for project CLICK_MODE ****
make -j16 all 
arm-none-eabi-gcc "../Src/main.c" -mcpu=cortex-m3 -std=gnu11 -g3 -DSTM32 -DSTM32F1 -DSTM32F103C8Tx -DDEBUG -c -I../Inc -I"C:/E/embedded/test/final simulation code for my assignments/Unit7_MCU_Essential_Peripherals_lesson1_GPIO/click_mode/CLICK_MODE/Src/inc" -O0 -ffunction-sections -fdata-sections -Wall -fstack-usage -MMD -MP -MF"Src/main.d" -MT"Src/main.o" --specs=nano.specs -mfloat-abi=soft -mthumb -o "Src/main.o"
../Src/main.c: In function 'main':
../Src/main.c:21:39: warning: passing argument 4 of 'EXTI' from incompatible pointer type [-Wincompatible-pointer-types]
  EXTI(GPIOC, pin2,EXTI_Trigger_Rising,fun3);
                                       ^~~~
In file included from C:/E/embedded/test/final simulation code for my assignments/Unit7_MCU_Essential_Peripherals_lesson1_GPIO/click_mode/CLICK_MODE/Src/inc/STM32_TIMERS_DRIVER.h:18:0,
                 from C:/E/embedded/test/final simulation code for my assignments/Unit7_MCU_Essential_Peripherals_lesson1_GPIO/click_mode/CLICK_MODE/Src/inc/CLICK_MODE.h:12,
                 from ../Src/main.c:1:
C:/E/embedded/test/final simulation code for my assignments/Unit7_MCU_Essential_Peripherals_lesson1_GPIO/click_mode/CLICK_MODE/Src/inc/stm32f103c6_ISR_DRIVER.h:71:6: note: expected 'void (*)(interrupt_data *, uint8_t) {aka void (*)(struct <anonymous> *, unsigned char)}' but argument is of type 'void (*)()'
 void EXTI(GPIO_typeDef* PORTx ,uint16_t pin,uint16_t triggercase,void(*function_addres)(interrupt_data* isr_data,uint8_t interupt_num));
      ^~~~
arm-none-eabi-gcc -o "CLICK_MODE.axf" @"objects.list"   -mcpu=cortex-m3 -T"C:\E\embedded\test\final simulation code for my assignments\Unit7_MCU_Essential_Peripherals_lesson1_GPIO\click_mode\CLICK_MODE\STM32F103C8TX_FLASH.ld" --specs=nosys.specs -Wl,-Map="CLICK_MODE.map" -Wl,--gc-sections -static --specs=nano.specs -mfloat-abi=soft -mthumb -Wl,--start-group -lc -lm -Wl,--end-group
Finished building target: CLICK_MODE.axf
 
arm-none-eabi-objdump -h -S  CLICK_MODE.axf  > "CLICK_MODE.list"
arm-none-eabi-objcopy  -O binary  CLICK_MODE.axf  "CLICK_MODE.bin"
arm-none-eabi-size   CLICK_MODE.axf 
   text	   data	    bss	    dec	    hex	filename
   6552	     40	   1752	   8344	   2098	CLICK_MODE.axf
Finished building: default.size.stdout
 
Finished building: CLICK_MODE.bin
Finished building: CLICK_MODE.list
 
 
19:52:48 **** Incremental Build of configuration Debug for project CLICK_MODE ****
make -j16 all 
arm-none-eabi-gcc "../Src/main.c" -mcpu=cortex-m3 -std=gnu11 -g3 -DSTM32 -DSTM32F1 -DSTM32F103C8Tx -DDEBUG -c -I../Inc -I"C:/E/embedded/test/final simulation code for my assignments/Unit7_MCU_Essential_Peripherals_lesson1_GPIO/click_mode/CLICK_MODE/Src/inc" -O0 -ffunction-sections -fdata-sections -Wall -fstack-usage -MMD -MP -MF"Src/main.d" -MT"Src/main.o" --specs=nano.specs -mfloat-abi=soft -mthumb -o "Src/main.o"
arm-none-eabi-gcc -o "CLICK_MODE.axf" @"objects.list"   -mcpu=cortex-m3 -T"C:\E\embedded\test\final simulation code for my assignments\Unit7_MCU_Essential_Peripherals_lesson1_GPIO\click_mode\CLICK_MODE\STM32F103C8TX_FLASH.ld" --specs=nosys.specs -Wl,-Map="CLICK_MODE.map" -Wl,--gc-sections -static --specs=nano.specs -mfloat-abi=soft -mthumb -Wl,--start-group -lc -lm -Wl,--end-group
Finished building target: CLICK_MODE.axf
 
arm-none-eabi-objdump -h -S  CLICK_MODE.axf  > "CLICK_MODE.list"
arm-none-eabi-objcopy  -O binary  CLICK_MODE.axf  "CLICK_MODE.bin"
arm-none-eabi-size   CLICK_MODE.axf 
   text	   data	    bss	    dec	    hex	filename
   6552	     40	   1752	   8344	   2098	CLICK_MODE.axf
Finished building: default.size.stdout
Finished building: CLICK_MODE.bin
 
Finished building: CLICK_MODE.list
 
 
19:54:24 **** Incremental Build of configuration Debug for project CLICK_MODE ****
make -j16 all 
arm-none-eabi-gcc "../Src/main.c" -mcpu=cortex-m3 -std=gnu11 -g3 -DSTM32 -DSTM32F1 -DSTM32F103C8Tx -DDEBUG -c -I../Inc -I"C:/E/embedded/test/final simulation code for my assignments/Unit7_MCU_Essential_Peripherals_lesson1_GPIO/click_mode/CLICK_MODE/Src/inc" -O0 -ffunction-sections -fdata-sections -Wall -fstack-usage -MMD -MP -MF"Src/main.d" -MT"Src/main.o" --specs=nano.specs -mfloat-abi=soft -mthumb -o "Src/main.o"
arm-none-eabi-gcc -o "CLICK_MODE.axf" @"objects.list"   -mcpu=cortex-m3 -T"C:\E\embedded\test\final simulation code for my assignments\Unit7_MCU_Essential_Peripherals_lesson1_GPIO\click_mode\CLICK_MODE\STM32F103C8TX_FLASH.ld" --specs=nosys.specs -Wl,-Map="CLICK_MODE.map" -Wl,--gc-sections -static --specs=nano.specs -mfloat-abi=soft -mthumb -Wl,--start-group -lc -lm -Wl,--end-group
Finished building target: CLICK_MODE.axf
 
arm-none-eabi-objdump -h -S  CLICK_MODE.axf  > "CLICK_MODE.list"
arm-none-eabi-objcopy  -O binary  CLICK_MODE.axf  "CLICK_MODE.bin"
arm-none-eabi-size   CLICK_MODE.axf 
   text	   data	    bss	    dec	    hex	filename
   6552	     40	   1752	   8344	   2098	CLICK_MODE.axf
Finished building: default.size.stdout
 
Finished building: CLICK_MODE.bin
 
Finished building: CLICK_MODE.list
 
19:57:01 **** Incremental Build of configuration Debug for project CLICK_MODE ****
make -j16 all 
arm-none-eabi-gcc "../Src/main.c" -mcpu=cortex-m3 -std=gnu11 -g3 -DSTM32 -DSTM32F1 -DSTM32F103C8Tx -DDEBUG -c -I../Inc -I"C:/E/embedded/test/final simulation code for my assignments/Unit7_MCU_Essential_Peripherals_lesson1_GPIO/click_mode/CLICK_MODE/Src/inc" -O0 -ffunction-sections -fdata-sections -Wall -fstack-usage -MMD -MP -MF"Src/main.d" -MT"Src/main.o" --specs=nano.specs -mfloat-abi=soft -mthumb -o "Src/main.o"
arm-none-eabi-gcc -o "CLICK_MODE.axf" @"objects.list"   -mcpu=cortex-m3 -T"C:\E\embedded\test\final simulation code for my assignments\Unit7_MCU_Essential_Peripherals_lesson1_GPIO\click_mode\CLICK_MODE\STM32F103C8TX_FLASH.ld" --specs=nosys.specs -Wl,-Map="CLICK_MODE.map" -Wl,--gc-sections -static --specs=nano.specs -mfloat-abi=soft -mthumb -Wl,--start-group -lc -lm -Wl,--end-group
Finished building target: CLICK_MODE.axf
 
arm-none-eabi-objdump -h -S  CLICK_MODE.axf  > "CLICK_MODE.list"
arm-none-eabi-objcopy  -O binary  CLICK_MODE.axf  "CLICK_MODE.bin"
arm-none-eabi-size   CLICK_MODE.axf 
   text	   data	    bss	    dec	    hex	filename
   6548	     40	   1752	   8340	   2094	CLICK_MODE.axf
Finished building: default.size.stdout
 
Finished building: CLICK_MODE.bin
Finished building: CLICK_MODE.list
 
 
20:00:22 **** Incremental Build of configuration Debug for project CLICK_MODE ****
make -j16 all 
arm-none-eabi-gcc "../Src/CLICK_MODE.c" -mcpu=cortex-m3 -std=gnu11 -g3 -DSTM32 -DSTM32F1 -DSTM32F103C8Tx -DDEBUG -c -I../Inc -I"C:/E/embedded/test/final simulation code for my assignments/Unit7_MCU_Essential_Peripherals_lesson1_GPIO/click_mode/CLICK_MODE/Src/inc" -O0 -ffunction-sections -fdata-sections -Wall -fstack-usage -MMD -MP -MF"Src/CLICK_MODE.d" -MT"Src/CLICK_MODE.o" --specs=nano.specs -mfloat-abi=soft -mthumb -o "Src/CLICK_MODE.o"
arm-none-eabi-gcc "../Src/main.c" -mcpu=cortex-m3 -std=gnu11 -g3 -DSTM32 -DSTM32F1 -DSTM32F103C8Tx -DDEBUG -c -I../Inc -I"C:/E/embedded/test/final simulation code for my assignments/Unit7_MCU_Essential_Peripherals_lesson1_GPIO/click_mode/CLICK_MODE/Src/inc" -O0 -ffunction-sections -fdata-sections -Wall -fstack-usage -MMD -MP -MF"Src/main.d" -MT"Src/main.o" --specs=nano.specs -mfloat-abi=soft -mthumb -o "Src/main.o"
arm-none-eabi-gcc -o "CLICK_MODE.axf" @"objects.list"   -mcpu=cortex-m3 -T"C:\E\embedded\test\final simulation code for my assignments\Unit7_MCU_Essential_Peripherals_lesson1_GPIO\click_mode\CLICK_MODE\STM32F103C8TX_FLASH.ld" --specs=nosys.specs -Wl,-Map="CLICK_MODE.map" -Wl,--gc-sections -static --specs=nano.specs -mfloat-abi=soft -mthumb -Wl,--start-group -lc -lm -Wl,--end-group
Finished building target: CLICK_MODE.axf
 
arm-none-eabi-objdump -h -S  CLICK_MODE.axf  > "CLICK_MODE.list"
arm-none-eabi-objcopy  -O binary  CLICK_MODE.axf  "CLICK_MODE.bin"
arm-none-eabi-size   CLICK_MODE.axf 
   text	   data	    bss	    dec	    hex	filename
   6504	     44	   1748	   8296	   2068	CLICK_MODE.axf
Finished building: default.size.stdout
 
Finished building: CLICK_MODE.bin
Finished building: CLICK_MODE.list
 
 
20:28:52 **** Incremental Build of configuration Debug for project CLICK_MODE ****
make -j16 all 
arm-none-eabi-gcc "../Src/CLICK_MODE.c" -mcpu=cortex-m3 -std=gnu11 -g3 -DSTM32 -DSTM32F1 -DSTM32F103C8Tx -DDEBUG -c -I../Inc -I"C:/E/embedded/test/final simulation code for my assignments/Unit7_MCU_Essential_Peripherals_lesson1_GPIO/click_mode/CLICK_MODE/Src/inc" -O0 -ffunction-sections -fdata-sections -Wall -fstack-usage -MMD -MP -MF"Src/CLICK_MODE.d" -MT"Src/CLICK_MODE.o" --specs=nano.specs -mfloat-abi=soft -mthumb -o "Src/CLICK_MODE.o"
../Src/CLICK_MODE.c: In function 'CLICK_ISR':
../Src/CLICK_MODE.c:26:18: error: 'BUTTON {aka struct BUTTON}' has no member named 'CURENT_POS_STAT'
  trak_button[num].CURENT_POS_STAT=1;
                  ^
../Src/CLICK_MODE.c:32:30: error: 'time_handler' undeclared (first use in this function); did you mean 'timeval'?
   TIMER_ISR(TIM3,500,8000000,time_handler);
                              ^~~~~~~~~~~~
                              timeval
../Src/CLICK_MODE.c:32:30: note: each undeclared identifier is reported only once for each function it appears in
make: *** [Src/subdir.mk:72: Src/CLICK_MODE.o] Error 1
"make -j16 all" terminated with exit code 2. Build might be incomplete.
20:29:19 **** Incremental Build of configuration Debug for project CLICK_MODE ****
make -j16 all 
arm-none-eabi-gcc "../Src/CLICK_MODE.c" -mcpu=cortex-m3 -std=gnu11 -g3 -DSTM32 -DSTM32F1 -DSTM32F103C8Tx -DDEBUG -c -I../Inc -I"C:/E/embedded/test/final simulation code for my assignments/Unit7_MCU_Essential_Peripherals_lesson1_GPIO/click_mode/CLICK_MODE/Src/inc" -O0 -ffunction-sections -fdata-sections -Wall -fstack-usage -MMD -MP -MF"Src/CLICK_MODE.d" -MT"Src/CLICK_MODE.o" --specs=nano.specs -mfloat-abi=soft -mthumb -o "Src/CLICK_MODE.o"
../Src/CLICK_MODE.c: In function 'CLICK_ISR':
../Src/CLICK_MODE.c:26:18: error: 'BUTTON {aka struct BUTTON}' has no member named 'CURENT_POS_STAT'
  trak_button[num].CURENT_POS_STAT=1;
                  ^
make: *** [Src/subdir.mk:72: Src/CLICK_MODE.o] Error 1
"make -j16 all" terminated with exit code 2. Build might be incomplete.
20:29:55 **** Incremental Build of configuration Debug for project CLICK_MODE ****
make -j16 all 
arm-none-eabi-gcc "../Src/CLICK_MODE.c" -mcpu=cortex-m3 -std=gnu11 -g3 -DSTM32 -DSTM32F1 -DSTM32F103C8Tx -DDEBUG -c -I../Inc -I"C:/E/embedded/test/final simulation code for my assignments/Unit7_MCU_Essential_Peripherals_lesson1_GPIO/click_mode/CLICK_MODE/Src/inc" -O0 -ffunction-sections -fdata-sections -Wall -fstack-usage -MMD -MP -MF"Src/CLICK_MODE.d" -MT"Src/CLICK_MODE.o" --specs=nano.specs -mfloat-abi=soft -mthumb -o "Src/CLICK_MODE.o"
arm-none-eabi-gcc -o "CLICK_MODE.axf" @"objects.list"   -mcpu=cortex-m3 -T"C:\E\embedded\test\final simulation code for my assignments\Unit7_MCU_Essential_Peripherals_lesson1_GPIO\click_mode\CLICK_MODE\STM32F103C8TX_FLASH.ld" --specs=nosys.specs -Wl,-Map="CLICK_MODE.map" -Wl,--gc-sections -static --specs=nano.specs -mfloat-abi=soft -mthumb -Wl,--start-group -lc -lm -Wl,--end-group
Finished building target: CLICK_MODE.axf
 
arm-none-eabi-objdump -h -S  CLICK_MODE.axf  > "CLICK_MODE.list"
arm-none-eabi-objcopy  -O binary  CLICK_MODE.axf  "CLICK_MODE.bin"
arm-none-eabi-size   CLICK_MODE.axf 
   text	   data	    bss	    dec	    hex	filename
   6988	     44	   1796	   8828	   227c	CLICK_MODE.axf
Finished building: default.size.stdout
 
Finished building: CLICK_MODE.bin
 
Finished building: CLICK_MODE.list
 
20:34:03 **** Incremental Build of configuration Debug for project CLICK_MODE ****
make -j16 all 
arm-none-eabi-gcc "../Src/CLICK_MODE.c" -mcpu=cortex-m3 -std=gnu11 -g3 -DSTM32 -DSTM32F1 -DSTM32F103C8Tx -DDEBUG -c -I../Inc -I"C:/E/embedded/test/final simulation code for my assignments/Unit7_MCU_Essential_Peripherals_lesson1_GPIO/click_mode/CLICK_MODE/Src/inc" -O0 -ffunction-sections -fdata-sections -Wall -fstack-usage -MMD -MP -MF"Src/CLICK_MODE.d" -MT"Src/CLICK_MODE.o" --specs=nano.specs -mfloat-abi=soft -mthumb -o "Src/CLICK_MODE.o"
arm-none-eabi-gcc -o "CLICK_MODE.axf" @"objects.list"   -mcpu=cortex-m3 -T"C:\E\embedded\test\final simulation code for my assignments\Unit7_MCU_Essential_Peripherals_lesson1_GPIO\click_mode\CLICK_MODE\STM32F103C8TX_FLASH.ld" --specs=nosys.specs -Wl,-Map="CLICK_MODE.map" -Wl,--gc-sections -static --specs=nano.specs -mfloat-abi=soft -mthumb -Wl,--start-group -lc -lm -Wl,--end-group
Finished building target: CLICK_MODE.axf
 
arm-none-eabi-objdump -h -S  CLICK_MODE.axf  > "CLICK_MODE.list"
arm-none-eabi-objcopy  -O binary  CLICK_MODE.axf  "CLICK_MODE.bin"
arm-none-eabi-size   CLICK_MODE.axf 
   text	   data	    bss	    dec	    hex	filename
   6988	     44	   1796	   8828	   227c	CLICK_MODE.axf
Finished building: default.size.stdout
 
Finished building: CLICK_MODE.bin
 
Finished building: CLICK_MODE.list
 
20:37:54 **** Incremental Build of configuration Debug for project CLICK_MODE ****
make -j16 all 
arm-none-eabi-gcc "../Src/main.c" -mcpu=cortex-m3 -std=gnu11 -g3 -DSTM32 -DSTM32F1 -DSTM32F103C8Tx -DDEBUG -c -I../Inc -I"C:/E/embedded/test/final simulation code for my assignments/Unit7_MCU_Essential_Peripherals_lesson1_GPIO/click_mode/CLICK_MODE/Src/inc" -O0 -ffunction-sections -fdata-sections -Wall -fstack-usage -MMD -MP -MF"Src/main.d" -MT"Src/main.o" --specs=nano.specs -mfloat-abi=soft -mthumb -o "Src/main.o"
arm-none-eabi-gcc -o "CLICK_MODE.axf" @"objects.list"   -mcpu=cortex-m3 -T"C:\E\embedded\test\final simulation code for my assignments\Unit7_MCU_Essential_Peripherals_lesson1_GPIO\click_mode\CLICK_MODE\STM32F103C8TX_FLASH.ld" --specs=nosys.specs -Wl,-Map="CLICK_MODE.map" -Wl,--gc-sections -static --specs=nano.specs -mfloat-abi=soft -mthumb -Wl,--start-group -lc -lm -Wl,--end-group
Finished building target: CLICK_MODE.axf
 
arm-none-eabi-objdump -h -S  CLICK_MODE.axf  > "CLICK_MODE.list"
arm-none-eabi-objcopy  -O binary  CLICK_MODE.axf  "CLICK_MODE.bin"
arm-none-eabi-size   CLICK_MODE.axf 
   text	   data	    bss	    dec	    hex	filename
   6988	     40	   1800	   8828	   227c	CLICK_MODE.axf
Finished building: default.size.stdout
Finished building: CLICK_MODE.bin
 
 
Finished building: CLICK_MODE.list
 
20:38:08 **** Incremental Build of configuration Debug for project CLICK_MODE ****
make -j16 all 
arm-none-eabi-size   CLICK_MODE.axf 
   text	   data	    bss	    dec	    hex	filename
   6988	     40	   1800	   8828	   227c	CLICK_MODE.axf
Finished building: default.size.stdout
 
20:38:22 **** Incremental Build of configuration Debug for project CLICK_MODE ****
make -j16 all 
arm-none-eabi-size   CLICK_MODE.axf 
   text	   data	    bss	    dec	    hex	filename
   6988	     40	   1800	   8828	   227c	CLICK_MODE.axf
Finished building: default.size.stdout
 
20:38:41 **** Incremental Build of configuration Debug for project CLICK_MODE ****
make -j16 all 
arm-none-eabi-gcc -o "CLICK_MODE.axf" @"objects.list"   -mcpu=cortex-m3 -T"C:\E\embedded\test\final simulation code for my assignments\Unit7_MCU_Essential_Peripherals_lesson1_GPIO\click_mode\CLICK_MODE\STM32F103C8TX_FLASH.ld" --specs=nosys.specs -Wl,-Map="CLICK_MODE.map" -Wl,--gc-sections -static --specs=nano.specs -mfloat-abi=soft -mthumb -Wl,--start-group -lc -lm -Wl,--end-group
Finished building target: CLICK_MODE.axf
 
arm-none-eabi-objdump -h -S  CLICK_MODE.axf  > "CLICK_MODE.list"
arm-none-eabi-objcopy  -O binary  CLICK_MODE.axf  "CLICK_MODE.bin"
arm-none-eabi-size   CLICK_MODE.axf 
   text	   data	    bss	    dec	    hex	filename
   6988	     40	   1800	   8828	   227c	CLICK_MODE.axf
Finished building: default.size.stdout
 
Finished building: CLICK_MODE.bin
 
Finished building: CLICK_MODE.list
 
20:39:03 **** Incremental Build of configuration Debug for project CLICK_MODE ****
make -j16 all 
arm-none-eabi-size   CLICK_MODE.axf 
   text	   data	    bss	    dec	    hex	filename
   6988	     40	   1800	   8828	   227c	CLICK_MODE.axf
Finished building: default.size.stdout
 
20:41:18 **** Incremental Build of configuration Debug for project CLICK_MODE ****
make -j16 all 
arm-none-eabi-gcc "../Src/CLICK_MODE.c" -mcpu=cortex-m3 -std=gnu11 -g3 -DSTM32 -DSTM32F1 -DSTM32F103C8Tx -DDEBUG -c -I../Inc -I"C:/E/embedded/test/final simulation code for my assignments/Unit7_MCU_Essential_Peripherals_lesson1_GPIO/click_mode/CLICK_MODE/Src/inc" -O0 -ffunction-sections -fdata-sections -Wall -fstack-usage -MMD -MP -MF"Src/CLICK_MODE.d" -MT"Src/CLICK_MODE.o" --specs=nano.specs -mfloat-abi=soft -mthumb -o "Src/CLICK_MODE.o"
arm-none-eabi-gcc -o "CLICK_MODE.axf" @"objects.list"   -mcpu=cortex-m3 -T"C:\E\embedded\test\final simulation code for my assignments\Unit7_MCU_Essential_Peripherals_lesson1_GPIO\click_mode\CLICK_MODE\STM32F103C8TX_FLASH.ld" --specs=nosys.specs -Wl,-Map="CLICK_MODE.map" -Wl,--gc-sections -static --specs=nano.specs -mfloat-abi=soft -mthumb -Wl,--start-group -lc -lm -Wl,--end-group
Finished building target: CLICK_MODE.axf
 
arm-none-eabi-objdump -h -S  CLICK_MODE.axf  > "CLICK_MODE.list"
arm-none-eabi-objcopy  -O binary  CLICK_MODE.axf  "CLICK_MODE.bin"
arm-none-eabi-size   CLICK_MODE.axf 
   text	   data	    bss	    dec	    hex	filename
   7024	     40	   1800	   8864	   22a0	CLICK_MODE.axf
Finished building: default.size.stdout
 
Finished building: CLICK_MODE.bin
Finished building: CLICK_MODE.list
 
 
20:41:26 **** Incremental Build of configuration Debug for project CLICK_MODE ****
make -j16 all 
arm-none-eabi-size   CLICK_MODE.axf 
   text	   data	    bss	    dec	    hex	filename
   7024	     40	   1800	   8864	   22a0	CLICK_MODE.axf
Finished building: default.size.stdout
 
20:41:59 **** Incremental Build of configuration Debug for project CLICK_MODE ****
make -j16 all 
arm-none-eabi-gcc "../Src/CLICK_MODE.c" -mcpu=cortex-m3 -std=gnu11 -g3 -DSTM32 -DSTM32F1 -DSTM32F103C8Tx -DDEBUG -c -I../Inc -I"C:/E/embedded/test/final simulation code for my assignments/Unit7_MCU_Essential_Peripherals_lesson1_GPIO/click_mode/CLICK_MODE/Src/inc" -O0 -ffunction-sections -fdata-sections -Wall -fstack-usage -MMD -MP -MF"Src/CLICK_MODE.d" -MT"Src/CLICK_MODE.o" --specs=nano.specs -mfloat-abi=soft -mthumb -o "Src/CLICK_MODE.o"
arm-none-eabi-gcc -o "CLICK_MODE.axf" @"objects.list"   -mcpu=cortex-m3 -T"C:\E\embedded\test\final simulation code for my assignments\Unit7_MCU_Essential_Peripherals_lesson1_GPIO\click_mode\CLICK_MODE\STM32F103C8TX_FLASH.ld" --specs=nosys.specs -Wl,-Map="CLICK_MODE.map" -Wl,--gc-sections -static --specs=nano.specs -mfloat-abi=soft -mthumb -Wl,--start-group -lc -lm -Wl,--end-group
Finished building target: CLICK_MODE.axf
 
arm-none-eabi-objdump -h -S  CLICK_MODE.axf  > "CLICK_MODE.list"
arm-none-eabi-objcopy  -O binary  CLICK_MODE.axf  "CLICK_MODE.bin"
arm-none-eabi-size   CLICK_MODE.axf 
   text	   data	    bss	    dec	    hex	filename
   7024	     40	   1800	   8864	   22a0	CLICK_MODE.axf
Finished building: default.size.stdout
 
Finished building: CLICK_MODE.bin
 
Finished building: CLICK_MODE.list
 
20:42:03 **** Incremental Build of configuration Debug for project CLICK_MODE ****
make -j16 all 
arm-none-eabi-size   CLICK_MODE.axf 
   text	   data	    bss	    dec	    hex	filename
   7024	     40	   1800	   8864	   22a0	CLICK_MODE.axf
Finished building: default.size.stdout
 
20:42:44 **** Incremental Build of configuration Debug for project CLICK_MODE ****
make -j16 all 
arm-none-eabi-size   CLICK_MODE.axf 
   text	   data	    bss	    dec	    hex	filename
   7024	     40	   1800	   8864	   22a0	CLICK_MODE.axf
Finished building: default.size.stdout
 
20:44:18 **** Incremental Build of configuration Debug for project CLICK_MODE ****
make -j16 all 
arm-none-eabi-gcc "../Src/CLICK_MODE.c" -mcpu=cortex-m3 -std=gnu11 -g3 -DSTM32 -DSTM32F1 -DSTM32F103C8Tx -DDEBUG -c -I../Inc -I"C:/E/embedded/test/final simulation code for my assignments/Unit7_MCU_Essential_Peripherals_lesson1_GPIO/click_mode/CLICK_MODE/Src/inc" -O0 -ffunction-sections -fdata-sections -Wall -fstack-usage -MMD -MP -MF"Src/CLICK_MODE.d" -MT"Src/CLICK_MODE.o" --specs=nano.specs -mfloat-abi=soft -mthumb -o "Src/CLICK_MODE.o"
arm-none-eabi-gcc -o "CLICK_MODE.axf" @"objects.list"   -mcpu=cortex-m3 -T"C:\E\embedded\test\final simulation code for my assignments\Unit7_MCU_Essential_Peripherals_lesson1_GPIO\click_mode\CLICK_MODE\STM32F103C8TX_FLASH.ld" --specs=nosys.specs -Wl,-Map="CLICK_MODE.map" -Wl,--gc-sections -static --specs=nano.specs -mfloat-abi=soft -mthumb -Wl,--start-group -lc -lm -Wl,--end-group
Finished building target: CLICK_MODE.axf
 
arm-none-eabi-objdump -h -S  CLICK_MODE.axf  > "CLICK_MODE.list"
arm-none-eabi-objcopy  -O binary  CLICK_MODE.axf  "CLICK_MODE.bin"
arm-none-eabi-size   CLICK_MODE.axf 
   text	   data	    bss	    dec	    hex	filename
   7044	     40	   1800	   8884	   22b4	CLICK_MODE.axf
Finished building: default.size.stdout
 
Finished building: CLICK_MODE.bin
 
Finished building: CLICK_MODE.list
 
20:44:22 **** Incremental Build of configuration Debug for project CLICK_MODE ****
make -j16 all 
arm-none-eabi-size   CLICK_MODE.axf 
   text	   data	    bss	    dec	    hex	filename
   7044	     40	   1800	   8884	   22b4	CLICK_MODE.axf
Finished building: default.size.stdout
 
20:45:19 **** Incremental Build of configuration Debug for project CLICK_MODE ****
make -j16 all 
arm-none-eabi-gcc "../Src/CLICK_MODE.c" -mcpu=cortex-m3 -std=gnu11 -g3 -DSTM32 -DSTM32F1 -DSTM32F103C8Tx -DDEBUG -c -I../Inc -I"C:/E/embedded/test/final simulation code for my assignments/Unit7_MCU_Essential_Peripherals_lesson1_GPIO/click_mode/CLICK_MODE/Src/inc" -O0 -ffunction-sections -fdata-sections -Wall -fstack-usage -MMD -MP -MF"Src/CLICK_MODE.d" -MT"Src/CLICK_MODE.o" --specs=nano.specs -mfloat-abi=soft -mthumb -o "Src/CLICK_MODE.o"
arm-none-eabi-gcc -o "CLICK_MODE.axf" @"objects.list"   -mcpu=cortex-m3 -T"C:\E\embedded\test\final simulation code for my assignments\Unit7_MCU_Essential_Peripherals_lesson1_GPIO\click_mode\CLICK_MODE\STM32F103C8TX_FLASH.ld" --specs=nosys.specs -Wl,-Map="CLICK_MODE.map" -Wl,--gc-sections -static --specs=nano.specs -mfloat-abi=soft -mthumb -Wl,--start-group -lc -lm -Wl,--end-group
Finished building target: CLICK_MODE.axf
 
arm-none-eabi-objdump -h -S  CLICK_MODE.axf  > "CLICK_MODE.list"
arm-none-eabi-objcopy  -O binary  CLICK_MODE.axf  "CLICK_MODE.bin"
arm-none-eabi-size   CLICK_MODE.axf 
   text	   data	    bss	    dec	    hex	filename
   7056	     40	   1808	   8904	   22c8	CLICK_MODE.axf
Finished building: default.size.stdout
 
Finished building: CLICK_MODE.bin
Finished building: CLICK_MODE.list
 
 
20:46:14 **** Incremental Build of configuration Debug for project CLICK_MODE ****
make -j16 all 
arm-none-eabi-gcc "../Src/CLICK_MODE.c" -mcpu=cortex-m3 -std=gnu11 -g3 -DSTM32 -DSTM32F1 -DSTM32F103C8Tx -DDEBUG -c -I../Inc -I"C:/E/embedded/test/final simulation code for my assignments/Unit7_MCU_Essential_Peripherals_lesson1_GPIO/click_mode/CLICK_MODE/Src/inc" -O0 -ffunction-sections -fdata-sections -Wall -fstack-usage -MMD -MP -MF"Src/CLICK_MODE.d" -MT"Src/CLICK_MODE.o" --specs=nano.specs -mfloat-abi=soft -mthumb -o "Src/CLICK_MODE.o"
arm-none-eabi-gcc -o "CLICK_MODE.axf" @"objects.list"   -mcpu=cortex-m3 -T"C:\E\embedded\test\final simulation code for my assignments\Unit7_MCU_Essential_Peripherals_lesson1_GPIO\click_mode\CLICK_MODE\STM32F103C8TX_FLASH.ld" --specs=nosys.specs -Wl,-Map="CLICK_MODE.map" -Wl,--gc-sections -static --specs=nano.specs -mfloat-abi=soft -mthumb -Wl,--start-group -lc -lm -Wl,--end-group
Finished building target: CLICK_MODE.axf
 
arm-none-eabi-objdump -h -S  CLICK_MODE.axf  > "CLICK_MODE.list"
arm-none-eabi-objcopy  -O binary  CLICK_MODE.axf  "CLICK_MODE.bin"
arm-none-eabi-size   CLICK_MODE.axf 
   text	   data	    bss	    dec	    hex	filename
   7056	     40	   1808	   8904	   22c8	CLICK_MODE.axf
Finished building: default.size.stdout
 
Finished building: CLICK_MODE.bin
Finished building: CLICK_MODE.list
 
 
20:46:21 **** Incremental Build of configuration Debug for project CLICK_MODE ****
make -j16 all 
arm-none-eabi-size   CLICK_MODE.axf 
   text	   data	    bss	    dec	    hex	filename
   7056	     40	   1808	   8904	   22c8	CLICK_MODE.axf
Finished building: default.size.stdout
 
21:11:02 **** Incremental Build of configuration Debug for project CLICK_MODE ****
make -j16 all 
arm-none-eabi-gcc "../Src/main.c" -mcpu=cortex-m3 -std=gnu11 -g3 -DSTM32 -DSTM32F1 -DSTM32F103C8Tx -DDEBUG -c -I../Inc -I"C:/E/embedded/test/final simulation code for my assignments/Unit7_MCU_Essential_Peripherals_lesson1_GPIO/click_mode/CLICK_MODE/Src/inc" -O0 -ffunction-sections -fdata-sections -Wall -fstack-usage -MMD -MP -MF"Src/main.d" -MT"Src/main.o" --specs=nano.specs -mfloat-abi=soft -mthumb -o "Src/main.o"
arm-none-eabi-gcc -o "CLICK_MODE.axf" @"objects.list"   -mcpu=cortex-m3 -T"C:\E\embedded\test\final simulation code for my assignments\Unit7_MCU_Essential_Peripherals_lesson1_GPIO\click_mode\CLICK_MODE\STM32F103C8TX_FLASH.ld" --specs=nosys.specs -Wl,-Map="CLICK_MODE.map" -Wl,--gc-sections -static --specs=nano.specs -mfloat-abi=soft -mthumb -Wl,--start-group -lc -lm -Wl,--end-group
Finished building target: CLICK_MODE.axf
 
arm-none-eabi-objdump -h -S  CLICK_MODE.axf  > "CLICK_MODE.list"
arm-none-eabi-objcopy  -O binary  CLICK_MODE.axf  "CLICK_MODE.bin"
arm-none-eabi-size   CLICK_MODE.axf 
   text	   data	    bss	    dec	    hex	filename
   7056	     44	   1804	   8904	   22c8	CLICK_MODE.axf
Finished building: default.size.stdout
 
Finished building: CLICK_MODE.bin
Finished building: CLICK_MODE.list
 
 
21:11:06 **** Incremental Build of configuration Debug for project CLICK_MODE ****
make -j16 all 
arm-none-eabi-size   CLICK_MODE.axf 
   text	   data	    bss	    dec	    hex	filename
   7056	     44	   1804	   8904	   22c8	CLICK_MODE.axf
Finished building: default.size.stdout
 
21:59:05 **** Incremental Build of configuration Debug for project CLICK_MODE ****
make -j16 all 
arm-none-eabi-gcc "../Src/CLICK_MODE.c" -mcpu=cortex-m3 -std=gnu11 -g3 -DSTM32 -DSTM32F1 -DSTM32F103C8Tx -DDEBUG -c -I../Inc -I"C:/E/embedded/test/final simulation code for my assignments/Unit7_MCU_Essential_Peripherals_lesson1_GPIO/click_mode/CLICK_MODE/Src/inc" -O0 -ffunction-sections -fdata-sections -Wall -fstack-usage -MMD -MP -MF"Src/CLICK_MODE.d" -MT"Src/CLICK_MODE.o" --specs=nano.specs -mfloat-abi=soft -mthumb -o "Src/CLICK_MODE.o"
arm-none-eabi-gcc -o "CLICK_MODE.axf" @"objects.list"   -mcpu=cortex-m3 -T"C:\E\embedded\test\final simulation code for my assignments\Unit7_MCU_Essential_Peripherals_lesson1_GPIO\click_mode\CLICK_MODE\STM32F103C8TX_FLASH.ld" --specs=nosys.specs -Wl,-Map="CLICK_MODE.map" -Wl,--gc-sections -static --specs=nano.specs -mfloat-abi=soft -mthumb -Wl,--start-group -lc -lm -Wl,--end-group
Finished building target: CLICK_MODE.axf
 
arm-none-eabi-objdump -h -S  CLICK_MODE.axf  > "CLICK_MODE.list"
arm-none-eabi-objcopy  -O binary  CLICK_MODE.axf  "CLICK_MODE.bin"
arm-none-eabi-size   CLICK_MODE.axf 
   text	   data	    bss	    dec	    hex	filename
   7164	     44	   1820	   9028	   2344	CLICK_MODE.axf
Finished building: default.size.stdout
 
Finished building: CLICK_MODE.bin
Finished building: CLICK_MODE.list
 
 
21:59:18 **** Incremental Build of configuration Debug for project CLICK_MODE ****
make -j16 all 
arm-none-eabi-size   CLICK_MODE.axf 
   text	   data	    bss	    dec	    hex	filename
   7164	     44	   1820	   9028	   2344	CLICK_MODE.axf
Finished building: default.size.stdout
 
22:01:43 **** Incremental Build of configuration Debug for project CLICK_MODE ****
make -j16 all 
arm-none-eabi-size   CLICK_MODE.axf 
   text	   data	    bss	    dec	    hex	filename
   7164	     44	   1820	   9028	   2344	CLICK_MODE.axf
Finished building: default.size.stdout
 
22:08:03 **** Incremental Build of configuration Debug for project CLICK_MODE ****
make -j16 all 
arm-none-eabi-gcc "../Src/CLICK_MODE.c" -mcpu=cortex-m3 -std=gnu11 -g3 -DSTM32 -DSTM32F1 -DSTM32F103C8Tx -DDEBUG -c -I../Inc -I"C:/E/embedded/test/final simulation code for my assignments/Unit7_MCU_Essential_Peripherals_lesson1_GPIO/click_mode/CLICK_MODE/Src/inc" -O0 -ffunction-sections -fdata-sections -Wall -fstack-usage -MMD -MP -MF"Src/CLICK_MODE.d" -MT"Src/CLICK_MODE.o" --specs=nano.specs -mfloat-abi=soft -mthumb -o "Src/CLICK_MODE.o"
arm-none-eabi-gcc -o "CLICK_MODE.axf" @"objects.list"   -mcpu=cortex-m3 -T"C:\E\embedded\test\final simulation code for my assignments\Unit7_MCU_Essential_Peripherals_lesson1_GPIO\click_mode\CLICK_MODE\STM32F103C8TX_FLASH.ld" --specs=nosys.specs -Wl,-Map="CLICK_MODE.map" -Wl,--gc-sections -static --specs=nano.specs -mfloat-abi=soft -mthumb -Wl,--start-group -lc -lm -Wl,--end-group
Finished building target: CLICK_MODE.axf
 
arm-none-eabi-objdump -h -S  CLICK_MODE.axf  > "CLICK_MODE.list"
arm-none-eabi-objcopy  -O binary  CLICK_MODE.axf  "CLICK_MODE.bin"
arm-none-eabi-size   CLICK_MODE.axf 
   text	   data	    bss	    dec	    hex	filename
   7180	     44	   1820	   9044	   2354	CLICK_MODE.axf
Finished building: default.size.stdout
 
Finished building: CLICK_MODE.bin
Finished building: CLICK_MODE.list
 
 
22:08:30 **** Incremental Build of configuration Debug for project CLICK_MODE ****
make -j16 all 
arm-none-eabi-gcc "../Src/CLICK_MODE.c" -mcpu=cortex-m3 -std=gnu11 -g3 -DSTM32 -DSTM32F1 -DSTM32F103C8Tx -DDEBUG -c -I../Inc -I"C:/E/embedded/test/final simulation code for my assignments/Unit7_MCU_Essential_Peripherals_lesson1_GPIO/click_mode/CLICK_MODE/Src/inc" -O0 -ffunction-sections -fdata-sections -Wall -fstack-usage -MMD -MP -MF"Src/CLICK_MODE.d" -MT"Src/CLICK_MODE.o" --specs=nano.specs -mfloat-abi=soft -mthumb -o "Src/CLICK_MODE.o"
arm-none-eabi-gcc -o "CLICK_MODE.axf" @"objects.list"   -mcpu=cortex-m3 -T"C:\E\embedded\test\final simulation code for my assignments\Unit7_MCU_Essential_Peripherals_lesson1_GPIO\click_mode\CLICK_MODE\STM32F103C8TX_FLASH.ld" --specs=nosys.specs -Wl,-Map="CLICK_MODE.map" -Wl,--gc-sections -static --specs=nano.specs -mfloat-abi=soft -mthumb -Wl,--start-group -lc -lm -Wl,--end-group
Finished building target: CLICK_MODE.axf
 
arm-none-eabi-objdump -h -S  CLICK_MODE.axf  > "CLICK_MODE.list"
arm-none-eabi-objcopy  -O binary  CLICK_MODE.axf  "CLICK_MODE.bin"
arm-none-eabi-size   CLICK_MODE.axf 
   text	   data	    bss	    dec	    hex	filename
   7192	     44	   1820	   9056	   2360	CLICK_MODE.axf
Finished building: default.size.stdout
 
Finished building: CLICK_MODE.bin
 
Finished building: CLICK_MODE.list
 
22:08:33 **** Incremental Build of configuration Debug for project CLICK_MODE ****
make -j16 all 
arm-none-eabi-size   CLICK_MODE.axf 
   text	   data	    bss	    dec	    hex	filename
   7192	     44	   1820	   9056	   2360	CLICK_MODE.axf
Finished building: default.size.stdout
 
22:28:38 **** Incremental Build of configuration Debug for project CLICK_MODE ****
make -j16 all 
arm-none-eabi-gcc "../Src/CLICK_MODE.c" -mcpu=cortex-m3 -std=gnu11 -g3 -DSTM32 -DSTM32F1 -DSTM32F103C8Tx -DDEBUG -c -I../Inc -I"C:/E/embedded/test/final simulation code for my assignments/Unit7_MCU_Essential_Peripherals_lesson1_GPIO/click_mode/CLICK_MODE/Src/inc" -O0 -ffunction-sections -fdata-sections -Wall -fstack-usage -MMD -MP -MF"Src/CLICK_MODE.d" -MT"Src/CLICK_MODE.o" --specs=nano.specs -mfloat-abi=soft -mthumb -o "Src/CLICK_MODE.o"
arm-none-eabi-gcc "../Src/main.c" -mcpu=cortex-m3 -std=gnu11 -g3 -DSTM32 -DSTM32F1 -DSTM32F103C8Tx -DDEBUG -c -I../Inc -I"C:/E/embedded/test/final simulation code for my assignments/Unit7_MCU_Essential_Peripherals_lesson1_GPIO/click_mode/CLICK_MODE/Src/inc" -O0 -ffunction-sections -fdata-sections -Wall -fstack-usage -MMD -MP -MF"Src/main.d" -MT"Src/main.o" --specs=nano.specs -mfloat-abi=soft -mthumb -o "Src/main.o"
arm-none-eabi-gcc -o "CLICK_MODE.axf" @"objects.list"   -mcpu=cortex-m3 -T"C:\E\embedded\test\final simulation code for my assignments\Unit7_MCU_Essential_Peripherals_lesson1_GPIO\click_mode\CLICK_MODE\STM32F103C8TX_FLASH.ld" --specs=nosys.specs -Wl,-Map="CLICK_MODE.map" -Wl,--gc-sections -static --specs=nano.specs -mfloat-abi=soft -mthumb -Wl,--start-group -lc -lm -Wl,--end-group
Finished building target: CLICK_MODE.axf
 
arm-none-eabi-objdump -h -S  CLICK_MODE.axf  > "CLICK_MODE.list"
arm-none-eabi-objcopy  -O binary  CLICK_MODE.axf  "CLICK_MODE.bin"
arm-none-eabi-size   CLICK_MODE.axf 
   text	   data	    bss	    dec	    hex	filename
   7192	     44	   1820	   9056	   2360	CLICK_MODE.axf
Finished building: default.size.stdout
 
Finished building: CLICK_MODE.bin
 
Finished building: CLICK_MODE.list
 
22:29:46 **** Incremental Build of configuration Debug for project CLICK_MODE ****
make -j16 all 
arm-none-eabi-gcc "../Src/main.c" -mcpu=cortex-m3 -std=gnu11 -g3 -DSTM32 -DSTM32F1 -DSTM32F103C8Tx -DDEBUG -c -I../Inc -I"C:/E/embedded/test/final simulation code for my assignments/Unit7_MCU_Essential_Peripherals_lesson1_GPIO/click_mode/CLICK_MODE/Src/inc" -O0 -ffunction-sections -fdata-sections -Wall -fstack-usage -MMD -MP -MF"Src/main.d" -MT"Src/main.o" --specs=nano.specs -mfloat-abi=soft -mthumb -o "Src/main.o"
arm-none-eabi-gcc -o "CLICK_MODE.axf" @"objects.list"   -mcpu=cortex-m3 -T"C:\E\embedded\test\final simulation code for my assignments\Unit7_MCU_Essential_Peripherals_lesson1_GPIO\click_mode\CLICK_MODE\STM32F103C8TX_FLASH.ld" --specs=nosys.specs -Wl,-Map="CLICK_MODE.map" -Wl,--gc-sections -static --specs=nano.specs -mfloat-abi=soft -mthumb -Wl,--start-group -lc -lm -Wl,--end-group
Finished building target: CLICK_MODE.axf
 
arm-none-eabi-objdump -h -S  CLICK_MODE.axf  > "CLICK_MODE.list"
arm-none-eabi-objcopy  -O binary  CLICK_MODE.axf  "CLICK_MODE.bin"
arm-none-eabi-size   CLICK_MODE.axf 
   text	   data	    bss	    dec	    hex	filename
   7232	     44	   1820	   9096	   2388	CLICK_MODE.axf
Finished building: default.size.stdout
 
Finished building: CLICK_MODE.bin
 
Finished building: CLICK_MODE.list
 
22:29:58 **** Incremental Build of configuration Debug for project CLICK_MODE ****
make -j16 all 
arm-none-eabi-gcc "../Src/main.c" -mcpu=cortex-m3 -std=gnu11 -g3 -DSTM32 -DSTM32F1 -DSTM32F103C8Tx -DDEBUG -c -I../Inc -I"C:/E/embedded/test/final simulation code for my assignments/Unit7_MCU_Essential_Peripherals_lesson1_GPIO/click_mode/CLICK_MODE/Src/inc" -O0 -ffunction-sections -fdata-sections -Wall -fstack-usage -MMD -MP -MF"Src/main.d" -MT"Src/main.o" --specs=nano.specs -mfloat-abi=soft -mthumb -o "Src/main.o"
arm-none-eabi-gcc -o "CLICK_MODE.axf" @"objects.list"   -mcpu=cortex-m3 -T"C:\E\embedded\test\final simulation code for my assignments\Unit7_MCU_Essential_Peripherals_lesson1_GPIO\click_mode\CLICK_MODE\STM32F103C8TX_FLASH.ld" --specs=nosys.specs -Wl,-Map="CLICK_MODE.map" -Wl,--gc-sections -static --specs=nano.specs -mfloat-abi=soft -mthumb -Wl,--start-group -lc -lm -Wl,--end-group
Finished building target: CLICK_MODE.axf
 
arm-none-eabi-objdump -h -S  CLICK_MODE.axf  > "CLICK_MODE.list"
arm-none-eabi-objcopy  -O binary  CLICK_MODE.axf  "CLICK_MODE.bin"
arm-none-eabi-size   CLICK_MODE.axf 
   text	   data	    bss	    dec	    hex	filename
   7244	     44	   1820	   9108	   2394	CLICK_MODE.axf
Finished building: default.size.stdout
 
Finished building: CLICK_MODE.bin
Finished building: CLICK_MODE.list
 
 
22:30:47 **** Incremental Build of configuration Debug for project CLICK_MODE ****
make -j16 all 
arm-none-eabi-gcc "../Src/CLICK_MODE.c" -mcpu=cortex-m3 -std=gnu11 -g3 -DSTM32 -DSTM32F1 -DSTM32F103C8Tx -DDEBUG -c -I../Inc -I"C:/E/embedded/test/final simulation code for my assignments/Unit7_MCU_Essential_Peripherals_lesson1_GPIO/click_mode/CLICK_MODE/Src/inc" -O0 -ffunction-sections -fdata-sections -Wall -fstack-usage -MMD -MP -MF"Src/CLICK_MODE.d" -MT"Src/CLICK_MODE.o" --specs=nano.specs -mfloat-abi=soft -mthumb -o "Src/CLICK_MODE.o"
arm-none-eabi-gcc -o "CLICK_MODE.axf" @"objects.list"   -mcpu=cortex-m3 -T"C:\E\embedded\test\final simulation code for my assignments\Unit7_MCU_Essential_Peripherals_lesson1_GPIO\click_mode\CLICK_MODE\STM32F103C8TX_FLASH.ld" --specs=nosys.specs -Wl,-Map="CLICK_MODE.map" -Wl,--gc-sections -static --specs=nano.specs -mfloat-abi=soft -mthumb -Wl,--start-group -lc -lm -Wl,--end-group
Finished building target: CLICK_MODE.axf
 
arm-none-eabi-objdump -h -S  CLICK_MODE.axf  > "CLICK_MODE.list"
arm-none-eabi-objcopy  -O binary  CLICK_MODE.axf  "CLICK_MODE.bin"
arm-none-eabi-size   CLICK_MODE.axf 
   text	   data	    bss	    dec	    hex	filename
   7256	     44	   1820	   9120	   23a0	CLICK_MODE.axf
Finished building: default.size.stdout
 
Finished building: CLICK_MODE.bin
Finished building: CLICK_MODE.list
 
 
22:30:59 **** Incremental Build of configuration Debug for project CLICK_MODE ****
make -j16 all 
arm-none-eabi-size   CLICK_MODE.axf 
   text	   data	    bss	    dec	    hex	filename
   7256	     44	   1820	   9120	   23a0	CLICK_MODE.axf
Finished building: default.size.stdout
 
22:31:01 **** Incremental Build of configuration Debug for project CLICK_MODE ****
make -j16 all 
arm-none-eabi-size   CLICK_MODE.axf 
   text	   data	    bss	    dec	    hex	filename
   7256	     44	   1820	   9120	   23a0	CLICK_MODE.axf
Finished building: default.size.stdout
 
22:32:02 **** Incremental Build of configuration Debug for project CLICK_MODE ****
make -j16 all 
arm-none-eabi-gcc "../Src/CLICK_MODE.c" -mcpu=cortex-m3 -std=gnu11 -g3 -DSTM32 -DSTM32F1 -DSTM32F103C8Tx -DDEBUG -c -I../Inc -I"C:/E/embedded/test/final simulation code for my assignments/Unit7_MCU_Essential_Peripherals_lesson1_GPIO/click_mode/CLICK_MODE/Src/inc" -O0 -ffunction-sections -fdata-sections -Wall -fstack-usage -MMD -MP -MF"Src/CLICK_MODE.d" -MT"Src/CLICK_MODE.o" --specs=nano.specs -mfloat-abi=soft -mthumb -o "Src/CLICK_MODE.o"
arm-none-eabi-gcc -o "CLICK_MODE.axf" @"objects.list"   -mcpu=cortex-m3 -T"C:\E\embedded\test\final simulation code for my assignments\Unit7_MCU_Essential_Peripherals_lesson1_GPIO\click_mode\CLICK_MODE\STM32F103C8TX_FLASH.ld" --specs=nosys.specs -Wl,-Map="CLICK_MODE.map" -Wl,--gc-sections -static --specs=nano.specs -mfloat-abi=soft -mthumb -Wl,--start-group -lc -lm -Wl,--end-group
Finished building target: CLICK_MODE.axf
 
arm-none-eabi-objdump -h -S  CLICK_MODE.axf  > "CLICK_MODE.list"
arm-none-eabi-objcopy  -O binary  CLICK_MODE.axf  "CLICK_MODE.bin"
arm-none-eabi-size   CLICK_MODE.axf 
   text	   data	    bss	    dec	    hex	filename
   7256	     44	   1820	   9120	   23a0	CLICK_MODE.axf
Finished building: default.size.stdout
 
Finished building: CLICK_MODE.bin
Finished building: CLICK_MODE.list
 
 
22:32:04 **** Incremental Build of configuration Debug for project CLICK_MODE ****
make -j16 all 
arm-none-eabi-size   CLICK_MODE.axf 
   text	   data	    bss	    dec	    hex	filename
   7256	     44	   1820	   9120	   23a0	CLICK_MODE.axf
Finished building: default.size.stdout
 
22:32:48 **** Incremental Build of configuration Debug for project CLICK_MODE ****
make -j16 all 
arm-none-eabi-gcc "../Src/main.c" -mcpu=cortex-m3 -std=gnu11 -g3 -DSTM32 -DSTM32F1 -DSTM32F103C8Tx -DDEBUG -c -I../Inc -I"C:/E/embedded/test/final simulation code for my assignments/Unit7_MCU_Essential_Peripherals_lesson1_GPIO/click_mode/CLICK_MODE/Src/inc" -O0 -ffunction-sections -fdata-sections -Wall -fstack-usage -MMD -MP -MF"Src/main.d" -MT"Src/main.o" --specs=nano.specs -mfloat-abi=soft -mthumb -o "Src/main.o"
arm-none-eabi-gcc -o "CLICK_MODE.axf" @"objects.list"   -mcpu=cortex-m3 -T"C:\E\embedded\test\final simulation code for my assignments\Unit7_MCU_Essential_Peripherals_lesson1_GPIO\click_mode\CLICK_MODE\STM32F103C8TX_FLASH.ld" --specs=nosys.specs -Wl,-Map="CLICK_MODE.map" -Wl,--gc-sections -static --specs=nano.specs -mfloat-abi=soft -mthumb -Wl,--start-group -lc -lm -Wl,--end-group
Finished building target: CLICK_MODE.axf
 
arm-none-eabi-objdump -h -S  CLICK_MODE.axf  > "CLICK_MODE.list"
arm-none-eabi-objcopy  -O binary  CLICK_MODE.axf  "CLICK_MODE.bin"
arm-none-eabi-size   CLICK_MODE.axf 
   text	   data	    bss	    dec	    hex	filename
   7272	     44	   1820	   9136	   23b0	CLICK_MODE.axf
Finished building: default.size.stdout
 
Finished building: CLICK_MODE.bin
 
Finished building: CLICK_MODE.list
 
22:32:50 **** Incremental Build of configuration Debug for project CLICK_MODE ****
make -j16 all 
arm-none-eabi-size   CLICK_MODE.axf 
   text	   data	    bss	    dec	    hex	filename
   7272	     44	   1820	   9136	   23b0	CLICK_MODE.axf
Finished building: default.size.stdout
 
